{"numTotalTestSuites":156,"numPassedTestSuites":155,"numFailedTestSuites":1,"numPendingTestSuites":0,"numTotalTests":313,"numPassedTests":313,"numFailedTests":0,"numPendingTests":0,"numTodoTests":0,"snapshot":{"added":0,"failure":false,"filesAdded":0,"filesRemoved":0,"filesRemovedList":[],"filesUnmatched":0,"filesUpdated":0,"matched":0,"total":0,"unchecked":0,"uncheckedKeysByFile":[],"unmatched":0,"updated":0,"didUpdate":false},"startTime":1777715439355,"success":false,"testResults":[{"assertionResults":[],"startTime":1777715439355,"endTime":1777715439355,"status":"failed","message":"Cannot find module './messageConsumerPact'\nRequire stack:\n- /Users/oliver-marcuseder/01-vibe-coding/00-Basektball/basketball-app/node_modules/@pact-foundation/pact/src/index.js","name":"/Users/oliver-marcuseder/01-vibe-coding/00-Basektball/basketball-app/tests/contract/BBBApi.comprehensive.pact.test.ts"},{"assertionResults":[{"ancestorTitles":["Onboarding V3: Lokale Club-Daten Integration","ClubDataService"],"fullName":"Onboarding V3: Lokale Club-Daten Integration ClubDataService sollte Metadaten korrekt laden","status":"passed","title":"sollte Metadaten korrekt laden","duration":1.0946250000000077,"failureMessages":[],"meta":{}},{"ancestorTitles":["Onboarding V3: Lokale Club-Daten Integration","ClubDataService"],"fullName":"Onboarding V3: Lokale Club-Daten Integration ClubDataService sollte Clubs nach Namen suchen","status":"passed","title":"sollte Clubs nach Namen suchen","duration":0.313666000000012,"failureMessages":[],"meta":{}},{"ancestorTitles":["Onboarding V3: Lokale Club-Daten Integration","ClubDataService"],"fullName":"Onboarding V3: Lokale Club-Daten Integration ClubDataService sollte Clubs nach Verband filtern","status":"passed","title":"sollte Clubs nach Verband filtern","duration":6.2690000000000055,"failureMessages":[],"meta":{}},{"ancestorTitles":["Onboarding V3: Lokale Club-Daten Integration","ClubDataService"],"fullName":"Onboarding V3: Lokale Club-Daten Integration ClubDataService sollte leere Suche alle Clubs zurückgeben","status":"passed","title":"sollte leere Suche alle Clubs zurückgeben","duration":0.3802079999999819,"failureMessages":[],"meta":{}},{"ancestorTitles":["Onboarding V3: Lokale Club-Daten Integration","Club Details (Lazy Loading)"],"fullName":"Onboarding V3: Lokale Club-Daten Integration Club Details (Lazy Loading) sollte Club-Details aus Chunk laden","status":"passed","title":"sollte Club-Details aus Chunk laden","duration":5.637292000000002,"failureMessages":[],"meta":{}},{"ancestorTitles":["Onboarding V3: Lokale Club-Daten Integration","Club Details (Lazy Loading)"],"fullName":"Onboarding V3: Lokale Club-Daten Integration Club Details (Lazy Loading) sollte null für nicht existierenden Club zurückgeben","status":"passed","title":"sollte null für nicht existierenden Club zurückgeben","duration":0.5509580000000369,"failureMessages":[],"meta":{}},{"ancestorTitles":["Onboarding V3: Lokale Club-Daten Integration","Club Details (Lazy Loading)"],"fullName":"Onboarding V3: Lokale Club-Daten Integration Club Details (Lazy Loading) sollte Chunks cachen","status":"passed","title":"sollte Chunks cachen","duration":0.6095419999999763,"failureMessages":[],"meta":{}},{"ancestorTitles":["Onboarding V3: Lokale Club-Daten Integration","Verband-Filter"],"fullName":"Onboarding V3: Lokale Club-Daten Integration Verband-Filter sollte nur Clubs aus gewählten Verbänden zurückgeben","status":"passed","title":"sollte nur Clubs aus gewählten Verbänden zurückgeben","duration":0.366958000000011,"failureMessages":[],"meta":{}},{"ancestorTitles":["Onboarding V3: Lokale Club-Daten Integration","Verband-Filter"],"fullName":"Onboarding V3: Lokale Club-Daten Integration Verband-Filter sollte Clubs in mehreren Verbänden finden","status":"passed","title":"sollte Clubs in mehreren Verbänden finden","duration":3.266290999999967,"failureMessages":[],"meta":{}},{"ancestorTitles":["Onboarding V3: Lokale Club-Daten Integration","Performance"],"fullName":"Onboarding V3: Lokale Club-Daten Integration Performance sollte Suche schnell sein (<100ms)","status":"passed","title":"sollte Suche schnell sein (<100ms)","duration":0.2941250000000082,"failureMessages":[],"meta":{}},{"ancestorTitles":["Onboarding V3: Lokale Club-Daten Integration","Performance"],"fullName":"Onboarding V3: Lokale Club-Daten Integration Performance sollte Metadaten-Zugriff sehr schnell sein (<10ms)","status":"passed","title":"sollte Metadaten-Zugriff sehr schnell sein (<10ms)","duration":0.06729100000001154,"failureMessages":[],"meta":{}},{"ancestorTitles":["Onboarding V3: Lokale Club-Daten Integration","Daten-Validierung"],"fullName":"Onboarding V3: Lokale Club-Daten Integration Daten-Validierung sollte valide Club-Struktur haben","status":"passed","title":"sollte valide Club-Struktur haben","duration":0.5707909999999856,"failureMessages":[],"meta":{}},{"ancestorTitles":["Onboarding V3: Lokale Club-Daten Integration","Daten-Validierung"],"fullName":"Onboarding V3: Lokale Club-Daten Integration Daten-Validierung sollte Teams mit korrekten Daten haben","status":"passed","title":"sollte Teams mit korrekten Daten haben","duration":0.21987500000000182,"failureMessages":[],"meta":{}},{"ancestorTitles":["Onboarding V3: Lokale Club-Daten Integration","Edge Cases"],"fullName":"Onboarding V3: Lokale Club-Daten Integration Edge Cases sollte leere Ergebnisse für unbekannten Suchbegriff zurückgeben","status":"passed","title":"sollte leere Ergebnisse für unbekannten Suchbegriff zurückgeben","duration":0.1153749999999718,"failureMessages":[],"meta":{}},{"ancestorTitles":["Onboarding V3: Lokale Club-Daten Integration","Edge Cases"],"fullName":"Onboarding V3: Lokale Club-Daten Integration Edge Cases sollte Sonderzeichen in Suche handhaben","status":"passed","title":"sollte Sonderzeichen in Suche handhaben","duration":0.13254100000000335,"failureMessages":[],"meta":{}},{"ancestorTitles":["Onboarding V3: Lokale Club-Daten Integration","Edge Cases"],"fullName":"Onboarding V3: Lokale Club-Daten Integration Edge Cases sollte Case-Insensitive Suche durchführen","status":"passed","title":"sollte Case-Insensitive Suche durchführen","duration":0.9049170000000117,"failureMessages":[],"meta":{}}],"startTime":1777715442331,"endTime":1777715442352.905,"status":"passed","message":"","name":"/Users/oliver-marcuseder/01-vibe-coding/00-Basektball/basketball-app/tests/integration/onboarding-local-data.test.ts"},{"assertionResults":[{"ancestorTitles":["Onboarding Team-Merge Integration (v7.0)"],"fullName":"Onboarding Team-Merge Integration (v7.0) should merge User-Team with Sync-Team and update Spiele references","status":"passed","title":"should merge User-Team with Sync-Team and update Spiele references","duration":26.878417000000013,"failureMessages":[],"meta":{}},{"ancestorTitles":["Onboarding Team-Merge Integration (v7.0)"],"fullName":"Onboarding Team-Merge Integration (v7.0) should find Spiele by heim_team_id and gast_team_id after merge","status":"passed","title":"should find Spiele by heim_team_id and gast_team_id after merge","duration":2.3299590000000308,"failureMessages":[],"meta":{}}],"startTime":1777715441930,"endTime":1777715441959.33,"status":"passed","message":"","name":"/Users/oliver-marcuseder/01-vibe-coding/00-Basektball/basketball-app/tests/integration/onboarding/team-merge.test.ts"},{"assertionResults":[{"ancestorTitles":["SpielerService Integration Tests","Contract: createSpieler → Database"],"fullName":"SpielerService Integration Tests Contract: createSpieler → Database sollte Contract für vollständigen Spieler erfüllen","status":"passed","title":"sollte Contract für vollständigen Spieler erfüllen","duration":18.677166999999997,"failureMessages":[],"meta":{}},{"ancestorTitles":["SpielerService Integration Tests","Contract: createSpieler → Database"],"fullName":"SpielerService Integration Tests Contract: createSpieler → Database sollte Contract für minimalen Spieler erfüllen","status":"passed","title":"sollte Contract für minimalen Spieler erfüllen","duration":5.578792000000021,"failureMessages":[],"meta":{}},{"ancestorTitles":["SpielerService Integration Tests","Contract: getSpielerByTeam → Database"],"fullName":"SpielerService Integration Tests Contract: getSpielerByTeam → Database sollte alle Spieler eines Teams zurückgeben","status":"passed","title":"sollte alle Spieler eines Teams zurückgeben","duration":11.161959000000024,"failureMessages":[],"meta":{}},{"ancestorTitles":["SpielerService Integration Tests","Contract: getSpielerByTeam → Database"],"fullName":"SpielerService Integration Tests Contract: getSpielerByTeam → Database sollte Filter korrekt an Database weitergeben","status":"passed","title":"sollte Filter korrekt an Database weitergeben","duration":6.2409999999999854,"failureMessages":[],"meta":{}},{"ancestorTitles":["SpielerService Integration Tests","Contract: updateSpieler → Database"],"fullName":"SpielerService Integration Tests Contract: updateSpieler → Database sollte partielle Updates korrekt durchführen","status":"passed","title":"sollte partielle Updates korrekt durchführen","duration":8.148625000000038,"failureMessages":[],"meta":{}},{"ancestorTitles":["SpielerService Integration Tests","Contract: updateSpieler → Database"],"fullName":"SpielerService Integration Tests Contract: updateSpieler → Database sollte Fehler bei nicht existierendem Spieler werfen","status":"passed","title":"sollte Fehler bei nicht existierendem Spieler werfen","duration":9.335708000000011,"failureMessages":[],"meta":{}},{"ancestorTitles":["SpielerService Integration Tests","Contract: deleteSpieler → Database"],"fullName":"SpielerService Integration Tests Contract: deleteSpieler → Database sollte Spieler aus Database entfernen","status":"passed","title":"sollte Spieler aus Database entfernen","duration":6.217624999999998,"failureMessages":[],"meta":{}},{"ancestorTitles":["SpielerService Integration Tests","Contract: Concurrent Operations"],"fullName":"SpielerService Integration Tests Contract: Concurrent Operations sollte gleichzeitige Operationen korrekt verarbeiten","status":"passed","title":"sollte gleichzeitige Operationen korrekt verarbeiten","duration":8.502042000000017,"failureMessages":[],"meta":{}},{"ancestorTitles":["SpielerService Integration Tests","Contract: Data Integrity"],"fullName":"SpielerService Integration Tests Contract: Data Integrity sollte Datenintegrität bei komplexen Szenarien wahren","status":"passed","title":"sollte Datenintegrität bei komplexen Szenarien wahren","duration":7.469791999999984,"failureMessages":[],"meta":{}},{"ancestorTitles":["SpielerService Integration Tests","Contract: Error Handling"],"fullName":"SpielerService Integration Tests Contract: Error Handling sollte Validierungsfehler korrekt propagieren","status":"passed","title":"sollte Validierungsfehler korrekt propagieren","duration":6.269999999999982,"failureMessages":[],"meta":{}},{"ancestorTitles":["SpielerService Integration Tests","Contract: Error Handling"],"fullName":"SpielerService Integration Tests Contract: Error Handling sollte Database-Fehler korrekt behandeln","status":"passed","title":"sollte Database-Fehler korrekt behandeln","duration":4.728749999999991,"failureMessages":[],"meta":{}}],"startTime":1777715440917,"endTime":1777715441009.7288,"status":"passed","message":"","name":"/Users/oliver-marcuseder/01-vibe-coding/00-Basektball/basketball-app/tests/integration/spieler/SpielerService.integration.test.ts"},{"assertionResults":[{"ancestorTitles":["AppStore - Multi-Team Support","setMyTeams"],"fullName":"AppStore - Multi-Team Support setMyTeams should store multiple team IDs","status":"passed","title":"should store multiple team IDs","duration":1.1559579999999983,"failureMessages":[],"meta":{}},{"ancestorTitles":["AppStore - Multi-Team Support","setMyTeams"],"fullName":"AppStore - Multi-Team Support setMyTeams should set first team as current when no team is selected","status":"passed","title":"should set first team as current when no team is selected","duration":0.1801250000000323,"failureMessages":[],"meta":{}},{"ancestorTitles":["AppStore - Multi-Team Support","setMyTeams"],"fullName":"AppStore - Multi-Team Support setMyTeams should not change current team if already set","status":"passed","title":"should not change current team if already set","duration":0.20483300000000781,"failureMessages":[],"meta":{}},{"ancestorTitles":["AppStore - Multi-Team Support","setMyTeams"],"fullName":"AppStore - Multi-Team Support setMyTeams should handle empty array","status":"passed","title":"should handle empty array","duration":0.30879099999998516,"failureMessages":[],"meta":{}},{"ancestorTitles":["AppStore - Multi-Team Support","switchTeam"],"fullName":"AppStore - Multi-Team Support switchTeam should switch to valid team","status":"passed","title":"should switch to valid team","duration":0.16158300000000736,"failureMessages":[],"meta":{}},{"ancestorTitles":["AppStore - Multi-Team Support","switchTeam"],"fullName":"AppStore - Multi-Team Support switchTeam should not switch to non-existent team","status":"passed","title":"should not switch to non-existent team","duration":0.46258399999999256,"failureMessages":[],"meta":{}},{"ancestorTitles":["AppStore - Multi-Team Support","switchTeam"],"fullName":"AppStore - Multi-Team Support switchTeam should switch between multiple teams","status":"passed","title":"should switch between multiple teams","duration":0.1478749999999991,"failureMessages":[],"meta":{}},{"ancestorTitles":["AppStore - Multi-Team Support","switchTeam"],"fullName":"AppStore - Multi-Team Support switchTeam should log warning when switching to invalid team","status":"passed","title":"should log warning when switching to invalid team","duration":1.2645410000000084,"failureMessages":[],"meta":{}},{"ancestorTitles":["AppStore - Multi-Team Support","reset"],"fullName":"AppStore - Multi-Team Support reset should reset myTeamIds to empty array","status":"passed","title":"should reset myTeamIds to empty array","duration":0.31116700000001174,"failureMessages":[],"meta":{}},{"ancestorTitles":["AppStore - Multi-Team Support","persistence"],"fullName":"AppStore - Multi-Team Support persistence should persist myTeamIds","status":"passed","title":"should persist myTeamIds","duration":0.08791700000000446,"failureMessages":[],"meta":{}},{"ancestorTitles":["AppStore - Multi-Team Support","edge cases"],"fullName":"AppStore - Multi-Team Support edge cases should handle null values gracefully","status":"passed","title":"should handle null values gracefully","duration":0.057041999999967175,"failureMessages":[],"meta":{}},{"ancestorTitles":["AppStore - Multi-Team Support","edge cases"],"fullName":"AppStore - Multi-Team Support edge cases should handle single team correctly","status":"passed","title":"should handle single team correctly","duration":0.08174999999999955,"failureMessages":[],"meta":{}}],"startTime":1777715442331,"endTime":1777715442336.088,"status":"passed","message":"","name":"/Users/oliver-marcuseder/01-vibe-coding/00-Basektball/basketball-app/tests/unit/stores/appStore.test.ts"},{"assertionResults":[{"ancestorTitles":["SpielService Integration Tests","Contract: createSpiel → Database"],"fullName":"SpielService Integration Tests Contract: createSpiel → Database sollte Contract für vollständiges Spiel erfüllen","status":"passed","title":"sollte Contract für vollständiges Spiel erfüllen","duration":22.780416000000002,"failureMessages":[],"meta":{}},{"ancestorTitles":["SpielService Integration Tests","Contract: createSpiel → Database"],"fullName":"SpielService Integration Tests Contract: createSpiel → Database sollte Contract für minimales Spiel erfüllen","status":"passed","title":"sollte Contract für minimales Spiel erfüllen","duration":5.952292,"failureMessages":[],"meta":{}},{"ancestorTitles":["SpielService Integration Tests","Contract: getSpieleByTeam → Database"],"fullName":"SpielService Integration Tests Contract: getSpieleByTeam → Database sollte alle Spiele eines Teams chronologisch sortiert zurückgeben","status":"passed","title":"sollte alle Spiele eines Teams chronologisch sortiert zurückgeben","duration":11.645500000000027,"failureMessages":[],"meta":{}},{"ancestorTitles":["SpielService Integration Tests","Contract: getSpieleByTeam → Database"],"fullName":"SpielService Integration Tests Contract: getSpieleByTeam → Database sollte Filter korrekt an Database weitergeben","status":"passed","title":"sollte Filter korrekt an Database weitergeben","duration":8.043000000000006,"failureMessages":[],"meta":{}},{"ancestorTitles":["SpielService Integration Tests","Contract: getNextSpiel → Database"],"fullName":"SpielService Integration Tests Contract: getNextSpiel → Database sollte das nächste zukünftige Spiel finden","status":"passed","title":"sollte das nächste zukünftige Spiel finden","duration":11.635499999999979,"failureMessages":[],"meta":{}},{"ancestorTitles":["SpielService Integration Tests","Contract: BBB-Integration"],"fullName":"SpielService Integration Tests Contract: BBB-Integration sollte Spiel anhand BBB-Spielnummer finden","status":"passed","title":"sollte Spiel anhand BBB-Spielnummer finden","duration":7.190791999999988,"failureMessages":[],"meta":{}},{"ancestorTitles":["SpielService Integration Tests","Contract: Team-Statistiken"],"fullName":"SpielService Integration Tests Contract: Team-Statistiken sollte Statistiken korrekt berechnen","status":"passed","title":"sollte Statistiken korrekt berechnen","duration":6.005417000000023,"failureMessages":[],"meta":{}},{"ancestorTitles":["SpielService Integration Tests","Contract: Concurrent Operations"],"fullName":"SpielService Integration Tests Contract: Concurrent Operations sollte gleichzeitige Operationen korrekt verarbeiten","status":"passed","title":"sollte gleichzeitige Operationen korrekt verarbeiten","duration":8.430666999999971,"failureMessages":[],"meta":{}},{"ancestorTitles":["SpielService Integration Tests","Contract: Data Integrity"],"fullName":"SpielService Integration Tests Contract: Data Integrity sollte Datenintegrität bei komplexen Workflows wahren","status":"passed","title":"sollte Datenintegrität bei komplexen Workflows wahren","duration":8.006958999999995,"failureMessages":[],"meta":{}}],"startTime":1777715441345,"endTime":1777715441436.007,"status":"passed","message":"","name":"/Users/oliver-marcuseder/01-vibe-coding/00-Basektball/basketball-app/tests/integration/spielplan/SpielService.integration.test.ts"},{"assertionResults":[{"ancestorTitles":["SimplifiedTeamStep","Rendering"],"fullName":"SimplifiedTeamStep Rendering zeigt Team-Liste aus dem Verein","status":"passed","title":"zeigt Team-Liste aus dem Verein","duration":15.005499999999984,"failureMessages":[],"meta":{}},{"ancestorTitles":["SimplifiedTeamStep","Rendering"],"fullName":"SimplifiedTeamStep Rendering zeigt Vereins-Name im Header","status":"passed","title":"zeigt Vereins-Name im Header","duration":2.733083000000022,"failureMessages":[],"meta":{}},{"ancestorTitles":["SimplifiedTeamStep","Rendering"],"fullName":"SimplifiedTeamStep Rendering zeigt Meldung wenn kein Verein Teams hat","status":"passed","title":"zeigt Meldung wenn kein Verein Teams hat","duration":3.3134999999999764,"failureMessages":[],"meta":{}},{"ancestorTitles":["SimplifiedTeamStep","Rendering"],"fullName":"SimplifiedTeamStep Rendering Weiter-Button ist disabled ohne Auswahl","status":"passed","title":"Weiter-Button ist disabled ohne Auswahl","duration":6.640625,"failureMessages":[],"meta":{}},{"ancestorTitles":["SimplifiedTeamStep","Rendering"],"fullName":"SimplifiedTeamStep Rendering Weiter-Button ist enabled mit Auswahl","status":"passed","title":"Weiter-Button ist enabled mit Auswahl","duration":3.924416000000008,"failureMessages":[],"meta":{}},{"ancestorTitles":["SimplifiedTeamStep","Team-Auswahl"],"fullName":"SimplifiedTeamStep Team-Auswahl ruft setSelectedTeam auf bei Radio-Klick","status":"passed","title":"ruft setSelectedTeam auf bei Radio-Klick","duration":18.226166999999975,"failureMessages":[],"meta":{}},{"ancestorTitles":["SimplifiedTeamStep","Team-Auswahl"],"fullName":"SimplifiedTeamStep Team-Auswahl ruft onNext mit ausgewähltem Team auf","status":"passed","title":"ruft onNext mit ausgewähltem Team auf","duration":9.267584000000056,"failureMessages":[],"meta":{}},{"ancestorTitles":["SimplifiedTeamStep","Team-Auswahl"],"fullName":"SimplifiedTeamStep Team-Auswahl zeigt teamPermanentId als ID","status":"passed","title":"zeigt teamPermanentId als ID","duration":1.5567080000000715,"failureMessages":[],"meta":{}},{"ancestorTitles":["SimplifiedTeamStep","Navigation"],"fullName":"SimplifiedTeamStep Navigation Zurück-Button ruft onBack auf","status":"passed","title":"Zurück-Button ruft onBack auf","duration":9.582665999999904,"failureMessages":[],"meta":{}}],"startTime":1777715441925,"endTime":1777715441995.5828,"status":"passed","message":"","name":"/Users/oliver-marcuseder/01-vibe-coding/00-Basektball/basketball-app/tests/unit/domains/onboarding/SimplifiedTeamStep.test.tsx"},{"assertionResults":[{"ancestorTitles":["SimplifiedVereinStep","Ladestate"],"fullName":"SimplifiedVereinStep Ladestate zeigt Ladeanzeige wenn clubs noch nicht geladen","status":"passed","title":"zeigt Ladeanzeige wenn clubs noch nicht geladen","duration":12.669999999999959,"failureMessages":[],"meta":{}},{"ancestorTitles":["SimplifiedVereinStep","Ladestate"],"fullName":"SimplifiedVereinStep Ladestate zeigt Fehlermeldung bei Ladefehler","status":"passed","title":"zeigt Fehlermeldung bei Ladefehler","duration":6.887125000000026,"failureMessages":[],"meta":{}},{"ancestorTitles":["SimplifiedVereinStep","Ladestate"],"fullName":"SimplifiedVereinStep Ladestate zeigt Vereinsliste nach erfolgreichem Laden","status":"passed","title":"zeigt Vereinsliste nach erfolgreichem Laden","duration":17.07650000000001,"failureMessages":[],"meta":{}},{"ancestorTitles":["SimplifiedVereinStep","Vereinsauswahl"],"fullName":"SimplifiedVereinStep Vereinsauswahl rendert Suchfeld","status":"passed","title":"rendert Suchfeld","duration":3.5136249999999905,"failureMessages":[],"meta":{}},{"ancestorTitles":["SimplifiedVereinStep","Vereinsauswahl"],"fullName":"SimplifiedVereinStep Vereinsauswahl rendert Weiter-Button als disabled ohne Auswahl","status":"passed","title":"rendert Weiter-Button als disabled ohne Auswahl","duration":4.548833000000002,"failureMessages":[],"meta":{}},{"ancestorTitles":["SimplifiedVereinStep","Vereinsauswahl"],"fullName":"SimplifiedVereinStep Vereinsauswahl ruft setSelectedClub auf wenn Verein gewählt wird","status":"passed","title":"ruft setSelectedClub auf wenn Verein gewählt wird","duration":18.000374999999963,"failureMessages":[],"meta":{}},{"ancestorTitles":["SimplifiedVereinStep","Vereinsauswahl"],"fullName":"SimplifiedVereinStep Vereinsauswahl ruft onNext auf wenn Verein ausgewählt und Weiter geklickt","status":"passed","title":"ruft onNext auf wenn Verein ausgewählt und Weiter geklickt","duration":10.14224999999999,"failureMessages":[],"meta":{}},{"ancestorTitles":["SimplifiedVereinStep","Navigation"],"fullName":"SimplifiedVereinStep Navigation Zurück-Button ruft onBack auf","status":"passed","title":"Zurück-Button ruft onBack auf","duration":10.337583999999993,"failureMessages":[],"meta":{}}],"startTime":1777715441924,"endTime":1777715442007.3376,"status":"passed","message":"","name":"/Users/oliver-marcuseder/01-vibe-coding/00-Basektball/basketball-app/tests/unit/domains/onboarding/SimplifiedVereinStep.test.tsx"},{"assertionResults":[{"ancestorTitles":["Database v7.0 - Team-Liga-Relationships","Team Schema v7.0"],"fullName":"Database v7.0 - Team-Liga-Relationships Team Schema v7.0 Team sollte extern_permanent_id haben (nicht extern_team_id)","status":"passed","title":"Team sollte extern_permanent_id haben (nicht extern_team_id)","duration":11.935791999999992,"failureMessages":[],"meta":{}},{"ancestorTitles":["Database v7.0 - Team-Liga-Relationships","Team Schema v7.0"],"fullName":"Database v7.0 - Team-Liga-Relationships Team Schema v7.0 Team sollte KEINE altersklasse, saison, liga_id haben","status":"passed","title":"Team sollte KEINE altersklasse, saison, liga_id haben","duration":2.342708000000016,"failureMessages":[],"meta":{}},{"ancestorTitles":["Database v7.0 - Team-Liga-Relationships","Team Schema v7.0"],"fullName":"Database v7.0 - Team-Liga-Relationships Team Schema v7.0 Team sollte über extern_permanent_id dedupliziert werden","status":"passed","title":"Team sollte über extern_permanent_id dedupliziert werden","duration":4.267542000000049,"failureMessages":[],"meta":{}},{"ancestorTitles":["Database v7.0 - Team-Liga-Relationships","TeamLigaParticipation Schema"],"fullName":"Database v7.0 - Team-Liga-Relationships TeamLigaParticipation Schema sollte TeamLigaParticipation erstellen können","status":"passed","title":"sollte TeamLigaParticipation erstellen können","duration":3.600791999999956,"failureMessages":[],"meta":{}},{"ancestorTitles":["Database v7.0 - Team-Liga-Relationships","TeamLigaParticipation Schema"],"fullName":"Database v7.0 - Team-Liga-Relationships TeamLigaParticipation Schema sollte aktive Participation für Team finden","status":"passed","title":"sollte aktive Participation für Team finden","duration":2.5588750000000005,"failureMessages":[],"meta":{}},{"ancestorTitles":["Database v7.0 - Team-Liga-Relationships","TeamLigaParticipation Schema"],"fullName":"Database v7.0 - Team-Liga-Relationships TeamLigaParticipation Schema sollte Team in mehreren Ligen/Saisons spielen können","status":"passed","title":"sollte Team in mehreren Ligen/Saisons spielen können","duration":2.223875000000021,"failureMessages":[],"meta":{}},{"ancestorTitles":["Database v7.0 - Team-Liga-Relationships","TeamLigaParticipation Schema"],"fullName":"Database v7.0 - Team-Liga-Relationships TeamLigaParticipation Schema sollte Compound-Index [team_id+liga_id] nutzen","status":"passed","title":"sollte Compound-Index [team_id+liga_id] nutzen","duration":3.3530419999999594,"failureMessages":[],"meta":{}},{"ancestorTitles":["Database v7.0 - Team-Liga-Relationships","Multi-Season Support"],"fullName":"Database v7.0 - Team-Liga-Relationships Multi-Season Support sollte Team-History über mehrere Saisons tracken","status":"passed","title":"sollte Team-History über mehrere Saisons tracken","duration":1.9496670000000336,"failureMessages":[],"meta":{}}],"startTime":1777715441906,"endTime":1777715441937.9497,"status":"passed","message":"","name":"/Users/oliver-marcuseder/01-vibe-coding/00-Basektball/basketball-app/tests/unit/shared/db/database-v7.test.ts"},{"assertionResults":[{"ancestorTitles":["BBBApiService","getTabelle()"],"fullName":"BBBApiService getTabelle() should correctly map German API response to internal structure","status":"passed","title":"should correctly map German API response to internal structure","duration":2.882249999999999,"failureMessages":[],"meta":{}},{"ancestorTitles":["BBBApiService","getTabelle()"],"fullName":"BBBApiService getTabelle() should handle missing tabelle.entries gracefully","status":"passed","title":"should handle missing tabelle.entries gracefully","duration":0.6282919999999876,"failureMessages":[],"meta":{}},{"ancestorTitles":["BBBApiService","getTabelle()"],"fullName":"BBBApiService getTabelle() should handle API errors","status":"passed","title":"should handle API errors","duration":0.7102080000000228,"failureMessages":[],"meta":{}},{"ancestorTitles":["BBBApiService","getSpielplan()"],"fullName":"BBBApiService getSpielplan() should correctly map German API response to internal structure","status":"passed","title":"should correctly map German API response to internal structure","duration":1.5583330000000046,"failureMessages":[],"meta":{}},{"ancestorTitles":["BBBApiService","getSpielplan()"],"fullName":"BBBApiService getSpielplan() should handle missing venue gracefully","status":"passed","title":"should handle missing venue gracefully","duration":0.3285420000000272,"failureMessages":[],"meta":{}},{"ancestorTitles":["BBBApiService","getSpielplan()"],"fullName":"BBBApiService getSpielplan() should parse result string correctly","status":"passed","title":"should parse result string correctly","duration":0.2782500000000141,"failureMessages":[],"meta":{}},{"ancestorTitles":["BBBApiService","getTeamMatches"],"fullName":"BBBApiService getTeamMatches sollte Team-Matches-Daten abrufen und mappen","status":"passed","title":"sollte Team-Matches-Daten abrufen und mappen","duration":0.7377079999999978,"failureMessages":[],"meta":{}},{"ancestorTitles":["BBBApiService","getTeamMatches"],"fullName":"BBBApiService getTeamMatches sollte Fehler werfen bei ungültiger teamPermanentId","status":"passed","title":"sollte Fehler werfen bei ungültiger teamPermanentId","duration":0.2967500000000314,"failureMessages":[],"meta":{}},{"ancestorTitles":["BBBApiService","getTeamMatches"],"fullName":"BBBApiService getTeamMatches sollte leere matches-Liste handhaben","status":"passed","title":"sollte leere matches-Liste handhaben","duration":0.6246659999999906,"failureMessages":[],"meta":{}},{"ancestorTitles":["BBBApiService","CORS Proxy Handling"],"fullName":"BBBApiService CORS Proxy Handling should route requests via corsproxy.io","status":"passed","title":"should route requests via corsproxy.io","duration":1.2273750000000518,"failureMessages":[],"meta":{}},{"ancestorTitles":["BBBApiService","CORS Proxy Handling"],"fullName":"BBBApiService CORS Proxy Handling should include the target URL encoded in the proxy URL","status":"passed","title":"should include the target URL encoded in the proxy URL","duration":0.3228330000000028,"failureMessages":[],"meta":{}},{"ancestorTitles":["BBBApiService","CORS Proxy Handling"],"fullName":"BBBApiService CORS Proxy Handling should throw on proxy failure","status":"passed","title":"should throw on proxy failure","duration":0.17124999999998636,"failureMessages":[],"meta":{}}],"startTime":1777715442373,"endTime":1777715442383.1711,"status":"passed","message":"","name":"/Users/oliver-marcuseder/01-vibe-coding/00-Basektball/basketball-app/tests/unit/shared/services/BBBApiService.test.ts"},{"assertionResults":[{"ancestorTitles":["BBBSyncService (v7.0)","syncLiga (v7.0)"],"fullName":"BBBSyncService (v7.0) syncLiga (v7.0) sollte eine komplette Liga synchronisieren","status":"passed","title":"sollte eine komplette Liga synchronisieren","duration":32.90070800000001,"failureMessages":[],"meta":{}},{"ancestorTitles":["BBBSyncService (v7.0)","syncLiga (v7.0)"],"fullName":"BBBSyncService (v7.0) syncLiga (v7.0) sollte liga_id in Spiele speichern","status":"passed","title":"sollte liga_id in Spiele speichern","duration":9.592917,"failureMessages":[],"meta":{}},{"ancestorTitles":["BBBSyncService (v7.0)","Altersklassen-Extraktion (v7.0)"],"fullName":"BBBSyncService (v7.0) Altersklassen-Extraktion (v7.0) sollte U10 aus Liga-Name extrahieren","status":"passed","title":"sollte U10 aus Liga-Name extrahieren","duration":5.305457999999987,"failureMessages":[],"meta":{}},{"ancestorTitles":["BBBSyncService (v7.0)","Altersklassen-Extraktion (v7.0)"],"fullName":"BBBSyncService (v7.0) Altersklassen-Extraktion (v7.0) sollte U21 aus Liga-Name extrahieren","status":"passed","title":"sollte U21 aus Liga-Name extrahieren","duration":3.7815840000000094,"failureMessages":[],"meta":{}},{"ancestorTitles":["BBBSyncService (v7.0)","Altersklassen-Extraktion (v7.0)"],"fullName":"BBBSyncService (v7.0) Altersklassen-Extraktion (v7.0) sollte Senioren zurückgeben wenn keine Altersklasse in Jugend-Format","status":"passed","title":"sollte Senioren zurückgeben wenn keine Altersklasse in Jugend-Format","duration":5.71104200000002,"failureMessages":[],"meta":{}},{"ancestorTitles":["BBBSyncService (v7.0)","createOrFindTeam (v7.0)"],"fullName":"BBBSyncService (v7.0) createOrFindTeam (v7.0) sollte Team mit extern_permanent_id erstellen","status":"passed","title":"sollte Team mit extern_permanent_id erstellen","duration":7.131416999999999,"failureMessages":[],"meta":{}},{"ancestorTitles":["BBBSyncService (v7.0)","createOrFindTeam (v7.0)"],"fullName":"BBBSyncService (v7.0) createOrFindTeam (v7.0) sollte keine duplizierten Teams erstellen","status":"passed","title":"sollte keine duplizierten Teams erstellen","duration":5.358791999999994,"failureMessages":[],"meta":{}},{"ancestorTitles":["BBBSyncService (v7.0)","createOrFindTeam (v7.0)"],"fullName":"BBBSyncService (v7.0) createOrFindTeam (v7.0) sollte gleichen Team für gleiche teamPermanentId zurückgeben","status":"passed","title":"sollte gleichen Team für gleiche teamPermanentId zurückgeben","duration":6.187082999999973,"failureMessages":[],"meta":{}},{"ancestorTitles":["BBBSyncService (v7.0)","Altersklasse und Saison Extraktion (v7.0)"],"fullName":"BBBSyncService (v7.0) Altersklasse und Saison Extraktion (v7.0) sollte Team-Altersklasse aus Team-Namen extrahieren, nicht von Liga","status":"passed","title":"sollte Team-Altersklasse aus Team-Namen extrahieren, nicht von Liga","duration":9.326750000000004,"failureMessages":[],"meta":{}},{"ancestorTitles":["BBBSyncService (v7.0)","syncSpielplanForTeam (v7.0)"],"fullName":"BBBSyncService (v7.0) syncSpielplanForTeam (v7.0) sollte getTeamMatches aufrufen und Spiele speichern","status":"passed","title":"sollte getTeamMatches aufrufen und Spiele speichern","duration":9.617791999999952,"failureMessages":[],"meta":{}},{"ancestorTitles":["BBBSyncService (v7.0)","syncSpielplanForTeam (v7.0)"],"fullName":"BBBSyncService (v7.0) syncSpielplanForTeam (v7.0) sollte auf getSpielplan fallen wenn getTeamMatches fehlschlägt","status":"passed","title":"sollte auf getSpielplan fallen wenn getTeamMatches fehlschlägt","duration":8.788374999999974,"failureMessages":[],"meta":{}},{"ancestorTitles":["BBBSyncService (v7.0)","syncSpielplanForTeam (v7.0)"],"fullName":"BBBSyncService (v7.0) syncSpielplanForTeam (v7.0) sollte Fehler werfen bei teamPermanentId <= 0","status":"passed","title":"sollte Fehler werfen bei teamPermanentId <= 0","duration":4.9074170000000095,"failureMessages":[],"meta":{}},{"ancestorTitles":["BBBSyncService (v7.0)","syncTabelleAndTeams (v7.0)"],"fullName":"BBBSyncService (v7.0) syncTabelleAndTeams (v7.0) sollte Tabellendaten korrekt speichern","status":"passed","title":"sollte Tabellendaten korrekt speichern","duration":8.64487500000007,"failureMessages":[],"meta":{}}],"startTime":1777715441378,"endTime":1777715441495.6448,"status":"passed","message":"","name":"/Users/oliver-marcuseder/01-vibe-coding/00-Basektball/basketball-app/tests/unit/shared/services/BBBSyncService.test.ts"},{"assertionResults":[{"ancestorTitles":["ClubDataLoader","loadAllClubs()"],"fullName":"ClubDataLoader loadAllClubs() lädt alle Clubs aus allen Chunks","status":"passed","title":"lädt alle Clubs aus allen Chunks","duration":205.61566699999992,"failureMessages":[],"meta":{}},{"ancestorTitles":["ClubDataLoader","loadAllClubs()"],"fullName":"ClubDataLoader loadAllClubs() sortiert Clubs alphabetisch nach Name","status":"passed","title":"sortiert Clubs alphabetisch nach Name","duration":36.92387499999995,"failureMessages":[],"meta":{}},{"ancestorTitles":["ClubDataLoader","loadAllClubs()"],"fullName":"ClubDataLoader loadAllClubs() cached Ergebnisse beim zweiten Aufruf","status":"passed","title":"cached Ergebnisse beim zweiten Aufruf","duration":18.776499999999942,"failureMessages":[],"meta":{}},{"ancestorTitles":["ClubDataLoader","loadAllClubs()"],"fullName":"ClubDataLoader loadAllClubs() setzt Verein-Daten korrekt","status":"passed","title":"setzt Verein-Daten korrekt","duration":12.49045799999999,"failureMessages":[],"meta":{}},{"ancestorTitles":["ClubDataLoader","searchClubs()"],"fullName":"ClubDataLoader searchClubs() findet Clubs nach Namen","status":"passed","title":"findet Clubs nach Namen","duration":16.794832999999926,"failureMessages":[],"meta":{}},{"ancestorTitles":["ClubDataLoader","searchClubs()"],"fullName":"ClubDataLoader searchClubs() ist case-insensitive","status":"passed","title":"ist case-insensitive","duration":12.994708999999943,"failureMessages":[],"meta":{}},{"ancestorTitles":["ClubDataLoader","searchClubs()"],"fullName":"ClubDataLoader searchClubs() gibt alle Clubs zurück bei leerem Query","status":"passed","title":"gibt alle Clubs zurück bei leerem Query","duration":15.420082999999977,"failureMessages":[],"meta":{}},{"ancestorTitles":["ClubDataLoader","searchClubs()"],"fullName":"ClubDataLoader searchClubs() gibt leeres Array bei nicht gefundenem Club","status":"passed","title":"gibt leeres Array bei nicht gefundenem Club","duration":13.88754199999994,"failureMessages":[],"meta":{}},{"ancestorTitles":["ClubDataLoader","searchClubs()"],"fullName":"ClubDataLoader searchClubs() findet Clubs mit Teilstring","status":"passed","title":"findet Clubs mit Teilstring","duration":12.881375000000048,"failureMessages":[],"meta":{}},{"ancestorTitles":["ClubDataLoader","filterByVerband()"],"fullName":"ClubDataLoader filterByVerband() filtert Clubs nach Verband-ID","status":"passed","title":"filtert Clubs nach Verband-ID","duration":16.480416999999875,"failureMessages":[],"meta":{}},{"ancestorTitles":["ClubDataLoader","filterByVerband()"],"fullName":"ClubDataLoader filterByVerband() gibt alle Clubs zurück bei null","status":"passed","title":"gibt alle Clubs zurück bei null","duration":12.952041999999892,"failureMessages":[],"meta":{}},{"ancestorTitles":["ClubDataLoader","filterByVerband()"],"fullName":"ClubDataLoader filterByVerband() gibt leeres Array bei Verband ohne Clubs","status":"passed","title":"gibt leeres Array bei Verband ohne Clubs","duration":15.211542000000009,"failureMessages":[],"meta":{}},{"ancestorTitles":["ClubDataLoader","searchAndFilter()"],"fullName":"ClubDataLoader searchAndFilter() kombiniert Suche und Verband-Filter","status":"passed","title":"kombiniert Suche und Verband-Filter","duration":19.840541999999914,"failureMessages":[],"meta":{}},{"ancestorTitles":["ClubDataLoader","searchAndFilter()"],"fullName":"ClubDataLoader searchAndFilter() findet nichts bei inkompatiblen Filtern","status":"passed","title":"findet nichts bei inkompatiblen Filtern","duration":19.535917000000154,"failureMessages":[],"meta":{}},{"ancestorTitles":["ClubDataLoader","searchAndFilter()"],"fullName":"ClubDataLoader searchAndFilter() funktioniert nur mit Suche","status":"passed","title":"funktioniert nur mit Suche","duration":18.689959000000044,"failureMessages":[],"meta":{}},{"ancestorTitles":["ClubDataLoader","searchAndFilter()"],"fullName":"ClubDataLoader searchAndFilter() funktioniert nur mit Filter","status":"passed","title":"funktioniert nur mit Filter","duration":20.37695800000006,"failureMessages":[],"meta":{}},{"ancestorTitles":["ClubDataLoader","loadTeamsForClub()"],"fullName":"ClubDataLoader loadTeamsForClub() lädt Teams für einen existierenden Club","status":"passed","title":"lädt Teams für einen existierenden Club","duration":15.414416999999958,"failureMessages":[],"meta":{}},{"ancestorTitles":["ClubDataLoader","loadTeamsForClub()"],"fullName":"ClubDataLoader loadTeamsForClub() gibt leeres Array für nicht-existierenden Club","status":"passed","title":"gibt leeres Array für nicht-existierenden Club","duration":12.505957999999964,"failureMessages":[],"meta":{}},{"ancestorTitles":["ClubDataLoader","loadTeamsForClub()"],"fullName":"ClubDataLoader loadTeamsForClub() setzt Team-Daten korrekt wenn Teams vorhanden","status":"passed","title":"setzt Team-Daten korrekt wenn Teams vorhanden","duration":13.840791999999965,"failureMessages":[],"meta":{}},{"ancestorTitles":["ClubDataLoader","getMetadata()"],"fullName":"ClubDataLoader getMetadata() gibt Metadaten zurück","status":"passed","title":"gibt Metadaten zurück","duration":0.10233299999981682,"failureMessages":[],"meta":{}},{"ancestorTitles":["ClubDataLoader","clearCache()"],"fullName":"ClubDataLoader clearCache() leert den Cache","status":"passed","title":"leert den Cache","duration":28.534167000000025,"failureMessages":[],"meta":{}},{"ancestorTitles":["ClubDataLoader","Performance & Edge Cases"],"fullName":"ClubDataLoader Performance & Edge Cases lädt mehrere Clubs gleichzeitig ohne Race Conditions","status":"passed","title":"lädt mehrere Clubs gleichzeitig ohne Race Conditions","duration":18.28424999999993,"failureMessages":[],"meta":{}},{"ancestorTitles":["ClubDataLoader","Performance & Edge Cases"],"fullName":"ClubDataLoader Performance & Edge Cases handled UTF-8 Sonderzeichen in Namen","status":"passed","title":"handled UTF-8 Sonderzeichen in Namen","duration":21.926249999999982,"failureMessages":[],"meta":{}},{"ancestorTitles":["ClubDataLoader","Performance & Edge Cases"],"fullName":"ClubDataLoader Performance & Edge Cases trimmed Whitespace in Suchanfragen","status":"passed","title":"trimmed Whitespace in Suchanfragen","duration":17.234750000000076,"failureMessages":[],"meta":{}},{"ancestorTitles":["ClubDataLoader","Data Integrity"],"fullName":"ClubDataLoader Data Integrity alle Clubs haben valide Datenstruktur","status":"passed","title":"alle Clubs haben valide Datenstruktur","duration":134.35612500000002,"failureMessages":[],"meta":{}},{"ancestorTitles":["ClubDataLoader","Data Integrity"],"fullName":"ClubDataLoader Data Integrity keine Duplikate in der Club-Liste","status":"passed","title":"keine Duplikate in der Club-Liste","duration":12.861250000000155,"failureMessages":[],"meta":{}},{"ancestorTitles":["ClubDataLoader","Data Integrity"],"fullName":"ClubDataLoader Data Integrity keine leeren Verband-Arrays","status":"passed","title":"keine leeren Verband-Arrays","duration":21.97220900000002,"failureMessages":[],"meta":{}},{"ancestorTitles":["ClubDataLoader","Altersklasse und Saison Extraktion"],"fullName":"ClubDataLoader Altersklasse und Saison Extraktion extrahiert Altersklasse aus teamAkj","status":"passed","title":"extrahiert Altersklasse aus teamAkj","duration":13.275957999999946,"failureMessages":[],"meta":{}},{"ancestorTitles":["ClubDataLoader","Altersklasse und Saison Extraktion"],"fullName":"ClubDataLoader Altersklasse und Saison Extraktion extrahiert U21, U23 und Senioren korrekt","status":"passed","title":"extrahiert U21, U23 und Senioren korrekt","duration":0.4326659999999265,"failureMessages":[],"meta":{}},{"ancestorTitles":["ClubDataLoader","Altersklasse und Saison Extraktion"],"fullName":"ClubDataLoader Altersklasse und Saison Extraktion extrahiert Saison aus seasons","status":"passed","title":"extrahiert Saison aus seasons","duration":14.061874999999873,"failureMessages":[],"meta":{}},{"ancestorTitles":["ClubDataLoader","Altersklasse und Saison Extraktion"],"fullName":"ClubDataLoader Altersklasse und Saison Extraktion verwendet Fallback wenn teamAkj fehlt","status":"passed","title":"verwendet Fallback wenn teamAkj fehlt","duration":13.690833000000111,"failureMessages":[],"meta":{}}],"startTime":1777715440131,"endTime":1777715440939.691,"status":"passed","message":"","name":"/Users/oliver-marcuseder/01-vibe-coding/00-Basektball/basketball-app/tests/unit/shared/services/ClubDataLoader.test.ts"},{"assertionResults":[{"ancestorTitles":["extractLigaIdFromUrl","Query Parameter Extraktion"],"fullName":"extractLigaIdFromUrl Query Parameter Extraktion sollte liga_id aus Query-Parametern extrahieren","status":"passed","title":"sollte liga_id aus Query-Parametern extrahieren","duration":0.9506670000000099,"failureMessages":[],"meta":{}},{"ancestorTitles":["extractLigaIdFromUrl","Query Parameter Extraktion"],"fullName":"extractLigaIdFromUrl Query Parameter Extraktion sollte verschiedene Parameter-Namen unterstützen","status":"passed","title":"sollte verschiedene Parameter-Namen unterstützen","duration":0.27841699999999037,"failureMessages":[],"meta":{}},{"ancestorTitles":["extractLigaIdFromUrl","Path-basierte Extraktion"],"fullName":"extractLigaIdFromUrl Path-basierte Extraktion sollte Liga-ID aus URL-Pfad extrahieren","status":"passed","title":"sollte Liga-ID aus URL-Pfad extrahieren","duration":0.4425420000000031,"failureMessages":[],"meta":{}},{"ancestorTitles":["extractLigaIdFromUrl","Fehlerbehandlung"],"fullName":"extractLigaIdFromUrl Fehlerbehandlung sollte null bei ungültigen Eingaben zurückgeben","status":"passed","title":"sollte null bei ungültigen Eingaben zurückgeben","duration":0.3077090000000453,"failureMessages":[],"meta":{}},{"ancestorTitles":["extractLigaIdFromUrl","Komplexe URLs"],"fullName":"extractLigaIdFromUrl Komplexe URLs sollte Liga-ID aus komplexen BBB URLs extrahieren","status":"passed","title":"sollte Liga-ID aus komplexen BBB URLs extrahieren","duration":0.13779199999999037,"failureMessages":[],"meta":{}},{"ancestorTitles":["extractLigaIdFromUrl","Komplexe URLs"],"fullName":"extractLigaIdFromUrl Komplexe URLs sollte Liga-ID aus Team-Statistik URLs extrahieren","status":"passed","title":"sollte Liga-ID aus Team-Statistik URLs extrahieren","duration":0.05891600000001063,"failureMessages":[],"meta":{}},{"ancestorTitles":["normalizeBBBUrl"],"fullName":"normalizeBBBUrl sollte Protocol hinzufügen wenn fehlt","status":"passed","title":"sollte Protocol hinzufügen wenn fehlt","duration":0.08558299999998553,"failureMessages":[],"meta":{}},{"ancestorTitles":["normalizeBBBUrl"],"fullName":"normalizeBBBUrl sollte print Parameter entfernen","status":"passed","title":"sollte print Parameter entfernen","duration":0.05220800000000736,"failureMessages":[],"meta":{}},{"ancestorTitles":["normalizeBBBUrl"],"fullName":"normalizeBBBUrl sollte trailing slash entfernen","status":"passed","title":"sollte trailing slash entfernen","duration":0.13670799999999872,"failureMessages":[],"meta":{}},{"ancestorTitles":["normalizeBBBUrl"],"fullName":"normalizeBBBUrl sollte leere Strings handhaben","status":"passed","title":"sollte leere Strings handhaben","duration":0.05966599999999289,"failureMessages":[],"meta":{}},{"ancestorTitles":["BBBUrls"],"fullName":"BBBUrls sollte korrekte REST API URLs generieren","status":"passed","title":"sollte korrekte REST API URLs generieren","duration":0.10287499999998317,"failureMessages":[],"meta":{}},{"ancestorTitles":["isBBBUrl"],"fullName":"isBBBUrl sollte BBB URLs erkennen","status":"passed","title":"sollte BBB URLs erkennen","duration":0.07079099999998562,"failureMessages":[],"meta":{}},{"ancestorTitles":["isBBBUrl"],"fullName":"isBBBUrl sollte nicht-BBB URLs ablehnen","status":"passed","title":"sollte nicht-BBB URLs ablehnen","duration":0.0634160000000179,"failureMessages":[],"meta":{}}],"startTime":1777715442663,"endTime":1777715442666.1028,"status":"passed","message":"","name":"/Users/oliver-marcuseder/01-vibe-coding/00-Basektball/basketball-app/tests/unit/shared/utils/urlUtils.test.ts"},{"assertionResults":[{"ancestorTitles":["CSVImportService","generateSpielerTemplate"],"fullName":"CSVImportService generateSpielerTemplate should generate valid CSV template","status":"passed","title":"should generate valid CSV template","duration":12.658666999999923,"failureMessages":[],"meta":{}},{"ancestorTitles":["CSVImportService","generateSpielerTemplate"],"fullName":"CSVImportService generateSpielerTemplate should include erziehungsberechtigte fields","status":"passed","title":"should include erziehungsberechtigte fields","duration":5.0591249999999945,"failureMessages":[],"meta":{}},{"ancestorTitles":["CSVImportService","generateSpielerTemplate"],"fullName":"CSVImportService generateSpielerTemplate should include example row","status":"passed","title":"should include example row","duration":4.4102080000000115,"failureMessages":[],"meta":{}},{"ancestorTitles":["CSVImportService","generateTrikotTemplate"],"fullName":"CSVImportService generateTrikotTemplate should generate valid CSV template","status":"passed","title":"should generate valid CSV template","duration":4.558916999999951,"failureMessages":[],"meta":{}},{"ancestorTitles":["CSVImportService","generateTrikotTemplate"],"fullName":"CSVImportService generateTrikotTemplate should include example rows","status":"passed","title":"should include example rows","duration":4.249000000000024,"failureMessages":[],"meta":{}},{"ancestorTitles":["CSVImportService","generateTrikotTemplate"],"fullName":"CSVImportService generateTrikotTemplate should show Wendejersey and Hose examples","status":"passed","title":"should show Wendejersey and Hose examples","duration":7.713500000000067,"failureMessages":[],"meta":{}},{"ancestorTitles":["CSVImportService","importSpieler"],"fullName":"CSVImportService importSpieler should import spieler from valid CSV","status":"passed","title":"should import spieler from valid CSV","duration":12.106499999999983,"failureMessages":[],"meta":{}},{"ancestorTitles":["CSVImportService","importSpieler"],"fullName":"CSVImportService importSpieler should validate required fields","status":"passed","title":"should validate required fields","duration":7.569083999999975,"failureMessages":[],"meta":{}},{"ancestorTitles":["CSVImportService","importSpieler"],"fullName":"CSVImportService importSpieler should parse geburtsdatum correctly","status":"passed","title":"should parse geburtsdatum correctly","duration":8.138167000000067,"failureMessages":[],"meta":{}},{"ancestorTitles":["CSVImportService","importSpieler"],"fullName":"CSVImportService importSpieler should warn on invalid geburtsdatum","status":"passed","title":"should warn on invalid geburtsdatum","duration":7.72950000000003,"failureMessages":[],"meta":{}},{"ancestorTitles":["CSVImportService","importSpieler"],"fullName":"CSVImportService importSpieler should parse konfektionsgroessen as numbers","status":"passed","title":"should parse konfektionsgroessen as numbers","duration":7.453459000000066,"failureMessages":[],"meta":{}},{"ancestorTitles":["CSVImportService","importSpieler"],"fullName":"CSVImportService importSpieler should set spieler_typ to eigenes_team","status":"passed","title":"should set spieler_typ to eigenes_team","duration":7.6394579999999905,"failureMessages":[],"meta":{}},{"ancestorTitles":["CSVImportService","importSpieler"],"fullName":"CSVImportService importSpieler should set aktiv to true by default","status":"passed","title":"should set aktiv to true by default","duration":9.132624999999962,"failureMessages":[],"meta":{}},{"ancestorTitles":["CSVImportService","importSpieler"],"fullName":"CSVImportService importSpieler should assign correct team_id","status":"passed","title":"should assign correct team_id","duration":6.339167000000089,"failureMessages":[],"meta":{}},{"ancestorTitles":["CSVImportService","importSpieler"],"fullName":"CSVImportService importSpieler should trim whitespace from names","status":"passed","title":"should trim whitespace from names","duration":9.39879099999996,"failureMessages":[],"meta":{}},{"ancestorTitles":["CSVImportService","importSpieler"],"fullName":"CSVImportService importSpieler should handle empty optional fields","status":"passed","title":"should handle empty optional fields","duration":6.7638749999999845,"failureMessages":[],"meta":{}},{"ancestorTitles":["CSVImportService","importSpieler - Erziehungsberechtigte"],"fullName":"CSVImportService importSpieler - Erziehungsberechtigte should create erziehungsberechtigte when email provided","status":"passed","title":"should create erziehungsberechtigte when email provided","duration":7.07066599999996,"failureMessages":[],"meta":{}},{"ancestorTitles":["CSVImportService","importSpieler - Erziehungsberechtigte"],"fullName":"CSVImportService importSpieler - Erziehungsberechtigte should warn when erziehungsberechtigte has no phone","status":"passed","title":"should warn when erziehungsberechtigte has no phone","duration":7.618457999999919,"failureMessages":[],"meta":{}},{"ancestorTitles":["CSVImportService","importSpieler - Erziehungsberechtigte"],"fullName":"CSVImportService importSpieler - Erziehungsberechtigte should reuse erziehungsberechtigte with same email","status":"passed","title":"should reuse erziehungsberechtigte with same email","duration":9.936333000000104,"failureMessages":[],"meta":{}},{"ancestorTitles":["CSVImportService","importSpieler - Erziehungsberechtigte"],"fullName":"CSVImportService importSpieler - Erziehungsberechtigte should create spieler_erziehungsberechtigte relationship","status":"passed","title":"should create spieler_erziehungsberechtigte relationship","duration":14.511624999999981,"failureMessages":[],"meta":{}},{"ancestorTitles":["CSVImportService","importTrikots"],"fullName":"CSVImportService importTrikots should import trikots from valid CSV","status":"passed","title":"should import trikots from valid CSV","duration":9.442042000000015,"failureMessages":[],"meta":{}},{"ancestorTitles":["CSVImportService","importTrikots"],"fullName":"CSVImportService importTrikots should validate required art field","status":"passed","title":"should validate required art field","duration":8.57162500000004,"failureMessages":[],"meta":{}},{"ancestorTitles":["CSVImportService","importTrikots"],"fullName":"CSVImportService importTrikots should validate art values","status":"passed","title":"should validate art values","duration":9.102666999999997,"failureMessages":[],"meta":{}},{"ancestorTitles":["CSVImportService","importTrikots"],"fullName":"CSVImportService importTrikots should validate groesse field","status":"passed","title":"should validate groesse field","duration":6.0038339999999835,"failureMessages":[],"meta":{}},{"ancestorTitles":["CSVImportService","importTrikots"],"fullName":"CSVImportService importTrikots should validate eu_groesse range","status":"passed","title":"should validate eu_groesse range","duration":7.719540999999936,"failureMessages":[],"meta":{}},{"ancestorTitles":["CSVImportService","importTrikots"],"fullName":"CSVImportService importTrikots should parse eu_groesse as number","status":"passed","title":"should parse eu_groesse as number","duration":8.74249999999995,"failureMessages":[],"meta":{}},{"ancestorTitles":["CSVImportService","importTrikots"],"fullName":"CSVImportService importTrikots should set status to verfügbar","status":"passed","title":"should set status to verfügbar","duration":9.978417000000036,"failureMessages":[],"meta":{}},{"ancestorTitles":["CSVImportService","importTrikots"],"fullName":"CSVImportService importTrikots should handle optional nummer field","status":"passed","title":"should handle optional nummer field","duration":13.264291999999955,"failureMessages":[],"meta":{}},{"ancestorTitles":["CSVImportService","importTrikots"],"fullName":"CSVImportService importTrikots should handle optional farbe fields","status":"passed","title":"should handle optional farbe fields","duration":6.699292000000014,"failureMessages":[],"meta":{}},{"ancestorTitles":["CSVImportService","importTrikots"],"fullName":"CSVImportService importTrikots should trim whitespace","status":"passed","title":"should trim whitespace","duration":7.724166999999966,"failureMessages":[],"meta":{}},{"ancestorTitles":["CSVImportService","Error Handling"],"fullName":"CSVImportService Error Handling should handle malformed CSV gracefully","status":"passed","title":"should handle malformed CSV gracefully","duration":7.457292000000052,"failureMessages":[],"meta":{}},{"ancestorTitles":["CSVImportService","Error Handling"],"fullName":"CSVImportService Error Handling should handle empty CSV file","status":"passed","title":"should handle empty CSV file","duration":7.132292000000007,"failureMessages":[],"meta":{}},{"ancestorTitles":["CSVImportService","Error Handling"],"fullName":"CSVImportService Error Handling should handle CSV with only headers","status":"passed","title":"should handle CSV with only headers","duration":5.702041000000008,"failureMessages":[],"meta":{}}],"startTime":1777715440204,"endTime":1777715440472.7021,"status":"passed","message":"","name":"/Users/oliver-marcuseder/01-vibe-coding/00-Basektball/basketball-app/tests/unit/domains/onboarding/services/CSVImportService.test.ts"},{"assertionResults":[{"ancestorTitles":["searchClubs (pure function)"],"fullName":"searchClubs (pure function) findet Verein per Substring (case-insensitive)","status":"passed","title":"findet Verein per Substring (case-insensitive)","duration":1.101333000000011,"failureMessages":[],"meta":{}},{"ancestorTitles":["searchClubs (pure function)"],"fullName":"searchClubs (pure function) findet Verein unabhängig von Groß-/Kleinschreibung","status":"passed","title":"findet Verein unabhängig von Groß-/Kleinschreibung","duration":0.26233400000000984,"failureMessages":[],"meta":{}},{"ancestorTitles":["searchClubs (pure function)"],"fullName":"searchClubs (pure function) gibt leere Liste bei keinem Treffer zurück","status":"passed","title":"gibt leere Liste bei keinem Treffer zurück","duration":0.18037499999996953,"failureMessages":[],"meta":{}},{"ancestorTitles":["searchClubs (pure function)"],"fullName":"searchClubs (pure function) gibt alle Clubs bei leerem Query zurück","status":"passed","title":"gibt alle Clubs bei leerem Query zurück","duration":0.5864579999999933,"failureMessages":[],"meta":{}},{"ancestorTitles":["searchClubs (pure function)"],"fullName":"searchClubs (pure function) gibt alle Clubs bei nur-Leerzeichen Query zurück","status":"passed","title":"gibt alle Clubs bei nur-Leerzeichen Query zurück","duration":0.3987500000000068,"failureMessages":[],"meta":{}},{"ancestorTitles":["useSimpleOnboardingStore","Initial State"],"fullName":"useSimpleOnboardingStore Initial State hat korrekten Initialzustand","status":"passed","title":"hat korrekten Initialzustand","duration":0.7168340000000057,"failureMessages":[],"meta":{}},{"ancestorTitles":["useSimpleOnboardingStore","Navigation"],"fullName":"useSimpleOnboardingStore Navigation navigiert zum nächsten Schritt","status":"passed","title":"navigiert zum nächsten Schritt","duration":0.19487500000002456,"failureMessages":[],"meta":{}},{"ancestorTitles":["useSimpleOnboardingStore","Navigation"],"fullName":"useSimpleOnboardingStore Navigation navigiert zum vorherigen Schritt","status":"passed","title":"navigiert zum vorherigen Schritt","duration":0.08695799999998144,"failureMessages":[],"meta":{}},{"ancestorTitles":["useSimpleOnboardingStore","Navigation"],"fullName":"useSimpleOnboardingStore Navigation geht nicht über den letzten Schritt hinaus","status":"passed","title":"geht nicht über den letzten Schritt hinaus","duration":0.21804200000002538,"failureMessages":[],"meta":{}},{"ancestorTitles":["useSimpleOnboardingStore","Navigation"],"fullName":"useSimpleOnboardingStore Navigation geht nicht vor den ersten Schritt zurück","status":"passed","title":"geht nicht vor den ersten Schritt zurück","duration":0.085125000000005,"failureMessages":[],"meta":{}},{"ancestorTitles":["useSimpleOnboardingStore","Navigation"],"fullName":"useSimpleOnboardingStore Navigation navigiert durch alle Schritte in Reihenfolge","status":"passed","title":"navigiert durch alle Schritte in Reihenfolge","duration":0.1769170000000031,"failureMessages":[],"meta":{}},{"ancestorTitles":["useSimpleOnboardingStore","Navigation"],"fullName":"useSimpleOnboardingStore Navigation setzt Schritt direkt","status":"passed","title":"setzt Schritt direkt","duration":0.12570800000003146,"failureMessages":[],"meta":{}},{"ancestorTitles":["useSimpleOnboardingStore","User Management"],"fullName":"useSimpleOnboardingStore User Management setzt User-Daten","status":"passed","title":"setzt User-Daten","duration":0.09662500000001728,"failureMessages":[],"meta":{}},{"ancestorTitles":["useSimpleOnboardingStore","User Management"],"fullName":"useSimpleOnboardingStore User Management aktualisiert User-Daten","status":"passed","title":"aktualisiert User-Daten","duration":0.10899999999998045,"failureMessages":[],"meta":{}},{"ancestorTitles":["useSimpleOnboardingStore","Club-Suche"],"fullName":"useSimpleOnboardingStore Club-Suche setzt searchQuery","status":"passed","title":"setzt searchQuery","duration":0.05783299999995961,"failureMessages":[],"meta":{}},{"ancestorTitles":["useSimpleOnboardingStore","Club-Suche"],"fullName":"useSimpleOnboardingStore Club-Suche setzt selectedClub und löscht selectedTeam","status":"passed","title":"setzt selectedClub und löscht selectedTeam","duration":0.07758300000000418,"failureMessages":[],"meta":{}},{"ancestorTitles":["useSimpleOnboardingStore","Team-Auswahl"],"fullName":"useSimpleOnboardingStore Team-Auswahl setzt selectedTeam","status":"passed","title":"setzt selectedTeam","duration":0.04716600000000426,"failureMessages":[],"meta":{}},{"ancestorTitles":["useSimpleOnboardingStore","Team-Auswahl"],"fullName":"useSimpleOnboardingStore Team-Auswahl ersetzt vorheriges Team","status":"passed","title":"ersetzt vorheriges Team","duration":0.051208000000031006,"failureMessages":[],"meta":{}},{"ancestorTitles":["useSimpleOnboardingStore","loadClubs"],"fullName":"useSimpleOnboardingStore loadClubs lädt clubs.json und setzt clubsLoaded","status":"passed","title":"lädt clubs.json und setzt clubsLoaded","duration":0.4738749999999641,"failureMessages":[],"meta":{}},{"ancestorTitles":["useSimpleOnboardingStore","loadClubs"],"fullName":"useSimpleOnboardingStore loadClubs setzt clubsError bei Fetch-Fehler","status":"passed","title":"setzt clubsError bei Fetch-Fehler","duration":0.16749999999996135,"failureMessages":[],"meta":{}},{"ancestorTitles":["useSimpleOnboardingStore","loadClubs"],"fullName":"useSimpleOnboardingStore loadClubs lädt clubs nicht nochmal wenn bereits geladen","status":"passed","title":"lädt clubs nicht nochmal wenn bereits geladen","duration":0.1253749999999627,"failureMessages":[],"meta":{}},{"ancestorTitles":["useSimpleOnboardingStore","Error Handling"],"fullName":"useSimpleOnboardingStore Error Handling setzt Fehlermeldung","status":"passed","title":"setzt Fehlermeldung","duration":0.055375000000026375,"failureMessages":[],"meta":{}},{"ancestorTitles":["useSimpleOnboardingStore","Error Handling"],"fullName":"useSimpleOnboardingStore Error Handling löscht Fehlermeldung","status":"passed","title":"löscht Fehlermeldung","duration":0.05104199999999537,"failureMessages":[],"meta":{}},{"ancestorTitles":["useSimpleOnboardingStore","Reset"],"fullName":"useSimpleOnboardingStore Reset setzt alle State-Felder zurück","status":"passed","title":"setzt alle State-Felder zurück","duration":0.14162499999997635,"failureMessages":[],"meta":{}},{"ancestorTitles":["useSimpleOnboardingStore","completeOnboarding Validierung"],"fullName":"useSimpleOnboardingStore completeOnboarding Validierung wirft Fehler wenn User fehlt","status":"passed","title":"wirft Fehler wenn User fehlt","duration":0.6375830000000065,"failureMessages":[],"meta":{}},{"ancestorTitles":["useSimpleOnboardingStore","completeOnboarding Validierung"],"fullName":"useSimpleOnboardingStore completeOnboarding Validierung wirft Fehler wenn Verein fehlt","status":"passed","title":"wirft Fehler wenn Verein fehlt","duration":0.11225000000001728,"failureMessages":[],"meta":{}},{"ancestorTitles":["useSimpleOnboardingStore","completeOnboarding Validierung"],"fullName":"useSimpleOnboardingStore completeOnboarding Validierung wirft Fehler wenn Team fehlt","status":"passed","title":"wirft Fehler wenn Team fehlt","duration":0.10391699999996717,"failureMessages":[],"meta":{}}],"startTime":1777715442387,"endTime":1777715442394.6377,"status":"passed","message":"","name":"/Users/oliver-marcuseder/01-vibe-coding/00-Basektball/basketball-app/tests/unit/domains/onboarding/stores/onboarding-simple.store.test.ts"},{"assertionResults":[{"ancestorTitles":["SpielService","createSpiel"],"fullName":"SpielService createSpiel sollte ein Heimspiel erfolgreich erstellen","status":"passed","title":"sollte ein Heimspiel erfolgreich erstellen","duration":73.54737499999999,"failureMessages":[],"meta":{}},{"ancestorTitles":["SpielService","createSpiel"],"fullName":"SpielService createSpiel sollte ein Auswärtsspiel erstellen können","status":"passed","title":"sollte ein Auswärtsspiel erstellen können","duration":9.902832999999987,"failureMessages":[],"meta":{}},{"ancestorTitles":["SpielService","createSpiel"],"fullName":"SpielService createSpiel sollte Validierungsfehler bei fehlenden Pflichtfeldern werfen","status":"passed","title":"sollte Validierungsfehler bei fehlenden Pflichtfeldern werfen","duration":8.946041999999977,"failureMessages":[],"meta":{}},{"ancestorTitles":["SpielService","getSpielById"],"fullName":"SpielService getSpielById sollte ein Spiel anhand der ID finden","status":"passed","title":"sollte ein Spiel anhand der ID finden","duration":11.614750000000015,"failureMessages":[],"meta":{}},{"ancestorTitles":["SpielService","getSpielById"],"fullName":"SpielService getSpielById sollte null zurückgeben bei nicht existierender ID","status":"passed","title":"sollte null zurückgeben bei nicht existierender ID","duration":6.660665999999992,"failureMessages":[],"meta":{}},{"ancestorTitles":["SpielService","getSpieleByTeam"],"fullName":"SpielService getSpieleByTeam sollte alle Spiele eines Teams zurückgeben","status":"passed","title":"sollte alle Spiele eines Teams zurückgeben","duration":9.771250000000009,"failureMessages":[],"meta":{}},{"ancestorTitles":["SpielService","getSpieleByTeam"],"fullName":"SpielService getSpieleByTeam sollte nur Heimspiele zurückgeben wenn Filter gesetzt","status":"passed","title":"sollte nur Heimspiele zurückgeben wenn Filter gesetzt","duration":6.558082999999897,"failureMessages":[],"meta":{}},{"ancestorTitles":["SpielService","getSpieleByTeam"],"fullName":"SpielService getSpieleByTeam sollte nach Status filtern","status":"passed","title":"sollte nach Status filtern","duration":6.947291000000064,"failureMessages":[],"meta":{}},{"ancestorTitles":["SpielService","getNextSpiel"],"fullName":"SpielService getNextSpiel sollte das nächste anstehende Spiel zurückgeben","status":"passed","title":"sollte das nächste anstehende Spiel zurückgeben","duration":7.182207999999946,"failureMessages":[],"meta":{}},{"ancestorTitles":["SpielService","getNextSpiel"],"fullName":"SpielService getNextSpiel sollte null zurückgeben wenn keine zukünftigen Spiele","status":"passed","title":"sollte null zurückgeben wenn keine zukünftigen Spiele","duration":5.839875000000006,"failureMessages":[],"meta":{}},{"ancestorTitles":["SpielService","updateSpiel"],"fullName":"SpielService updateSpiel sollte ein Spiel aktualisieren","status":"passed","title":"sollte ein Spiel aktualisieren","duration":10.559957999999938,"failureMessages":[],"meta":{}},{"ancestorTitles":["SpielService","updateSpiel"],"fullName":"SpielService updateSpiel sollte Fehler werfen bei nicht existierender ID","status":"passed","title":"sollte Fehler werfen bei nicht existierender ID","duration":8.001958000000059,"failureMessages":[],"meta":{}},{"ancestorTitles":["SpielService","deleteSpiel"],"fullName":"SpielService deleteSpiel sollte ein Spiel löschen","status":"passed","title":"sollte ein Spiel löschen","duration":7.6981250000000045,"failureMessages":[],"meta":{}},{"ancestorTitles":["SpielService","getSpielBySpielNummer"],"fullName":"SpielService getSpielBySpielNummer sollte Spiel anhand der BBB-Spielnummer finden","status":"passed","title":"sollte Spiel anhand der BBB-Spielnummer finden","duration":6.125209000000041,"failureMessages":[],"meta":{}},{"ancestorTitles":["SpielService","getSpielBySpielNummer"],"fullName":"SpielService getSpielBySpielNummer sollte null zurückgeben wenn nicht gefunden","status":"passed","title":"sollte null zurückgeben wenn nicht gefunden","duration":7.153792000000067,"failureMessages":[],"meta":{}},{"ancestorTitles":["SpielService","countSpieleByStatus"],"fullName":"SpielService countSpieleByStatus sollte Spiele nach Status zählen","status":"passed","title":"sollte Spiele nach Status zählen","duration":8.288792000000058,"failureMessages":[],"meta":{}}],"startTime":1777715440746,"endTime":1777715440941.2888,"status":"passed","message":"","name":"/Users/oliver-marcuseder/01-vibe-coding/00-Basektball/basketball-app/tests/unit/domains/spielplan/services/SpielService.test.ts"},{"assertionResults":[{"ancestorTitles":["TeamService - Multi-Team Support","getMyTeams"],"fullName":"TeamService - Multi-Team Support getMyTeams should return all teams for user","status":"passed","title":"should return all teams for user","duration":21.861874999999998,"failureMessages":[],"meta":{}},{"ancestorTitles":["TeamService - Multi-Team Support","getMyTeams"],"fullName":"TeamService - Multi-Team Support getMyTeams should return empty array for user without teams","status":"passed","title":"should return empty array for user without teams","duration":2.2703329999999937,"failureMessages":[],"meta":{}},{"ancestorTitles":["TeamService - Multi-Team Support","getMyTeams"],"fullName":"TeamService - Multi-Team Support getMyTeams should only return eigen teams","status":"passed","title":"should only return eigen teams","duration":2.054833999999971,"failureMessages":[],"meta":{}},{"ancestorTitles":["TeamService - Multi-Team Support","getMyTeams"],"fullName":"TeamService - Multi-Team Support getMyTeams should order teams by created_at","status":"passed","title":"should order teams by created_at","duration":1.6709580000000415,"failureMessages":[],"meta":{}},{"ancestorTitles":["TeamService - Multi-Team Support","getTeamStats"],"fullName":"TeamService - Multi-Team Support getTeamStats should return correct player count","status":"passed","title":"should return correct player count","duration":4.352791000000025,"failureMessages":[],"meta":{}},{"ancestorTitles":["TeamService - Multi-Team Support","getTeamStats"],"fullName":"TeamService - Multi-Team Support getTeamStats should return correct game count","status":"passed","title":"should return correct game count","duration":2.827083000000016,"failureMessages":[],"meta":{}},{"ancestorTitles":["TeamService - Multi-Team Support","getTeamStats"],"fullName":"TeamService - Multi-Team Support getTeamStats should return next game","status":"passed","title":"should return next game","duration":2.636291999999969,"failureMessages":[],"meta":{}},{"ancestorTitles":["TeamService - Multi-Team Support","getTeamStats"],"fullName":"TeamService - Multi-Team Support getTeamStats should return undefined for next game if no future games","status":"passed","title":"should return undefined for next game if no future games","duration":5.196624999999983,"failureMessages":[],"meta":{}},{"ancestorTitles":["TeamService - Multi-Team Support","getTeamStats"],"fullName":"TeamService - Multi-Team Support getTeamStats should return table position if available","status":"passed","title":"should return table position if available","duration":3.486750000000029,"failureMessages":[],"meta":{}},{"ancestorTitles":["TeamService - Multi-Team Support","getTeamStats"],"fullName":"TeamService - Multi-Team Support getTeamStats should return undefined for table position if not available","status":"passed","title":"should return undefined for table position if not available","duration":4.0588750000000005,"failureMessages":[],"meta":{}},{"ancestorTitles":["TeamService - Multi-Team Support","getTeamStats"],"fullName":"TeamService - Multi-Team Support getTeamStats should return zero counts for team without data","status":"passed","title":"should return zero counts for team without data","duration":5.15504199999998,"failureMessages":[],"meta":{}},{"ancestorTitles":["TeamService - Multi-Team Support","edge cases"],"fullName":"TeamService - Multi-Team Support edge cases should handle non-existent team in getTeamStats","status":"passed","title":"should handle non-existent team in getTeamStats","duration":1.7529579999999783,"failureMessages":[],"meta":{}},{"ancestorTitles":["TeamService - Multi-Team Support","edge cases"],"fullName":"TeamService - Multi-Team Support edge cases should handle null user_id in getMyTeams","status":"passed","title":"should handle null user_id in getMyTeams","duration":1.1088750000000118,"failureMessages":[],"meta":{}}],"startTime":1777715441392,"endTime":1777715441451.109,"status":"passed","message":"","name":"/Users/oliver-marcuseder/01-vibe-coding/00-Basektball/basketball-app/tests/unit/domains/team/services/TeamService.test.ts"},{"assertionResults":[{"ancestorTitles":["TeamService v7.0 - TeamLigaParticipation","getActiveParticipation"],"fullName":"TeamService v7.0 - TeamLigaParticipation getActiveParticipation should return active participation","status":"passed","title":"should return active participation","duration":18.832875,"failureMessages":[],"meta":{}},{"ancestorTitles":["TeamService v7.0 - TeamLigaParticipation","getActiveParticipation"],"fullName":"TeamService v7.0 - TeamLigaParticipation getActiveParticipation should return undefined if no active participation","status":"passed","title":"should return undefined if no active participation","duration":4.4424999999999955,"failureMessages":[],"meta":{}},{"ancestorTitles":["TeamService v7.0 - TeamLigaParticipation","getActiveParticipation"],"fullName":"TeamService v7.0 - TeamLigaParticipation getActiveParticipation should return undefined for non-existent team","status":"passed","title":"should return undefined for non-existent team","duration":3.8596670000000017,"failureMessages":[],"meta":{}},{"ancestorTitles":["TeamService v7.0 - TeamLigaParticipation","getAllParticipations"],"fullName":"TeamService v7.0 - TeamLigaParticipation getAllParticipations should return all participations for team","status":"passed","title":"should return all participations for team","duration":5.643624999999986,"failureMessages":[],"meta":{}},{"ancestorTitles":["TeamService v7.0 - TeamLigaParticipation","getAllParticipations"],"fullName":"TeamService v7.0 - TeamLigaParticipation getAllParticipations should return empty array for team without participations","status":"passed","title":"should return empty array for team without participations","duration":2.4568330000000174,"failureMessages":[],"meta":{}},{"ancestorTitles":["TeamService v7.0 - TeamLigaParticipation","getAllParticipations"],"fullName":"TeamService v7.0 - TeamLigaParticipation getAllParticipations should return empty array for non-existent team","status":"passed","title":"should return empty array for non-existent team","duration":3.1513330000000224,"failureMessages":[],"meta":{}},{"ancestorTitles":["TeamService v7.0 - TeamLigaParticipation","getAllParticipations"],"fullName":"TeamService v7.0 - TeamLigaParticipation getAllParticipations should return participations sorted by created_at descending","status":"passed","title":"should return participations sorted by created_at descending","duration":3.82650000000001,"failureMessages":[],"meta":{}},{"ancestorTitles":["TeamService v7.0 - TeamLigaParticipation","getTeamStats with Participation"],"fullName":"TeamService v7.0 - TeamLigaParticipation getTeamStats with Participation should include participation data in stats","status":"passed","title":"should include participation data in stats","duration":5.260500000000036,"failureMessages":[],"meta":{}},{"ancestorTitles":["TeamService v7.0 - TeamLigaParticipation","getTeamStats with Participation"],"fullName":"TeamService v7.0 - TeamLigaParticipation getTeamStats with Participation should find next planned game","status":"passed","title":"should find next planned game","duration":6.958083999999985,"failureMessages":[],"meta":{}},{"ancestorTitles":["TeamService v7.0 - TeamLigaParticipation","getTeamStats with Participation"],"fullName":"TeamService v7.0 - TeamLigaParticipation getTeamStats with Participation should return undefined for altersklasse if no active participation","status":"passed","title":"should return undefined for altersklasse if no active participation","duration":5.050375000000031,"failureMessages":[],"meta":{}},{"ancestorTitles":["TeamService v7.0 - TeamLigaParticipation","getTeamStats with Participation"],"fullName":"TeamService v7.0 - TeamLigaParticipation getTeamStats with Participation should work for team with no participations","status":"passed","title":"should work for team with no participations","duration":2.4992500000000177,"failureMessages":[],"meta":{}},{"ancestorTitles":["TeamService v7.0 - TeamLigaParticipation","createTeam with Participation"],"fullName":"TeamService v7.0 - TeamLigaParticipation createTeam with Participation should create team and participation together","status":"passed","title":"should create team and participation together","duration":5.664999999999964,"failureMessages":[],"meta":{}},{"ancestorTitles":["TeamService v7.0 - TeamLigaParticipation","createTeam with Participation"],"fullName":"TeamService v7.0 - TeamLigaParticipation createTeam with Participation should set extern_permanent_id if provided","status":"passed","title":"should set extern_permanent_id if provided","duration":3.7983330000000137,"failureMessages":[],"meta":{}},{"ancestorTitles":["TeamService v7.0 - TeamLigaParticipation","updateParticipation"],"fullName":"TeamService v7.0 - TeamLigaParticipation updateParticipation should update existing participation","status":"passed","title":"should update existing participation","duration":2.5174579999999764,"failureMessages":[],"meta":{}},{"ancestorTitles":["TeamService v7.0 - TeamLigaParticipation","updateParticipation"],"fullName":"TeamService v7.0 - TeamLigaParticipation updateParticipation should not affect other fields when updating","status":"passed","title":"should not affect other fields when updating","duration":4.799167000000011,"failureMessages":[],"meta":{}},{"ancestorTitles":["TeamService v7.0 - TeamLigaParticipation","addParticipation"],"fullName":"TeamService v7.0 - TeamLigaParticipation addParticipation should add new participation for existing team","status":"passed","title":"should add new participation for existing team","duration":4.263374999999996,"failureMessages":[],"meta":{}},{"ancestorTitles":["TeamService v7.0 - TeamLigaParticipation","addParticipation"],"fullName":"TeamService v7.0 - TeamLigaParticipation addParticipation should set ist_aktiv to false by default if not provided","status":"passed","title":"should set ist_aktiv to false by default if not provided","duration":5.381708000000003,"failureMessages":[],"meta":{}},{"ancestorTitles":["TeamService v7.0 - TeamLigaParticipation","setActiveParticipation"],"fullName":"TeamService v7.0 - TeamLigaParticipation setActiveParticipation should set one participation as active and others as inactive","status":"passed","title":"should set one participation as active and others as inactive","duration":5.7332079999999905,"failureMessages":[],"meta":{}},{"ancestorTitles":["TeamService v7.0 - TeamLigaParticipation","setActiveParticipation"],"fullName":"TeamService v7.0 - TeamLigaParticipation setActiveParticipation should throw error if participation does not belong to team","status":"passed","title":"should throw error if participation does not belong to team","duration":6.815042000000005,"failureMessages":[],"meta":{}}],"startTime":1777715441416,"endTime":1777715441517.815,"status":"passed","message":"","name":"/Users/oliver-marcuseder/01-vibe-coding/00-Basektball/basketball-app/tests/unit/domains/team/services/TeamService.v7.test.ts"},{"assertionResults":[{"ancestorTitles":["SpielerService","createSpieler"],"fullName":"SpielerService createSpieler sollte einen Spieler erfolgreich erstellen","status":"passed","title":"sollte einen Spieler erfolgreich erstellen","duration":15.368416999999965,"failureMessages":[],"meta":{}},{"ancestorTitles":["SpielerService","createSpieler"],"fullName":"SpielerService createSpieler sollte einen Gegenspieler ohne Team erstellen können","status":"passed","title":"sollte einen Gegenspieler ohne Team erstellen können","duration":6.109708000000012,"failureMessages":[],"meta":{}},{"ancestorTitles":["SpielerService","createSpieler"],"fullName":"SpielerService createSpieler sollte Validierungsfehler bei fehlenden Pflichtfeldern werfen","status":"passed","title":"sollte Validierungsfehler bei fehlenden Pflichtfeldern werfen","duration":5.877291000000014,"failureMessages":[],"meta":{}},{"ancestorTitles":["SpielerService","getSpielerById"],"fullName":"SpielerService getSpielerById sollte einen Spieler anhand der ID finden","status":"passed","title":"sollte einen Spieler anhand der ID finden","duration":6.371042000000045,"failureMessages":[],"meta":{}},{"ancestorTitles":["SpielerService","getSpielerById"],"fullName":"SpielerService getSpielerById sollte null zurückgeben bei nicht existierender ID","status":"passed","title":"sollte null zurückgeben bei nicht existierender ID","duration":5.233707999999979,"failureMessages":[],"meta":{}},{"ancestorTitles":["SpielerService","getSpielerByTeam"],"fullName":"SpielerService getSpielerByTeam sollte alle Spieler eines Teams zurückgeben","status":"passed","title":"sollte alle Spieler eines Teams zurückgeben","duration":11.092874999999992,"failureMessages":[],"meta":{}},{"ancestorTitles":["SpielerService","getSpielerByTeam"],"fullName":"SpielerService getSpielerByTeam sollte nur aktive Spieler zurückgeben wenn Filter gesetzt","status":"passed","title":"sollte nur aktive Spieler zurückgeben wenn Filter gesetzt","duration":7.650291999999979,"failureMessages":[],"meta":{}},{"ancestorTitles":["SpielerService","updateSpieler"],"fullName":"SpielerService updateSpieler sollte einen Spieler aktualisieren","status":"passed","title":"sollte einen Spieler aktualisieren","duration":6.040290999999968,"failureMessages":[],"meta":{}},{"ancestorTitles":["SpielerService","updateSpieler"],"fullName":"SpielerService updateSpieler sollte Fehler werfen bei nicht existierender ID","status":"passed","title":"sollte Fehler werfen bei nicht existierender ID","duration":5.760790999999983,"failureMessages":[],"meta":{}},{"ancestorTitles":["SpielerService","deleteSpieler"],"fullName":"SpielerService deleteSpieler sollte einen Spieler löschen","status":"passed","title":"sollte einen Spieler löschen","duration":8.620041000000015,"failureMessages":[],"meta":{}},{"ancestorTitles":["SpielerService","deleteSpieler"],"fullName":"SpielerService deleteSpieler sollte Fehler werfen bei nicht existierender ID","status":"passed","title":"sollte Fehler werfen bei nicht existierender ID","duration":4.954166999999984,"failureMessages":[],"meta":{}},{"ancestorTitles":["SpielerService","countAktiveSpieler"],"fullName":"SpielerService countAktiveSpieler sollte die Anzahl aktiver Spieler zurückgeben","status":"passed","title":"sollte die Anzahl aktiver Spieler zurückgeben","duration":10.223749999999995,"failureMessages":[],"meta":{}},{"ancestorTitles":["SpielerService","getSpielerByMitgliedsnummer"],"fullName":"SpielerService getSpielerByMitgliedsnummer sollte Spieler anhand der Mitgliedsnummer finden","status":"passed","title":"sollte Spieler anhand der Mitgliedsnummer finden","duration":4.8904999999999745,"failureMessages":[],"meta":{}},{"ancestorTitles":["SpielerService","getSpielerByMitgliedsnummer"],"fullName":"SpielerService getSpielerByMitgliedsnummer sollte null zurückgeben wenn nicht gefunden","status":"passed","title":"sollte null zurückgeben wenn nicht gefunden","duration":6.490499999999997,"failureMessages":[],"meta":{}},{"ancestorTitles":["SpielerService","searchSpieler"],"fullName":"SpielerService searchSpieler sollte Spieler nach Vorname suchen","status":"passed","title":"sollte Spieler nach Vorname suchen","duration":4.567542000000003,"failureMessages":[],"meta":{}},{"ancestorTitles":["SpielerService","searchSpieler"],"fullName":"SpielerService searchSpieler sollte Spieler nach Nachname suchen","status":"passed","title":"sollte Spieler nach Nachname suchen","duration":7.551625000000058,"failureMessages":[],"meta":{}},{"ancestorTitles":["SpielerService","searchSpieler"],"fullName":"SpielerService searchSpieler sollte case-insensitive suchen","status":"passed","title":"sollte case-insensitive suchen","duration":6.065917000000013,"failureMessages":[],"meta":{}},{"ancestorTitles":["SpielerService","searchSpieler"],"fullName":"SpielerService searchSpieler sollte leere Liste bei keinem Treffer zurückgeben","status":"passed","title":"sollte leere Liste bei keinem Treffer zurückgeben","duration":6.437790999999947,"failureMessages":[],"meta":{}}],"startTime":1777715440859,"endTime":1777715440988.4377,"status":"passed","message":"","name":"/Users/oliver-marcuseder/01-vibe-coding/00-Basektball/basketball-app/tests/unit/domains/spieler/services/SpielerService.test.ts"},{"assertionResults":[{"ancestorTitles":["VereinService","createVerein"],"fullName":"VereinService createVerein should create a new verein with required fields","status":"passed","title":"should create a new verein with required fields","duration":14.153832999999963,"failureMessages":[],"meta":{}},{"ancestorTitles":["VereinService","createVerein"],"fullName":"VereinService createVerein should create verein with optional fields","status":"passed","title":"should create verein with optional fields","duration":4.5423339999999826,"failureMessages":[],"meta":{}},{"ancestorTitles":["VereinService","createVerein"],"fullName":"VereinService createVerein should persist verein to database","status":"passed","title":"should persist verein to database","duration":4.641499999999951,"failureMessages":[],"meta":{}},{"ancestorTitles":["VereinService","createVerein"],"fullName":"VereinService createVerein should generate unique verein_id","status":"passed","title":"should generate unique verein_id","duration":5.4012500000000045,"failureMessages":[],"meta":{}},{"ancestorTitles":["VereinService","createVerein"],"fullName":"VereinService createVerein should set ist_eigener_verein to true by default","status":"passed","title":"should set ist_eigener_verein to true by default","duration":5.040624999999977,"failureMessages":[],"meta":{}},{"ancestorTitles":["VereinService","getVereinById"],"fullName":"VereinService getVereinById should find verein by ID","status":"passed","title":"should find verein by ID","duration":7.521833999999899,"failureMessages":[],"meta":{}},{"ancestorTitles":["VereinService","getVereinById"],"fullName":"VereinService getVereinById should return undefined for non-existent ID","status":"passed","title":"should return undefined for non-existent ID","duration":7.895708000000013,"failureMessages":[],"meta":{}},{"ancestorTitles":["VereinService","getAllVereine"],"fullName":"VereinService getAllVereine should return empty array when no vereine exist","status":"passed","title":"should return empty array when no vereine exist","duration":4.86687500000005,"failureMessages":[],"meta":{}},{"ancestorTitles":["VereinService","getAllVereine"],"fullName":"VereinService getAllVereine should return all vereine","status":"passed","title":"should return all vereine","duration":5.520874999999933,"failureMessages":[],"meta":{}},{"ancestorTitles":["VereinService","getAllVereine"],"fullName":"VereinService getAllVereine should return both eigene and gegner vereine","status":"passed","title":"should return both eigene and gegner vereine","duration":5.281000000000063,"failureMessages":[],"meta":{}},{"ancestorTitles":["VereinService","getEigeneVereine"],"fullName":"VereinService getEigeneVereine should return only eigene vereine","status":"passed","title":"should return only eigene vereine","duration":6.384167000000048,"failureMessages":[],"meta":{}},{"ancestorTitles":["VereinService","getEigeneVereine"],"fullName":"VereinService getEigeneVereine should return empty array when no eigene vereine exist","status":"passed","title":"should return empty array when no eigene vereine exist","duration":3.6221250000000964,"failureMessages":[],"meta":{}},{"ancestorTitles":["VereinService","getGegnerVereine"],"fullName":"VereinService getGegnerVereine should return only gegner vereine","status":"passed","title":"should return only gegner vereine","duration":5.637458000000038,"failureMessages":[],"meta":{}},{"ancestorTitles":["VereinService","searchVereine"],"fullName":"VereinService searchVereine should find vereine by name","status":"passed","title":"should find vereine by name","duration":4.611834000000044,"failureMessages":[],"meta":{}},{"ancestorTitles":["VereinService","searchVereine"],"fullName":"VereinService searchVereine should find vereine by ort","status":"passed","title":"should find vereine by ort","duration":4.358665999999971,"failureMessages":[],"meta":{}},{"ancestorTitles":["VereinService","searchVereine"],"fullName":"VereinService searchVereine should find vereine by kurzname","status":"passed","title":"should find vereine by kurzname","duration":5.428375000000074,"failureMessages":[],"meta":{}},{"ancestorTitles":["VereinService","searchVereine"],"fullName":"VereinService searchVereine should be case-insensitive","status":"passed","title":"should be case-insensitive","duration":3.6286250000000564,"failureMessages":[],"meta":{}},{"ancestorTitles":["VereinService","searchVereine"],"fullName":"VereinService searchVereine should find partial matches","status":"passed","title":"should find partial matches","duration":4.83766700000001,"failureMessages":[],"meta":{}},{"ancestorTitles":["VereinService","searchVereine"],"fullName":"VereinService searchVereine should return empty array for no matches","status":"passed","title":"should return empty array for no matches","duration":7.944333000000029,"failureMessages":[],"meta":{}},{"ancestorTitles":["VereinService","searchVereine"],"fullName":"VereinService searchVereine should find multiple matches","status":"passed","title":"should find multiple matches","duration":4.645250000000033,"failureMessages":[],"meta":{}},{"ancestorTitles":["VereinService","updateVerein"],"fullName":"VereinService updateVerein should update verein fields","status":"passed","title":"should update verein fields","duration":4.122333000000026,"failureMessages":[],"meta":{}},{"ancestorTitles":["VereinService","updateVerein"],"fullName":"VereinService updateVerein should update only provided fields","status":"passed","title":"should update only provided fields","duration":3.5976670000000013,"failureMessages":[],"meta":{}},{"ancestorTitles":["VereinService","updateVerein"],"fullName":"VereinService updateVerein should update ist_eigener_verein flag","status":"passed","title":"should update ist_eigener_verein flag","duration":4.167874999999981,"failureMessages":[],"meta":{}},{"ancestorTitles":["VereinService","deleteVerein"],"fullName":"VereinService deleteVerein should delete verein without teams","status":"passed","title":"should delete verein without teams","duration":6.481417000000079,"failureMessages":[],"meta":{}},{"ancestorTitles":["VereinService","deleteVerein"],"fullName":"VereinService deleteVerein should throw error when verein has teams","status":"passed","title":"should throw error when verein has teams","duration":4.6632920000000695,"failureMessages":[],"meta":{}},{"ancestorTitles":["VereinService","isVereinNameTaken"],"fullName":"VereinService isVereinNameTaken should return true if name and ort combination exists","status":"passed","title":"should return true if name and ort combination exists","duration":5.701000000000022,"failureMessages":[],"meta":{}},{"ancestorTitles":["VereinService","isVereinNameTaken"],"fullName":"VereinService isVereinNameTaken should return false if name and ort combination does not exist","status":"passed","title":"should return false if name and ort combination does not exist","duration":4.937999999999988,"failureMessages":[],"meta":{}},{"ancestorTitles":["VereinService","isVereinNameTaken"],"fullName":"VereinService isVereinNameTaken should allow same name in different ort","status":"passed","title":"should allow same name in different ort","duration":9.792667000000051,"failureMessages":[],"meta":{}},{"ancestorTitles":["VereinService","isVereinNameTaken"],"fullName":"VereinService isVereinNameTaken should return false for empty database","status":"passed","title":"should return false for empty database","duration":4.736208999999917,"failureMessages":[],"meta":{}},{"ancestorTitles":["VereinService","countTeams"],"fullName":"VereinService countTeams should return 0 for verein without teams","status":"passed","title":"should return 0 for verein without teams","duration":4.522542000000044,"failureMessages":[],"meta":{}},{"ancestorTitles":["VereinService","countTeams"],"fullName":"VereinService countTeams should return correct team count","status":"passed","title":"should return correct team count","duration":6.459917000000019,"failureMessages":[],"meta":{}},{"ancestorTitles":["VereinService","countTeams"],"fullName":"VereinService countTeams should only count teams for specific verein","status":"passed","title":"should only count teams for specific verein","duration":6.186749999999961,"failureMessages":[],"meta":{}},{"ancestorTitles":["VereinService","Edge Cases"],"fullName":"VereinService Edge Cases should handle empty name gracefully","status":"passed","title":"should handle empty name gracefully","duration":3.798332999999957,"failureMessages":[],"meta":{}},{"ancestorTitles":["VereinService","Edge Cases"],"fullName":"VereinService Edge Cases should handle special characters in name","status":"passed","title":"should handle special characters in name","duration":4.405874999999924,"failureMessages":[],"meta":{}},{"ancestorTitles":["VereinService","Edge Cases"],"fullName":"VereinService Edge Cases should handle German umlauts","status":"passed","title":"should handle German umlauts","duration":3.009625000000028,"failureMessages":[],"meta":{}},{"ancestorTitles":["VereinService","Edge Cases"],"fullName":"VereinService Edge Cases should handle long names","status":"passed","title":"should handle long names","duration":5.268541999999911,"failureMessages":[],"meta":{}}],"startTime":1777715440204,"endTime":1777715440403.2686,"status":"passed","message":"","name":"/Users/oliver-marcuseder/01-vibe-coding/00-Basektball/basketball-app/tests/unit/domains/verein/services/VereinService.test.ts"},{"assertionResults":[{"ancestorTitles":["resolveSyncStrategy"],"fullName":"resolveSyncStrategy wählt team-endpoint wenn keine liga_id in Participation","status":"passed","title":"wählt team-endpoint wenn keine liga_id in Participation","duration":0.7270000000000323,"failureMessages":[],"meta":{}},{"ancestorTitles":["resolveSyncStrategy"],"fullName":"resolveSyncStrategy wählt team-endpoint wenn Participation liga_id leer ist","status":"passed","title":"wählt team-endpoint wenn Participation liga_id leer ist","duration":0.163708999999983,"failureMessages":[],"meta":{}},{"ancestorTitles":["resolveSyncStrategy"],"fullName":"resolveSyncStrategy wählt liga-sync wenn Participation eine gültige liga_id hat","status":"passed","title":"wählt liga-sync wenn Participation eine gültige liga_id hat","duration":0.17400000000003502,"failureMessages":[],"meta":{}},{"ancestorTitles":["resolveSyncStrategy"],"fullName":"resolveSyncStrategy wirft Fehler wenn weder liga_id noch extern_permanent_id vorhanden","status":"passed","title":"wirft Fehler wenn weder liga_id noch extern_permanent_id vorhanden","duration":0.5333330000000274,"failureMessages":[],"meta":{}},{"ancestorTitles":["executeSyncForTeam"],"fullName":"executeSyncForTeam ruft syncSpielplanForTeam auf wenn kein liga_id vorhanden","status":"passed","title":"ruft syncSpielplanForTeam auf wenn kein liga_id vorhanden","duration":0.8194169999999872,"failureMessages":[],"meta":{}},{"ancestorTitles":["executeSyncForTeam"],"fullName":"executeSyncForTeam ruft syncLiga auf wenn liga_id in Participation vorhanden","status":"passed","title":"ruft syncLiga auf wenn liga_id in Participation vorhanden","duration":0.31204200000001947,"failureMessages":[],"meta":{}},{"ancestorTitles":["executeSyncForTeam"],"fullName":"executeSyncForTeam wirft Fehler wenn Team nicht gefunden","status":"passed","title":"wirft Fehler wenn Team nicht gefunden","duration":0.3940420000000131,"failureMessages":[],"meta":{}}],"startTime":1777715442649,"endTime":1777715442651.394,"status":"passed","message":"","name":"/Users/oliver-marcuseder/01-vibe-coding/00-Basektball/basketball-app/tests/unit/domains/dashboard/syncStrategy.test.ts"}]}