{"numTotalTestSuites":153,"numPassedTestSuites":153,"numFailedTestSuites":0,"numPendingTestSuites":0,"numTotalTests":306,"numPassedTests":305,"numFailedTests":0,"numPendingTests":1,"numTodoTests":0,"snapshot":{"added":0,"failure":false,"filesAdded":0,"filesRemoved":0,"filesRemovedList":[],"filesUnmatched":0,"filesUpdated":0,"matched":0,"total":0,"unchecked":0,"uncheckedKeysByFile":[],"unmatched":0,"updated":0,"didUpdate":false},"startTime":1761230929981,"success":true,"testResults":[{"assertionResults":[{"ancestorTitles":["Onboarding V3: Lokale Club-Daten Integration","ClubDataService"],"fullName":"Onboarding V3: Lokale Club-Daten Integration ClubDataService sollte Metadaten korrekt laden","status":"passed","title":"sollte Metadaten korrekt laden","duration":1.075917000000004,"failureMessages":[],"location":{"line":16,"column":5},"meta":{}},{"ancestorTitles":["Onboarding V3: Lokale Club-Daten Integration","ClubDataService"],"fullName":"Onboarding V3: Lokale Club-Daten Integration ClubDataService sollte Clubs nach Namen suchen","status":"passed","title":"sollte Clubs nach Namen suchen","duration":0.38308299999994233,"failureMessages":[],"location":{"line":24,"column":5},"meta":{}},{"ancestorTitles":["Onboarding V3: Lokale Club-Daten Integration","ClubDataService"],"fullName":"Onboarding V3: Lokale Club-Daten Integration ClubDataService sollte Clubs nach Verband filtern","status":"passed","title":"sollte Clubs nach Verband filtern","duration":5.9869169999999485,"failureMessages":[],"location":{"line":31,"column":5},"meta":{}},{"ancestorTitles":["Onboarding V3: Lokale Club-Daten Integration","ClubDataService"],"fullName":"Onboarding V3: Lokale Club-Daten Integration ClubDataService sollte leere Suche alle Clubs zurückgeben","status":"passed","title":"sollte leere Suche alle Clubs zurückgeben","duration":0.23133399999994708,"failureMessages":[],"location":{"line":40,"column":5},"meta":{}},{"ancestorTitles":["Onboarding V3: Lokale Club-Daten Integration","Club Details (Lazy Loading)"],"fullName":"Onboarding V3: Lokale Club-Daten Integration Club Details (Lazy Loading) sollte Club-Details aus Chunk laden","status":"passed","title":"sollte Club-Details aus Chunk laden","duration":5.029875000000061,"failureMessages":[],"location":{"line":49,"column":5},"meta":{}},{"ancestorTitles":["Onboarding V3: Lokale Club-Daten Integration","Club Details (Lazy Loading)"],"fullName":"Onboarding V3: Lokale Club-Daten Integration Club Details (Lazy Loading) sollte null für nicht existierenden Club zurückgeben","status":"passed","title":"sollte null für nicht existierenden Club zurückgeben","duration":0.8418749999999591,"failureMessages":[],"location":{"line":64,"column":5},"meta":{}},{"ancestorTitles":["Onboarding V3: Lokale Club-Daten Integration","Club Details (Lazy Loading)"],"fullName":"Onboarding V3: Lokale Club-Daten Integration Club Details (Lazy Loading) sollte Chunks cachen","status":"passed","title":"sollte Chunks cachen","duration":0.43154200000003584,"failureMessages":[],"location":{"line":70,"column":5},"meta":{}},{"ancestorTitles":["Onboarding V3: Lokale Club-Daten Integration","Verband-Filter"],"fullName":"Onboarding V3: Lokale Club-Daten Integration Verband-Filter sollte nur Clubs aus gewählten Verbänden zurückgeben","status":"passed","title":"sollte nur Clubs aus gewählten Verbänden zurückgeben","duration":0.39108299999998053,"failureMessages":[],"location":{"line":88,"column":5},"meta":{}},{"ancestorTitles":["Onboarding V3: Lokale Club-Daten Integration","Verband-Filter"],"fullName":"Onboarding V3: Lokale Club-Daten Integration Verband-Filter sollte Clubs in mehreren Verbänden finden","status":"passed","title":"sollte Clubs in mehreren Verbänden finden","duration":3.0410839999999553,"failureMessages":[],"location":{"line":104,"column":5},"meta":{}},{"ancestorTitles":["Onboarding V3: Lokale Club-Daten Integration","Performance"],"fullName":"Onboarding V3: Lokale Club-Daten Integration Performance sollte Suche schnell sein (<100ms)","status":"passed","title":"sollte Suche schnell sein (<100ms)","duration":0.2639159999999947,"failureMessages":[],"location":{"line":116,"column":5},"meta":{}},{"ancestorTitles":["Onboarding V3: Lokale Club-Daten Integration","Performance"],"fullName":"Onboarding V3: Lokale Club-Daten Integration Performance sollte Metadaten-Zugriff sehr schnell sein (<10ms)","status":"passed","title":"sollte Metadaten-Zugriff sehr schnell sein (<10ms)","duration":0.0727919999999358,"failureMessages":[],"location":{"line":125,"column":5},"meta":{}},{"ancestorTitles":["Onboarding V3: Lokale Club-Daten Integration","Daten-Validierung"],"fullName":"Onboarding V3: Lokale Club-Daten Integration Daten-Validierung sollte valide Club-Struktur haben","status":"passed","title":"sollte valide Club-Struktur haben","duration":0.5819169999999758,"failureMessages":[],"location":{"line":136,"column":5},"meta":{}},{"ancestorTitles":["Onboarding V3: Lokale Club-Daten Integration","Daten-Validierung"],"fullName":"Onboarding V3: Lokale Club-Daten Integration Daten-Validierung sollte Teams mit korrekten Daten haben","status":"passed","title":"sollte Teams mit korrekten Daten haben","duration":0.15724999999997635,"failureMessages":[],"location":{"line":150,"column":5},"meta":{}},{"ancestorTitles":["Onboarding V3: Lokale Club-Daten Integration","Edge Cases"],"fullName":"Onboarding V3: Lokale Club-Daten Integration Edge Cases sollte leere Ergebnisse für unbekannten Suchbegriff zurückgeben","status":"passed","title":"sollte leere Ergebnisse für unbekannten Suchbegriff zurückgeben","duration":0.29945900000006986,"failureMessages":[],"location":{"line":172,"column":5},"meta":{}},{"ancestorTitles":["Onboarding V3: Lokale Club-Daten Integration","Edge Cases"],"fullName":"Onboarding V3: Lokale Club-Daten Integration Edge Cases sollte Sonderzeichen in Suche handhaben","status":"passed","title":"sollte Sonderzeichen in Suche handhaben","duration":0.20008399999994708,"failureMessages":[],"location":{"line":178,"column":5},"meta":{}},{"ancestorTitles":["Onboarding V3: Lokale Club-Daten Integration","Edge Cases"],"fullName":"Onboarding V3: Lokale Club-Daten Integration Edge Cases sollte Case-Insensitive Suche durchführen","status":"passed","title":"sollte Case-Insensitive Suche durchführen","duration":0.40287499999999454,"failureMessages":[],"location":{"line":184,"column":5},"meta":{}}],"startTime":1761230934887,"endTime":1761230934906.4028,"status":"passed","message":"","name":"/Users/oliver-marcuseder/Documents/00-Privat/Basketball-Apps/basketball-app/tests/integration/onboarding-local-data.test.ts"},{"assertionResults":[{"ancestorTitles":["extractLigaIdFromUrl","Query Parameter Extraktion"],"fullName":"extractLigaIdFromUrl Query Parameter Extraktion sollte liga_id aus Query-Parametern extrahieren","status":"passed","title":"sollte liga_id aus Query-Parametern extrahieren","duration":1.0807499999999663,"failureMessages":[],"location":{"line":15,"column":5},"meta":{}},{"ancestorTitles":["extractLigaIdFromUrl","Query Parameter Extraktion"],"fullName":"extractLigaIdFromUrl Query Parameter Extraktion sollte verschiedene Parameter-Namen unterstützen","status":"passed","title":"sollte verschiedene Parameter-Namen unterstützen","duration":0.2115000000000009,"failureMessages":[],"location":{"line":29,"column":5},"meta":{}},{"ancestorTitles":["extractLigaIdFromUrl","Path-basierte Extraktion"],"fullName":"extractLigaIdFromUrl Path-basierte Extraktion sollte Liga-ID aus URL-Pfad extrahieren","status":"passed","title":"sollte Liga-ID aus URL-Pfad extrahieren","duration":0.4806669999999258,"failureMessages":[],"location":{"line":38,"column":5},"meta":{}},{"ancestorTitles":["extractLigaIdFromUrl","Fehlerbehandlung"],"fullName":"extractLigaIdFromUrl Fehlerbehandlung sollte null bei ungültigen Eingaben zurückgeben","status":"passed","title":"sollte null bei ungültigen Eingaben zurückgeben","duration":0.22816599999998743,"failureMessages":[],"location":{"line":54,"column":5},"meta":{}},{"ancestorTitles":["extractLigaIdFromUrl","Komplexe URLs"],"fullName":"extractLigaIdFromUrl Komplexe URLs sollte Liga-ID aus komplexen BBB URLs extrahieren","status":"passed","title":"sollte Liga-ID aus komplexen BBB URLs extrahieren","duration":0.07062500000006366,"failureMessages":[],"location":{"line":66,"column":5},"meta":{}},{"ancestorTitles":["extractLigaIdFromUrl","Komplexe URLs"],"fullName":"extractLigaIdFromUrl Komplexe URLs sollte Liga-ID aus Team-Statistik URLs extrahieren","status":"passed","title":"sollte Liga-ID aus Team-Statistik URLs extrahieren","duration":0.10337499999991451,"failureMessages":[],"location":{"line":71,"column":5},"meta":{}},{"ancestorTitles":["normalizeBBBUrl"],"fullName":"normalizeBBBUrl sollte Protocol hinzufügen wenn fehlt","status":"passed","title":"sollte Protocol hinzufügen wenn fehlt","duration":0.13408300000003237,"failureMessages":[],"location":{"line":79,"column":3},"meta":{}},{"ancestorTitles":["normalizeBBBUrl"],"fullName":"normalizeBBBUrl sollte print Parameter entfernen","status":"passed","title":"sollte print Parameter entfernen","duration":0.1246249999999236,"failureMessages":[],"location":{"line":84,"column":3},"meta":{}},{"ancestorTitles":["normalizeBBBUrl"],"fullName":"normalizeBBBUrl sollte trailing slash entfernen","status":"passed","title":"sollte trailing slash entfernen","duration":0.06187499999998636,"failureMessages":[],"location":{"line":90,"column":3},"meta":{}},{"ancestorTitles":["normalizeBBBUrl"],"fullName":"normalizeBBBUrl sollte leere Strings handhaben","status":"passed","title":"sollte leere Strings handhaben","duration":0.05374999999992269,"failureMessages":[],"location":{"line":95,"column":3},"meta":{}},{"ancestorTitles":["BBBUrls"],"fullName":"BBBUrls sollte korrekte REST API URLs generieren","status":"passed","title":"sollte korrekte REST API URLs generieren","duration":0.10229199999992034,"failureMessages":[],"location":{"line":101,"column":3},"meta":{}},{"ancestorTitles":["isBBBUrl"],"fullName":"isBBBUrl sollte BBB URLs erkennen","status":"passed","title":"sollte BBB URLs erkennen","duration":0.0768750000000864,"failureMessages":[],"location":{"line":117,"column":3},"meta":{}},{"ancestorTitles":["isBBBUrl"],"fullName":"isBBBUrl sollte nicht-BBB URLs ablehnen","status":"passed","title":"sollte nicht-BBB URLs ablehnen","duration":0.06937499999992269,"failureMessages":[],"location":{"line":123,"column":3},"meta":{}}],"startTime":1761230934909,"endTime":1761230934912.1023,"status":"passed","message":"","name":"/Users/oliver-marcuseder/Documents/00-Privat/Basketball-Apps/basketball-app/src/shared/utils/urlUtils.test.ts"},{"assertionResults":[{"ancestorTitles":["SpielerService Integration Tests","Contract: createSpieler → Database"],"fullName":"SpielerService Integration Tests Contract: createSpieler → Database sollte Contract für vollständigen Spieler erfüllen","status":"passed","title":"sollte Contract für vollständigen Spieler erfüllen","duration":29.68708300000003,"failureMessages":[],"location":{"line":55,"column":5},"meta":{}},{"ancestorTitles":["SpielerService Integration Tests","Contract: createSpieler → Database"],"fullName":"SpielerService Integration Tests Contract: createSpieler → Database sollte Contract für minimalen Spieler erfüllen","status":"passed","title":"sollte Contract für minimalen Spieler erfüllen","duration":9.649125000000026,"failureMessages":[],"location":{"line":88,"column":5},"meta":{}},{"ancestorTitles":["SpielerService Integration Tests","Contract: getSpielerByTeam → Database"],"fullName":"SpielerService Integration Tests Contract: getSpielerByTeam → Database sollte alle Spieler eines Teams zurückgeben","status":"passed","title":"sollte alle Spieler eines Teams zurückgeben","duration":8.86024999999995,"failureMessages":[],"location":{"line":113,"column":5},"meta":{}},{"ancestorTitles":["SpielerService Integration Tests","Contract: getSpielerByTeam → Database"],"fullName":"SpielerService Integration Tests Contract: getSpielerByTeam → Database sollte Filter korrekt an Database weitergeben","status":"passed","title":"sollte Filter korrekt an Database weitergeben","duration":10.887083999999959,"failureMessages":[],"location":{"line":140,"column":5},"meta":{}},{"ancestorTitles":["SpielerService Integration Tests","Contract: updateSpieler → Database"],"fullName":"SpielerService Integration Tests Contract: updateSpieler → Database sollte partielle Updates korrekt durchführen","status":"passed","title":"sollte partielle Updates korrekt durchführen","duration":7.166625000000067,"failureMessages":[],"location":{"line":170,"column":5},"meta":{}},{"ancestorTitles":["SpielerService Integration Tests","Contract: updateSpieler → Database"],"fullName":"SpielerService Integration Tests Contract: updateSpieler → Database sollte Fehler bei nicht existierendem Spieler werfen","status":"passed","title":"sollte Fehler bei nicht existierendem Spieler werfen","duration":8.056332999999995,"failureMessages":[],"location":{"line":193,"column":5},"meta":{}},{"ancestorTitles":["SpielerService Integration Tests","Contract: deleteSpieler → Database"],"fullName":"SpielerService Integration Tests Contract: deleteSpieler → Database sollte Spieler aus Database entfernen","status":"passed","title":"sollte Spieler aus Database entfernen","duration":8.56662499999993,"failureMessages":[],"location":{"line":205,"column":5},"meta":{}},{"ancestorTitles":["SpielerService Integration Tests","Contract: Concurrent Operations"],"fullName":"SpielerService Integration Tests Contract: Concurrent Operations sollte gleichzeitige Operationen korrekt verarbeiten","status":"passed","title":"sollte gleichzeitige Operationen korrekt verarbeiten","duration":15.449833000000012,"failureMessages":[],"location":{"line":225,"column":5},"meta":{}},{"ancestorTitles":["SpielerService Integration Tests","Contract: Data Integrity"],"fullName":"SpielerService Integration Tests Contract: Data Integrity sollte Datenintegrität bei komplexen Szenarien wahren","status":"passed","title":"sollte Datenintegrität bei komplexen Szenarien wahren","duration":19.836125000000038,"failureMessages":[],"location":{"line":253,"column":5},"meta":{}},{"ancestorTitles":["SpielerService Integration Tests","Contract: Error Handling"],"fullName":"SpielerService Integration Tests Contract: Error Handling sollte Validierungsfehler korrekt propagieren","status":"passed","title":"sollte Validierungsfehler korrekt propagieren","duration":7.372792000000004,"failureMessages":[],"location":{"line":295,"column":5},"meta":{}},{"ancestorTitles":["SpielerService Integration Tests","Contract: Error Handling"],"fullName":"SpielerService Integration Tests Contract: Error Handling sollte Database-Fehler korrekt behandeln","status":"passed","title":"sollte Database-Fehler korrekt behandeln","duration":7.23279100000002,"failureMessages":[],"location":{"line":315,"column":5},"meta":{}}],"startTime":1761230934202,"endTime":1761230934335.233,"status":"passed","message":"","name":"/Users/oliver-marcuseder/Documents/00-Privat/Basketball-Apps/basketball-app/src/domains/spieler/services/SpielerService.integration.test.ts"},{"assertionResults":[{"ancestorTitles":["SpielerService","createSpieler"],"fullName":"SpielerService createSpieler sollte einen Spieler erfolgreich erstellen","status":"passed","title":"sollte einen Spieler erfolgreich erstellen","duration":20.601083000000017,"failureMessages":[],"location":{"line":46,"column":5},"meta":{}},{"ancestorTitles":["SpielerService","createSpieler"],"fullName":"SpielerService createSpieler sollte einen Gegenspieler ohne Team erstellen können","status":"passed","title":"sollte einen Gegenspieler ohne Team erstellen können","duration":13.54608399999995,"failureMessages":[],"location":{"line":69,"column":5},"meta":{}},{"ancestorTitles":["SpielerService","createSpieler"],"fullName":"SpielerService createSpieler sollte Validierungsfehler bei fehlenden Pflichtfeldern werfen","status":"passed","title":"sollte Validierungsfehler bei fehlenden Pflichtfeldern werfen","duration":13.037000000000035,"failureMessages":[],"location":{"line":87,"column":5},"meta":{}},{"ancestorTitles":["SpielerService","getSpielerById"],"fullName":"SpielerService getSpielerById sollte einen Spieler anhand der ID finden","status":"passed","title":"sollte einen Spieler anhand der ID finden","duration":10.983624999999961,"failureMessages":[],"location":{"line":103,"column":5},"meta":{}},{"ancestorTitles":["SpielerService","getSpielerById"],"fullName":"SpielerService getSpielerById sollte null zurückgeben bei nicht existierender ID","status":"passed","title":"sollte null zurückgeben bei nicht existierender ID","duration":5.910374999999931,"failureMessages":[],"location":{"line":119,"column":5},"meta":{}},{"ancestorTitles":["SpielerService","getSpielerByTeam"],"fullName":"SpielerService getSpielerByTeam sollte alle Spieler eines Teams zurückgeben","status":"passed","title":"sollte alle Spieler eines Teams zurückgeben","duration":20.20845799999995,"failureMessages":[],"location":{"line":126,"column":5},"meta":{}},{"ancestorTitles":["SpielerService","getSpielerByTeam"],"fullName":"SpielerService getSpielerByTeam sollte nur aktive Spieler zurückgeben wenn Filter gesetzt","status":"passed","title":"sollte nur aktive Spieler zurückgeben wenn Filter gesetzt","duration":7.598792000000003,"failureMessages":[],"location":{"line":149,"column":5},"meta":{}},{"ancestorTitles":["SpielerService","updateSpieler"],"fullName":"SpielerService updateSpieler sollte einen Spieler aktualisieren","status":"passed","title":"sollte einen Spieler aktualisieren","duration":13.977500000000077,"failureMessages":[],"location":{"line":177,"column":5},"meta":{}},{"ancestorTitles":["SpielerService","updateSpieler"],"fullName":"SpielerService updateSpieler sollte Fehler werfen bei nicht existierender ID","status":"passed","title":"sollte Fehler werfen bei nicht existierender ID","duration":35.86508300000003,"failureMessages":[],"location":{"line":197,"column":5},"meta":{}},{"ancestorTitles":["SpielerService","deleteSpieler"],"fullName":"SpielerService deleteSpieler sollte einen Spieler löschen","status":"passed","title":"sollte einen Spieler löschen","duration":15.683208000000036,"failureMessages":[],"location":{"line":205,"column":5},"meta":{}},{"ancestorTitles":["SpielerService","deleteSpieler"],"fullName":"SpielerService deleteSpieler sollte Fehler werfen bei nicht existierender ID","status":"passed","title":"sollte Fehler werfen bei nicht existierender ID","duration":10.431749999999965,"failureMessages":[],"location":{"line":220,"column":5},"meta":{}},{"ancestorTitles":["SpielerService","countAktiveSpieler"],"fullName":"SpielerService countAktiveSpieler sollte die Anzahl aktiver Spieler zurückgeben","status":"passed","title":"sollte die Anzahl aktiver Spieler zurückgeben","duration":11.856415999999967,"failureMessages":[],"location":{"line":228,"column":5},"meta":{}},{"ancestorTitles":["SpielerService","getSpielerByMitgliedsnummer"],"fullName":"SpielerService getSpielerByMitgliedsnummer sollte Spieler anhand der Mitgliedsnummer finden","status":"passed","title":"sollte Spieler anhand der Mitgliedsnummer finden","duration":6.7215000000001055,"failureMessages":[],"location":{"line":259,"column":5},"meta":{}},{"ancestorTitles":["SpielerService","getSpielerByMitgliedsnummer"],"fullName":"SpielerService getSpielerByMitgliedsnummer sollte null zurückgeben wenn nicht gefunden","status":"passed","title":"sollte null zurückgeben wenn nicht gefunden","duration":8.73595899999998,"failureMessages":[],"location":{"line":275,"column":5},"meta":{}},{"ancestorTitles":["SpielerService","searchSpieler"],"fullName":"SpielerService searchSpieler sollte Spieler nach Vorname suchen","status":"passed","title":"sollte Spieler nach Vorname suchen","duration":14.931625000000054,"failureMessages":[],"location":{"line":300,"column":5},"meta":{}},{"ancestorTitles":["SpielerService","searchSpieler"],"fullName":"SpielerService searchSpieler sollte Spieler nach Nachname suchen","status":"passed","title":"sollte Spieler nach Nachname suchen","duration":12.819250000000011,"failureMessages":[],"location":{"line":307,"column":5},"meta":{}},{"ancestorTitles":["SpielerService","searchSpieler"],"fullName":"SpielerService searchSpieler sollte case-insensitive suchen","status":"passed","title":"sollte case-insensitive suchen","duration":10.365333000000078,"failureMessages":[],"location":{"line":314,"column":5},"meta":{}},{"ancestorTitles":["SpielerService","searchSpieler"],"fullName":"SpielerService searchSpieler sollte leere Liste bei keinem Treffer zurückgeben","status":"passed","title":"sollte leere Liste bei keinem Treffer zurückgeben","duration":9.462208999999916,"failureMessages":[],"location":{"line":321,"column":5},"meta":{}}],"startTime":1761230934488,"endTime":1761230934731.4622,"status":"passed","message":"","name":"/Users/oliver-marcuseder/Documents/00-Privat/Basketball-Apps/basketball-app/src/domains/spieler/services/SpielerService.test.ts"},{"assertionResults":[{"ancestorTitles":["TeamService","createTeam"],"fullName":"TeamService createTeam should create a new team with valid input","status":"passed","title":"should create a new team with valid input","duration":20.87966700000004,"failureMessages":[],"location":{"line":32,"column":5},"meta":{}},{"ancestorTitles":["TeamService","createTeam"],"fullName":"TeamService createTeam should create team with optional leistungsorientiert flag","status":"passed","title":"should create team with optional leistungsorientiert flag","duration":6.2284590000000435,"failureMessages":[],"location":{"line":53,"column":5},"meta":{}},{"ancestorTitles":["TeamService","createTeam"],"fullName":"TeamService createTeam should persist team to database","status":"passed","title":"should persist team to database","duration":10.34495800000002,"failureMessages":[],"location":{"line":68,"column":5},"meta":{}},{"ancestorTitles":["TeamService","getTeamById"],"fullName":"TeamService getTeamById should return team when it exists","status":"passed","title":"should return team when it exists","duration":10.64895899999999,"failureMessages":[],"location":{"line":86,"column":5},"meta":{}},{"ancestorTitles":["TeamService","getTeamById"],"fullName":"TeamService getTeamById should return undefined when team does not exist","status":"passed","title":"should return undefined when team does not exist","duration":10.728500000000054,"failureMessages":[],"location":{"line":101,"column":5},"meta":{}},{"ancestorTitles":["TeamService","getTeamsByVerein"],"fullName":"TeamService getTeamsByVerein should return all teams of a verein","status":"passed","title":"should return all teams of a verein","duration":7.914125000000013,"failureMessages":[],"location":{"line":110,"column":5},"meta":{}},{"ancestorTitles":["TeamService","getTeamsByVerein"],"fullName":"TeamService getTeamsByVerein should return empty array when verein has no teams","status":"passed","title":"should return empty array when verein has no teams","duration":20.640292000000045,"failureMessages":[],"location":{"line":133,"column":5},"meta":{}},{"ancestorTitles":["TeamService","getTeamsBySaison"],"fullName":"TeamService getTeamsBySaison should return all teams of a specific saison","status":"passed","title":"should return all teams of a specific saison","duration":12.718458999999939,"failureMessages":[],"location":{"line":150,"column":5},"meta":{}},{"ancestorTitles":["TeamService","updateTeam"],"fullName":"TeamService updateTeam should update team properties","status":"passed","title":"should update team properties","duration":15.625917000000072,"failureMessages":[],"location":{"line":183,"column":5},"meta":{}},{"ancestorTitles":["TeamService","deleteTeam"],"fullName":"TeamService deleteTeam should delete team from database","status":"passed","title":"should delete team from database","duration":12.839334000000008,"failureMessages":[],"location":{"line":206,"column":5},"meta":{}},{"ancestorTitles":["TeamService","deleteTeam"],"fullName":"TeamService deleteTeam should cascade delete related data","status":"passed","title":"should cascade delete related data","duration":8.053541999999993,"failureMessages":[],"location":{"line":221,"column":5},"meta":{}},{"ancestorTitles":["TeamService","isTeamNameTaken"],"fullName":"TeamService isTeamNameTaken should return true if team name exists in same verein and saison","status":"passed","title":"should return true if team name exists in same verein and saison","duration":9.891375000000039,"failureMessages":[],"location":{"line":263,"column":5},"meta":{}},{"ancestorTitles":["TeamService","isTeamNameTaken"],"fullName":"TeamService isTeamNameTaken should return false if team name does not exist","status":"passed","title":"should return false if team name does not exist","duration":4.539749999999913,"failureMessages":[],"location":{"line":281,"column":5},"meta":{}},{"ancestorTitles":["TeamService","isTeamNameTaken"],"fullName":"TeamService isTeamNameTaken should allow same name in different saison","status":"passed","title":"should allow same name in different saison","duration":6.472750000000019,"failureMessages":[],"location":{"line":291,"column":5},"meta":{}},{"ancestorTitles":["TeamService","countPlayers"],"fullName":"TeamService countPlayers should return correct player count","status":"passed","title":"should return correct player count","duration":10.16841700000009,"failureMessages":[],"location":{"line":311,"column":5},"meta":{}},{"ancestorTitles":["TeamService","countGames"],"fullName":"TeamService countGames should return correct game count","status":"passed","title":"should return correct game count","duration":9.677458000000001,"failureMessages":[],"location":{"line":339,"column":5},"meta":{}}],"startTime":1761230934113,"endTime":1761230934290.6775,"status":"passed","message":"","name":"/Users/oliver-marcuseder/Documents/00-Privat/Basketball-Apps/basketball-app/src/domains/team/services/TeamService.test.ts"},{"assertionResults":[{"ancestorTitles":["SpielService Integration Tests","Contract: createSpiel → Database"],"fullName":"SpielService Integration Tests Contract: createSpiel → Database sollte Contract für vollständiges Spiel erfüllen","status":"passed","title":"sollte Contract für vollständiges Spiel erfüllen","duration":18.459959000000026,"failureMessages":[],"location":{"line":70,"column":5},"meta":{}},{"ancestorTitles":["SpielService Integration Tests","Contract: createSpiel → Database"],"fullName":"SpielService Integration Tests Contract: createSpiel → Database sollte Contract für minimales Spiel erfüllen","status":"passed","title":"sollte Contract für minimales Spiel erfüllen","duration":6.345291999999972,"failureMessages":[],"location":{"line":102,"column":5},"meta":{}},{"ancestorTitles":["SpielService Integration Tests","Contract: getSpieleByTeam → Database"],"fullName":"SpielService Integration Tests Contract: getSpieleByTeam → Database sollte alle Spiele eines Teams chronologisch sortiert zurückgeben","status":"passed","title":"sollte alle Spiele eines Teams chronologisch sortiert zurückgeben","duration":6.015832999999986,"failureMessages":[],"location":{"line":128,"column":5},"meta":{}},{"ancestorTitles":["SpielService Integration Tests","Contract: getSpieleByTeam → Database"],"fullName":"SpielService Integration Tests Contract: getSpieleByTeam → Database sollte Filter korrekt an Database weitergeben","status":"passed","title":"sollte Filter korrekt an Database weitergeben","duration":7.289958000000013,"failureMessages":[],"location":{"line":159,"column":5},"meta":{}},{"ancestorTitles":["SpielService Integration Tests","Contract: getNextSpiel → Database"],"fullName":"SpielService Integration Tests Contract: getNextSpiel → Database sollte das nächste zukünftige Spiel finden","status":"passed","title":"sollte das nächste zukünftige Spiel finden","duration":6.1132089999999835,"failureMessages":[],"location":{"line":193,"column":5},"meta":{}},{"ancestorTitles":["SpielService Integration Tests","Contract: BBB-Integration"],"fullName":"SpielService Integration Tests Contract: BBB-Integration sollte Spiel anhand BBB-Spielnummer finden","status":"passed","title":"sollte Spiel anhand BBB-Spielnummer finden","duration":4.379542000000015,"failureMessages":[],"location":{"line":240,"column":5},"meta":{}},{"ancestorTitles":["SpielService Integration Tests","Contract: Team-Statistiken"],"fullName":"SpielService Integration Tests Contract: Team-Statistiken sollte Statistiken korrekt berechnen","status":"passed","title":"sollte Statistiken korrekt berechnen","duration":5.3617080000000215,"failureMessages":[],"location":{"line":267,"column":5},"meta":{}},{"ancestorTitles":["SpielService Integration Tests","Contract: Concurrent Operations"],"fullName":"SpielService Integration Tests Contract: Concurrent Operations sollte gleichzeitige Operationen korrekt verarbeiten","status":"passed","title":"sollte gleichzeitige Operationen korrekt verarbeiten","duration":6.3565830000000005,"failureMessages":[],"location":{"line":318,"column":5},"meta":{}},{"ancestorTitles":["SpielService Integration Tests","Contract: Data Integrity"],"fullName":"SpielService Integration Tests Contract: Data Integrity sollte Datenintegrität bei komplexen Workflows wahren","status":"passed","title":"sollte Datenintegrität bei komplexen Workflows wahren","duration":7.677082999999982,"failureMessages":[],"location":{"line":348,"column":5},"meta":{}}],"startTime":1761230932550,"endTime":1761230932617.677,"status":"passed","message":"","name":"/Users/oliver-marcuseder/Documents/00-Privat/Basketball-Apps/basketball-app/src/domains/spielplan/services/SpielService.integration.test.ts"},{"assertionResults":[{"ancestorTitles":["SpielService","createSpiel"],"fullName":"SpielService createSpiel sollte ein Heimspiel erfolgreich erstellen","status":"passed","title":"sollte ein Heimspiel erfolgreich erstellen","duration":35.433832999999936,"failureMessages":[],"location":{"line":70,"column":5},"meta":{}},{"ancestorTitles":["SpielService","createSpiel"],"fullName":"SpielService createSpiel sollte ein Auswärtsspiel erstellen können","status":"passed","title":"sollte ein Auswärtsspiel erstellen können","duration":17.393500000000017,"failureMessages":[],"location":{"line":94,"column":5},"meta":{}},{"ancestorTitles":["SpielService","createSpiel"],"fullName":"SpielService createSpiel sollte Validierungsfehler bei fehlenden Pflichtfeldern werfen","status":"passed","title":"sollte Validierungsfehler bei fehlenden Pflichtfeldern werfen","duration":13.136874999999918,"failureMessages":[],"location":{"line":112,"column":5},"meta":{}},{"ancestorTitles":["SpielService","getSpielById"],"fullName":"SpielService getSpielById sollte ein Spiel anhand der ID finden","status":"passed","title":"sollte ein Spiel anhand der ID finden","duration":11.289625000000001,"failureMessages":[],"location":{"line":130,"column":5},"meta":{}},{"ancestorTitles":["SpielService","getSpielById"],"fullName":"SpielService getSpielById sollte null zurückgeben bei nicht existierender ID","status":"passed","title":"sollte null zurückgeben bei nicht existierender ID","duration":17.85416699999996,"failureMessages":[],"location":{"line":147,"column":5},"meta":{}},{"ancestorTitles":["SpielService","getSpieleByTeam"],"fullName":"SpielService getSpieleByTeam sollte alle Spiele eines Teams zurückgeben","status":"passed","title":"sollte alle Spiele eines Teams zurückgeben","duration":11.473917000000029,"failureMessages":[],"location":{"line":154,"column":5},"meta":{}},{"ancestorTitles":["SpielService","getSpieleByTeam"],"fullName":"SpielService getSpieleByTeam sollte nur Heimspiele zurückgeben wenn Filter gesetzt","status":"passed","title":"sollte nur Heimspiele zurückgeben wenn Filter gesetzt","duration":14.04179099999999,"failureMessages":[],"location":{"line":181,"column":5},"meta":{}},{"ancestorTitles":["SpielService","getSpieleByTeam"],"fullName":"SpielService getSpieleByTeam sollte nach Status filtern","status":"passed","title":"sollte nach Status filtern","duration":26.518792000000076,"failureMessages":[],"location":{"line":210,"column":5},"meta":{}},{"ancestorTitles":["SpielService","getNextSpiel"],"fullName":"SpielService getNextSpiel sollte das nächste anstehende Spiel zurückgeben","status":"passed","title":"sollte das nächste anstehende Spiel zurückgeben","duration":29.393916999999988,"failureMessages":[],"location":{"line":243,"column":5},"meta":{}},{"ancestorTitles":["SpielService","getNextSpiel"],"fullName":"SpielService getNextSpiel sollte null zurückgeben wenn keine zukünftigen Spiele","status":"passed","title":"sollte null zurückgeben wenn keine zukünftigen Spiele","duration":15.938166000000024,"failureMessages":[],"location":{"line":274,"column":5},"meta":{}},{"ancestorTitles":["SpielService","updateSpiel"],"fullName":"SpielService updateSpiel sollte ein Spiel aktualisieren","status":"passed","title":"sollte ein Spiel aktualisieren","duration":21.455708999999956,"failureMessages":[],"location":{"line":293,"column":5},"meta":{}},{"ancestorTitles":["SpielService","updateSpiel"],"fullName":"SpielService updateSpiel sollte Fehler werfen bei nicht existierender ID","status":"passed","title":"sollte Fehler werfen bei nicht existierender ID","duration":12.107875000000035,"failureMessages":[],"location":{"line":317,"column":5},"meta":{}},{"ancestorTitles":["SpielService","deleteSpiel"],"fullName":"SpielService deleteSpiel sollte ein Spiel löschen","status":"passed","title":"sollte ein Spiel löschen","duration":20.052791999999954,"failureMessages":[],"location":{"line":325,"column":5},"meta":{}},{"ancestorTitles":["SpielService","getSpielBySpielNummer"],"fullName":"SpielService getSpielBySpielNummer sollte Spiel anhand der BBB-Spielnummer finden","status":"passed","title":"sollte Spiel anhand der BBB-Spielnummer finden","duration":15.303082999999901,"failureMessages":[],"location":{"line":344,"column":5},"meta":{}},{"ancestorTitles":["SpielService","getSpielBySpielNummer"],"fullName":"SpielService getSpielBySpielNummer sollte null zurückgeben wenn nicht gefunden","status":"passed","title":"sollte null zurückgeben wenn nicht gefunden","duration":15.966166000000044,"failureMessages":[],"location":{"line":366,"column":5},"meta":{}},{"ancestorTitles":["SpielService","countSpieleByStatus"],"fullName":"SpielService countSpieleByStatus sollte Spiele nach Status zählen","status":"passed","title":"sollte Spiele nach Status zählen","duration":15.592708000000016,"failureMessages":[],"location":{"line":376,"column":5},"meta":{}}],"startTime":1761230933608,"endTime":1761230933902.5928,"status":"passed","message":"","name":"/Users/oliver-marcuseder/Documents/00-Privat/Basketball-Apps/basketball-app/src/domains/spielplan/services/SpielService.test.ts"},{"assertionResults":[{"ancestorTitles":["CSVImportService","generateSpielerTemplate"],"fullName":"CSVImportService generateSpielerTemplate should generate valid CSV template","status":"passed","title":"should generate valid CSV template","duration":26.228749999999934,"failureMessages":[],"location":{"line":31,"column":5},"meta":{}},{"ancestorTitles":["CSVImportService","generateSpielerTemplate"],"fullName":"CSVImportService generateSpielerTemplate should include erziehungsberechtigte fields","status":"passed","title":"should include erziehungsberechtigte fields","duration":10.19724999999994,"failureMessages":[],"location":{"line":43,"column":5},"meta":{}},{"ancestorTitles":["CSVImportService","generateSpielerTemplate"],"fullName":"CSVImportService generateSpielerTemplate should include example row","status":"passed","title":"should include example row","duration":6.863749999999982,"failureMessages":[],"location":{"line":52,"column":5},"meta":{}},{"ancestorTitles":["CSVImportService","generateTrikotTemplate"],"fullName":"CSVImportService generateTrikotTemplate should generate valid CSV template","status":"passed","title":"should generate valid CSV template","duration":5.3862499999999045,"failureMessages":[],"location":{"line":62,"column":5},"meta":{}},{"ancestorTitles":["CSVImportService","generateTrikotTemplate"],"fullName":"CSVImportService generateTrikotTemplate should include example rows","status":"passed","title":"should include example rows","duration":6.2959580000000415,"failureMessages":[],"location":{"line":74,"column":5},"meta":{}},{"ancestorTitles":["CSVImportService","generateTrikotTemplate"],"fullName":"CSVImportService generateTrikotTemplate should show Wendejersey and Hose examples","status":"passed","title":"should show Wendejersey and Hose examples","duration":13.683667000000014,"failureMessages":[],"location":{"line":82,"column":5},"meta":{}},{"ancestorTitles":["CSVImportService","importSpieler"],"fullName":"CSVImportService importSpieler should import spieler from valid CSV","status":"passed","title":"should import spieler from valid CSV","duration":14.635374999999954,"failureMessages":[],"location":{"line":91,"column":5},"meta":{}},{"ancestorTitles":["CSVImportService","importSpieler"],"fullName":"CSVImportService importSpieler should validate required fields","status":"passed","title":"should validate required fields","duration":14.936000000000035,"failureMessages":[],"location":{"line":106,"column":5},"meta":{}},{"ancestorTitles":["CSVImportService","importSpieler"],"fullName":"CSVImportService importSpieler should parse geburtsdatum correctly","status":"passed","title":"should parse geburtsdatum correctly","duration":28.40495800000008,"failureMessages":[],"location":{"line":122,"column":5},"meta":{}},{"ancestorTitles":["CSVImportService","importSpieler"],"fullName":"CSVImportService importSpieler should warn on invalid geburtsdatum","status":"passed","title":"should warn on invalid geburtsdatum","duration":15.483124999999973,"failureMessages":[],"location":{"line":136,"column":5},"meta":{}},{"ancestorTitles":["CSVImportService","importSpieler"],"fullName":"CSVImportService importSpieler should parse konfektionsgroessen as numbers","status":"passed","title":"should parse konfektionsgroessen as numbers","duration":9.199207999999999,"failureMessages":[],"location":{"line":151,"column":5},"meta":{}},{"ancestorTitles":["CSVImportService","importSpieler"],"fullName":"CSVImportService importSpieler should set spieler_typ to eigenes_team","status":"passed","title":"should set spieler_typ to eigenes_team","duration":8.545333000000028,"failureMessages":[],"location":{"line":166,"column":5},"meta":{}},{"ancestorTitles":["CSVImportService","importSpieler"],"fullName":"CSVImportService importSpieler should set aktiv to true by default","status":"passed","title":"should set aktiv to true by default","duration":7.286790999999994,"failureMessages":[],"location":{"line":178,"column":5},"meta":{}},{"ancestorTitles":["CSVImportService","importSpieler"],"fullName":"CSVImportService importSpieler should assign correct team_id","status":"passed","title":"should assign correct team_id","duration":8.996833000000038,"failureMessages":[],"location":{"line":190,"column":5},"meta":{}},{"ancestorTitles":["CSVImportService","importSpieler"],"fullName":"CSVImportService importSpieler should trim whitespace from names","status":"passed","title":"should trim whitespace from names","duration":9.576207999999951,"failureMessages":[],"location":{"line":202,"column":5},"meta":{}},{"ancestorTitles":["CSVImportService","importSpieler"],"fullName":"CSVImportService importSpieler should handle empty optional fields","status":"passed","title":"should handle empty optional fields","duration":10.817416999999978,"failureMessages":[],"location":{"line":215,"column":5},"meta":{}},{"ancestorTitles":["CSVImportService","importSpieler - Erziehungsberechtigte"],"fullName":"CSVImportService importSpieler - Erziehungsberechtigte should create erziehungsberechtigte when email provided","status":"passed","title":"should create erziehungsberechtigte when email provided","duration":11.086791999999946,"failureMessages":[],"location":{"line":231,"column":5},"meta":{}},{"ancestorTitles":["CSVImportService","importSpieler - Erziehungsberechtigte"],"fullName":"CSVImportService importSpieler - Erziehungsberechtigte should warn when erziehungsberechtigte has no phone","status":"passed","title":"should warn when erziehungsberechtigte has no phone","duration":16.03945900000008,"failureMessages":[],"location":{"line":249,"column":5},"meta":{}},{"ancestorTitles":["CSVImportService","importSpieler - Erziehungsberechtigte"],"fullName":"CSVImportService importSpieler - Erziehungsberechtigte should reuse erziehungsberechtigte with same email","status":"passed","title":"should reuse erziehungsberechtigte with same email","duration":14.81329100000005,"failureMessages":[],"location":{"line":262,"column":5},"meta":{}},{"ancestorTitles":["CSVImportService","importSpieler - Erziehungsberechtigte"],"fullName":"CSVImportService importSpieler - Erziehungsberechtigte should create spieler_erziehungsberechtigte relationship","status":"passed","title":"should create spieler_erziehungsberechtigte relationship","duration":12.567999999999984,"failureMessages":[],"location":{"line":283,"column":5},"meta":{}},{"ancestorTitles":["CSVImportService","importTrikots"],"fullName":"CSVImportService importTrikots should import trikots from valid CSV","status":"passed","title":"should import trikots from valid CSV","duration":12.893832999999972,"failureMessages":[],"location":{"line":301,"column":5},"meta":{}},{"ancestorTitles":["CSVImportService","importTrikots"],"fullName":"CSVImportService importTrikots should validate required art field","status":"passed","title":"should validate required art field","duration":9.715542000000028,"failureMessages":[],"location":{"line":316,"column":5},"meta":{}},{"ancestorTitles":["CSVImportService","importTrikots"],"fullName":"CSVImportService importTrikots should validate art values","status":"passed","title":"should validate art values","duration":6.08845800000006,"failureMessages":[],"location":{"line":329,"column":5},"meta":{}},{"ancestorTitles":["CSVImportService","importTrikots"],"fullName":"CSVImportService importTrikots should validate groesse field","status":"passed","title":"should validate groesse field","duration":6.928833000000054,"failureMessages":[],"location":{"line":342,"column":5},"meta":{}},{"ancestorTitles":["CSVImportService","importTrikots"],"fullName":"CSVImportService importTrikots should validate eu_groesse range","status":"passed","title":"should validate eu_groesse range","duration":6.8091249999999945,"failureMessages":[],"location":{"line":355,"column":5},"meta":{}},{"ancestorTitles":["CSVImportService","importTrikots"],"fullName":"CSVImportService importTrikots should parse eu_groesse as number","status":"passed","title":"should parse eu_groesse as number","duration":8.301625000000058,"failureMessages":[],"location":{"line":368,"column":5},"meta":{}},{"ancestorTitles":["CSVImportService","importTrikots"],"fullName":"CSVImportService importTrikots should set status to verfügbar","status":"passed","title":"should set status to verfügbar","duration":7.455291999999986,"failureMessages":[],"location":{"line":381,"column":5},"meta":{}},{"ancestorTitles":["CSVImportService","importTrikots"],"fullName":"CSVImportService importTrikots should handle optional nummer field","status":"passed","title":"should handle optional nummer field","duration":10.150833000000034,"failureMessages":[],"location":{"line":393,"column":5},"meta":{}},{"ancestorTitles":["CSVImportService","importTrikots"],"fullName":"CSVImportService importTrikots should handle optional farbe fields","status":"passed","title":"should handle optional farbe fields","duration":11.769917000000078,"failureMessages":[],"location":{"line":407,"column":5},"meta":{}},{"ancestorTitles":["CSVImportService","importTrikots"],"fullName":"CSVImportService importTrikots should trim whitespace","status":"passed","title":"should trim whitespace","duration":12.79804200000001,"failureMessages":[],"location":{"line":422,"column":5},"meta":{}},{"ancestorTitles":["CSVImportService","Error Handling"],"fullName":"CSVImportService Error Handling should handle malformed CSV gracefully","status":"passed","title":"should handle malformed CSV gracefully","duration":6.247332999999912,"failureMessages":[],"location":{"line":438,"column":5},"meta":{}},{"ancestorTitles":["CSVImportService","Error Handling"],"fullName":"CSVImportService Error Handling should handle empty CSV file","status":"passed","title":"should handle empty CSV file","duration":9.000750000000039,"failureMessages":[],"location":{"line":450,"column":5},"meta":{}},{"ancestorTitles":["CSVImportService","Error Handling"],"fullName":"CSVImportService Error Handling should handle CSV with only headers","status":"passed","title":"should handle CSV with only headers","duration":10.830874999999992,"failureMessages":[],"location":{"line":461,"column":5},"meta":{}}],"startTime":1761230933129,"endTime":1761230933499.8308,"status":"passed","message":"","name":"/Users/oliver-marcuseder/Documents/00-Privat/Basketball-Apps/basketball-app/src/domains/onboarding/services/CSVImportService.test.ts"},{"assertionResults":[{"ancestorTitles":["VereinService","createVerein"],"fullName":"VereinService createVerein should create a new verein with required fields","status":"passed","title":"should create a new verein with required fields","duration":31.98654099999999,"failureMessages":[],"location":{"line":22,"column":5},"meta":{}},{"ancestorTitles":["VereinService","createVerein"],"fullName":"VereinService createVerein should create verein with optional fields","status":"passed","title":"should create verein with optional fields","duration":6.0772080000000415,"failureMessages":[],"location":{"line":36,"column":5},"meta":{}},{"ancestorTitles":["VereinService","createVerein"],"fullName":"VereinService createVerein should persist verein to database","status":"passed","title":"should persist verein to database","duration":6.436874999999986,"failureMessages":[],"location":{"line":52,"column":5},"meta":{}},{"ancestorTitles":["VereinService","createVerein"],"fullName":"VereinService createVerein should generate unique verein_id","status":"passed","title":"should generate unique verein_id","duration":4.971749999999929,"failureMessages":[],"location":{"line":63,"column":5},"meta":{}},{"ancestorTitles":["VereinService","createVerein"],"fullName":"VereinService createVerein should set ist_eigener_verein to true by default","status":"passed","title":"should set ist_eigener_verein to true by default","duration":8.41879199999994,"failureMessages":[],"location":{"line":77,"column":5},"meta":{}},{"ancestorTitles":["VereinService","getVereinById"],"fullName":"VereinService getVereinById should find verein by ID","status":"passed","title":"should find verein by ID","duration":6.846208999999931,"failureMessages":[],"location":{"line":88,"column":5},"meta":{}},{"ancestorTitles":["VereinService","getVereinById"],"fullName":"VereinService getVereinById should return undefined for non-existent ID","status":"passed","title":"should return undefined for non-existent ID","duration":7.9653749999999945,"failureMessages":[],"location":{"line":101,"column":5},"meta":{}},{"ancestorTitles":["VereinService","getAllVereine"],"fullName":"VereinService getAllVereine should return empty array when no vereine exist","status":"passed","title":"should return empty array when no vereine exist","duration":8.004332999999974,"failureMessages":[],"location":{"line":108,"column":5},"meta":{}},{"ancestorTitles":["VereinService","getAllVereine"],"fullName":"VereinService getAllVereine should return all vereine","status":"passed","title":"should return all vereine","duration":16.630292000000054,"failureMessages":[],"location":{"line":113,"column":5},"meta":{}},{"ancestorTitles":["VereinService","getAllVereine"],"fullName":"VereinService getAllVereine should return both eigene and gegner vereine","status":"passed","title":"should return both eigene and gegner vereine","duration":12.764374999999973,"failureMessages":[],"location":{"line":122,"column":5},"meta":{}},{"ancestorTitles":["VereinService","getEigeneVereine"],"fullName":"VereinService getEigeneVereine should return only eigene vereine","status":"passed","title":"should return only eigene vereine","duration":10.072124999999915,"failureMessages":[],"location":{"line":141,"column":5},"meta":{}},{"ancestorTitles":["VereinService","getEigeneVereine"],"fullName":"VereinService getEigeneVereine should return empty array when no eigene vereine exist","status":"passed","title":"should return empty array when no eigene vereine exist","duration":6.480625000000032,"failureMessages":[],"location":{"line":165,"column":5},"meta":{}},{"ancestorTitles":["VereinService","getGegnerVereine"],"fullName":"VereinService getGegnerVereine should return only gegner vereine","status":"passed","title":"should return only gegner vereine","duration":8.063499999999976,"failureMessages":[],"location":{"line":178,"column":5},"meta":{}},{"ancestorTitles":["VereinService","searchVereine"],"fullName":"VereinService searchVereine should find vereine by name","status":"passed","title":"should find vereine by name","duration":12.308417000000077,"failureMessages":[],"location":{"line":222,"column":5},"meta":{}},{"ancestorTitles":["VereinService","searchVereine"],"fullName":"VereinService searchVereine should find vereine by ort","status":"passed","title":"should find vereine by ort","duration":6.784332999999947,"failureMessages":[],"location":{"line":228,"column":5},"meta":{}},{"ancestorTitles":["VereinService","searchVereine"],"fullName":"VereinService searchVereine should find vereine by kurzname","status":"passed","title":"should find vereine by kurzname","duration":4.8296249999999645,"failureMessages":[],"location":{"line":234,"column":5},"meta":{}},{"ancestorTitles":["VereinService","searchVereine"],"fullName":"VereinService searchVereine should be case-insensitive","status":"passed","title":"should be case-insensitive","duration":4.239166999999952,"failureMessages":[],"location":{"line":240,"column":5},"meta":{}},{"ancestorTitles":["VereinService","searchVereine"],"fullName":"VereinService searchVereine should find partial matches","status":"passed","title":"should find partial matches","duration":4.300624999999968,"failureMessages":[],"location":{"line":245,"column":5},"meta":{}},{"ancestorTitles":["VereinService","searchVereine"],"fullName":"VereinService searchVereine should return empty array for no matches","status":"passed","title":"should return empty array for no matches","duration":4.280167000000006,"failureMessages":[],"location":{"line":251,"column":5},"meta":{}},{"ancestorTitles":["VereinService","searchVereine"],"fullName":"VereinService searchVereine should find multiple matches","status":"passed","title":"should find multiple matches","duration":5.498790999999983,"failureMessages":[],"location":{"line":256,"column":5},"meta":{}},{"ancestorTitles":["VereinService","updateVerein"],"fullName":"VereinService updateVerein should update verein fields","status":"passed","title":"should update verein fields","duration":7.620209000000045,"failureMessages":[],"location":{"line":264,"column":5},"meta":{}},{"ancestorTitles":["VereinService","updateVerein"],"fullName":"VereinService updateVerein should update only provided fields","status":"passed","title":"should update only provided fields","duration":3.44825000000003,"failureMessages":[],"location":{"line":280,"column":5},"meta":{}},{"ancestorTitles":["VereinService","updateVerein"],"fullName":"VereinService updateVerein should update ist_eigener_verein flag","status":"passed","title":"should update ist_eigener_verein flag","duration":14.35466699999995,"failureMessages":[],"location":{"line":297,"column":5},"meta":{}},{"ancestorTitles":["VereinService","deleteVerein"],"fullName":"VereinService deleteVerein should delete verein without teams","status":"passed","title":"should delete verein without teams","duration":9.09375,"failureMessages":[],"location":{"line":314,"column":5},"meta":{}},{"ancestorTitles":["VereinService","deleteVerein"],"fullName":"VereinService deleteVerein should throw error when verein has teams","status":"passed","title":"should throw error when verein has teams","duration":10.314041999999972,"failureMessages":[],"location":{"line":326,"column":5},"meta":{}},{"ancestorTitles":["VereinService","isVereinNameTaken"],"fullName":"VereinService isVereinNameTaken should return true if name and ort combination exists","status":"passed","title":"should return true if name and ort combination exists","duration":7.226124999999911,"failureMessages":[],"location":{"line":351,"column":5},"meta":{}},{"ancestorTitles":["VereinService","isVereinNameTaken"],"fullName":"VereinService isVereinNameTaken should return false if name and ort combination does not exist","status":"passed","title":"should return false if name and ort combination does not exist","duration":5.538624999999911,"failureMessages":[],"location":{"line":361,"column":5},"meta":{}},{"ancestorTitles":["VereinService","isVereinNameTaken"],"fullName":"VereinService isVereinNameTaken should allow same name in different ort","status":"passed","title":"should allow same name in different ort","duration":5.529416999999967,"failureMessages":[],"location":{"line":371,"column":5},"meta":{}},{"ancestorTitles":["VereinService","isVereinNameTaken"],"fullName":"VereinService isVereinNameTaken should return false for empty database","status":"passed","title":"should return false for empty database","duration":8.030832999999916,"failureMessages":[],"location":{"line":381,"column":5},"meta":{}},{"ancestorTitles":["VereinService","countTeams"],"fullName":"VereinService countTeams should return 0 for verein without teams","status":"passed","title":"should return 0 for verein without teams","duration":3.4710420000000113,"failureMessages":[],"location":{"line":388,"column":5},"meta":{}},{"ancestorTitles":["VereinService","countTeams"],"fullName":"VereinService countTeams should return correct team count","status":"passed","title":"should return correct team count","duration":5.826040999999918,"failureMessages":[],"location":{"line":398,"column":5},"meta":{}},{"ancestorTitles":["VereinService","countTeams"],"fullName":"VereinService countTeams should only count teams for specific verein","status":"passed","title":"should only count teams for specific verein","duration":4.139999999999986,"failureMessages":[],"location":{"line":423,"column":5},"meta":{}},{"ancestorTitles":["VereinService","Edge Cases"],"fullName":"VereinService Edge Cases should handle empty name gracefully","status":"passed","title":"should handle empty name gracefully","duration":3.5971660000000156,"failureMessages":[],"location":{"line":471,"column":5},"meta":{}},{"ancestorTitles":["VereinService","Edge Cases"],"fullName":"VereinService Edge Cases should handle special characters in name","status":"passed","title":"should handle special characters in name","duration":3.440625000000068,"failureMessages":[],"location":{"line":481,"column":5},"meta":{}},{"ancestorTitles":["VereinService","Edge Cases"],"fullName":"VereinService Edge Cases should handle German umlauts","status":"passed","title":"should handle German umlauts","duration":3.0277090000000726,"failureMessages":[],"location":{"line":490,"column":5},"meta":{}},{"ancestorTitles":["VereinService","Edge Cases"],"fullName":"VereinService Edge Cases should handle long names","status":"passed","title":"should handle long names","duration":2.9732079999999996,"failureMessages":[],"location":{"line":500,"column":5},"meta":{}}],"startTime":1761230933248,"endTime":1761230933523.9731,"status":"passed","message":"","name":"/Users/oliver-marcuseder/Documents/00-Privat/Basketball-Apps/basketball-app/src/domains/verein/services/VereinService.test.ts"},{"assertionResults":[{"ancestorTitles":["SimplifiedTeamStep","Rendering & Loading States"],"fullName":"SimplifiedTeamStep Rendering & Loading States zeigt Loading-State beim initialen Laden","status":"passed","title":"zeigt Loading-State beim initialen Laden","duration":13.462916999999948,"failureMessages":[],"location":{"line":57,"column":5},"meta":{}},{"ancestorTitles":["SimplifiedTeamStep","Rendering & Loading States"],"fullName":"SimplifiedTeamStep Rendering & Loading States zeigt Team-Liste nach erfolgreichem Laden","status":"passed","title":"zeigt Team-Liste nach erfolgreichem Laden","duration":9.618750000000091,"failureMessages":[],"location":{"line":70,"column":5},"meta":{}},{"ancestorTitles":["SimplifiedTeamStep","Rendering & Loading States"],"fullName":"SimplifiedTeamStep Rendering & Loading States zeigt Club-Name im Header","status":"passed","title":"zeigt Club-Name im Header","duration":6.826124999999934,"failureMessages":[],"location":{"line":88,"column":5},"meta":{}},{"ancestorTitles":["SimplifiedTeamStep","Rendering & Loading States"],"fullName":"SimplifiedTeamStep Rendering & Loading States zeigt Error-State bei Lade-Fehler","status":"passed","title":"zeigt Error-State bei Lade-Fehler","duration":10.421666000000073,"failureMessages":[],"location":{"line":103,"column":5},"meta":{}},{"ancestorTitles":["SimplifiedTeamStep","Rendering & Loading States"],"fullName":"SimplifiedTeamStep Rendering & Loading States zeigt Meldung bei Verein ohne Teams","status":"passed","title":"zeigt Meldung bei Verein ohne Teams","duration":6.604082999999946,"failureMessages":[],"location":{"line":122,"column":5},"meta":{}},{"ancestorTitles":["SimplifiedTeamStep","Team-Auswahl"],"fullName":"SimplifiedTeamStep Team-Auswahl erlaubt Multi-Select von Teams","status":"passed","title":"erlaubt Multi-Select von Teams","duration":32.07454199999995,"failureMessages":[],"location":{"line":145,"column":5},"meta":{}},{"ancestorTitles":["SimplifiedTeamStep","Team-Auswahl"],"fullName":"SimplifiedTeamStep Team-Auswahl kann Team-Auswahl wieder aufheben","status":"passed","title":"kann Team-Auswahl wieder aufheben","duration":22.805791999999997,"failureMessages":[],"location":{"line":171,"column":5},"meta":{}},{"ancestorTitles":["SimplifiedTeamStep","Team-Auswahl"],"fullName":"SimplifiedTeamStep Team-Auswahl hebt ausgewählte Teams visuell hervor","status":"passed","title":"hebt ausgewählte Teams visuell hervor","duration":17.240583000000015,"failureMessages":[],"location":{"line":196,"column":5},"meta":{}},{"ancestorTitles":["SimplifiedTeamStep","Team-Auswahl"],"fullName":"SimplifiedTeamStep Team-Auswahl zeigt Liga-Name wenn vorhanden","status":"passed","title":"zeigt Liga-Name wenn vorhanden","duration":6.969124999999963,"failureMessages":[],"location":{"line":221,"column":5},"meta":{}},{"ancestorTitles":["SimplifiedTeamStep","Selection Summary"],"fullName":"SimplifiedTeamStep Selection Summary zeigt Auswahl-Zusammenfassung","status":"passed","title":"zeigt Auswahl-Zusammenfassung","duration":31.627374999999915,"failureMessages":[],"location":{"line":241,"column":5},"meta":{}},{"ancestorTitles":["SimplifiedTeamStep","Navigation"],"fullName":"SimplifiedTeamStep Navigation Zurück-Button ruft onBack auf","status":"passed","title":"Zurück-Button ruft onBack auf","duration":14.781708999999978,"failureMessages":[],"location":{"line":285,"column":5},"meta":{}},{"ancestorTitles":["SimplifiedTeamStep","Navigation"],"fullName":"SimplifiedTeamStep Navigation Weiter-Button ist disabled ohne Auswahl","status":"passed","title":"Weiter-Button ist disabled ohne Auswahl","duration":7.6175830000000815,"failureMessages":[],"location":{"line":307,"column":5},"meta":{}},{"ancestorTitles":["SimplifiedTeamStep","Navigation"],"fullName":"SimplifiedTeamStep Navigation Weiter-Button ist enabled mit Auswahl","status":"passed","title":"Weiter-Button ist enabled mit Auswahl","duration":16.256666999999993,"failureMessages":[],"location":{"line":325,"column":5},"meta":{}},{"ancestorTitles":["SimplifiedTeamStep","Navigation"],"fullName":"SimplifiedTeamStep Navigation Weiter-Button ruft onNext mit ausgewählten Teams","status":"passed","title":"Weiter-Button ruft onNext mit ausgewählten Teams","duration":34.29774999999995,"failureMessages":[],"location":{"line":348,"column":5},"meta":{}},{"ancestorTitles":["SimplifiedTeamStep","Data Loading"],"fullName":"SimplifiedTeamStep Data Loading lädt Teams mit korrekter clubId","status":"passed","title":"lädt Teams mit korrekter clubId","duration":4.902500000000032,"failureMessages":[],"location":{"line":391,"column":5},"meta":{}},{"ancestorTitles":["SimplifiedTeamStep","Accessibility"],"fullName":"SimplifiedTeamStep Accessibility hat korrekte ARIA-Labels","status":"passed","title":"hat korrekte ARIA-Labels","duration":17.266209000000003,"failureMessages":[],"location":{"line":408,"column":5},"meta":{}}],"startTime":1761230932602,"endTime":1761230932855.266,"status":"passed","message":"","name":"/Users/oliver-marcuseder/Documents/00-Privat/Basketball-Apps/basketball-app/tests/unit/domains/onboarding/SimplifiedTeamStep.test.tsx"},{"assertionResults":[{"ancestorTitles":["SimplifiedVereinStep","Rendering & Loading States"],"fullName":"SimplifiedVereinStep Rendering & Loading States zeigt Loading-State beim initialen Laden","status":"passed","title":"zeigt Loading-State beim initialen Laden","duration":17.891374999999925,"failureMessages":[],"location":{"line":59,"column":5},"meta":{}},{"ancestorTitles":["SimplifiedVereinStep","Rendering & Loading States"],"fullName":"SimplifiedVereinStep Rendering & Loading States zeigt Vereinsliste nach erfolgreichem Laden","status":"passed","title":"zeigt Vereinsliste nach erfolgreichem Laden","duration":54.86583399999995,"failureMessages":[],"location":{"line":72,"column":5},"meta":{}},{"ancestorTitles":["SimplifiedVereinStep","Rendering & Loading States"],"fullName":"SimplifiedVereinStep Rendering & Loading States zeigt Error-State bei Lade-Fehler","status":"passed","title":"zeigt Error-State bei Lade-Fehler","duration":19.231874999999945,"failureMessages":[],"location":{"line":90,"column":5},"meta":{}},{"ancestorTitles":["SimplifiedVereinStep","Verband-Filter"],"fullName":"SimplifiedVereinStep Verband-Filter zeigt Verband-Dropdown","status":"passed","title":"zeigt Verband-Dropdown","duration":14.750541999999996,"failureMessages":[],"location":{"line":111,"column":5},"meta":{}},{"ancestorTitles":["SimplifiedVereinStep","Verband-Filter"],"fullName":"SimplifiedVereinStep Verband-Filter filtert Vereine nach Verband","status":"passed","title":"filtert Vereine nach Verband","duration":46.59587499999998,"failureMessages":[],"location":{"line":129,"column":5},"meta":{}},{"ancestorTitles":["SimplifiedVereinStep","Suche"],"fullName":"SimplifiedVereinStep Suche zeigt Suchfeld","status":"passed","title":"zeigt Suchfeld","duration":10.677332999999862,"failureMessages":[],"location":{"line":169,"column":5},"meta":{}},{"ancestorTitles":["SimplifiedVereinStep","Suche"],"fullName":"SimplifiedVereinStep Suche filtert Vereine nach Suchbegriff","status":"passed","title":"filtert Vereine nach Suchbegriff","duration":37.675792,"failureMessages":[],"location":{"line":184,"column":5},"meta":{}},{"ancestorTitles":["SimplifiedVereinStep","Suche"],"fullName":"SimplifiedVereinStep Suche ist case-insensitive","status":"passed","title":"ist case-insensitive","duration":45.03116699999987,"failureMessages":[],"location":{"line":210,"column":5},"meta":{}},{"ancestorTitles":["SimplifiedVereinStep","Suche"],"fullName":"SimplifiedVereinStep Suche zeigt \"Keine Vereine gefunden\" bei leerem Ergebnis","status":"passed","title":"zeigt \"Keine Vereine gefunden\" bei leerem Ergebnis","duration":120.29758399999992,"failureMessages":[],"location":{"line":234,"column":5},"meta":{}},{"ancestorTitles":["SimplifiedVereinStep","Vereinsauswahl"],"fullName":"SimplifiedVereinStep Vereinsauswahl erlaubt Auswahl eines Vereins","status":"passed","title":"erlaubt Auswahl eines Vereins","duration":38.368000000000166,"failureMessages":[],"location":{"line":260,"column":5},"meta":{}},{"ancestorTitles":["SimplifiedVereinStep","Vereinsauswahl"],"fullName":"SimplifiedVereinStep Vereinsauswahl hebt ausgewählten Verein visuell hervor","status":"passed","title":"hebt ausgewählten Verein visuell hervor","duration":22.017875000000004,"failureMessages":[],"location":{"line":282,"column":5},"meta":{}},{"ancestorTitles":["SimplifiedVereinStep","Navigation"],"fullName":"SimplifiedVereinStep Navigation Zurück-Button ruft onBack auf","status":"passed","title":"Zurück-Button ruft onBack auf","duration":13.76933299999996,"failureMessages":[],"location":{"line":309,"column":5},"meta":{}},{"ancestorTitles":["SimplifiedVereinStep","Navigation"],"fullName":"SimplifiedVereinStep Navigation Weiter-Button ist disabled ohne Auswahl","status":"passed","title":"Weiter-Button ist disabled ohne Auswahl","duration":8.91475000000014,"failureMessages":[],"location":{"line":331,"column":5},"meta":{}},{"ancestorTitles":["SimplifiedVereinStep","Navigation"],"fullName":"SimplifiedVereinStep Navigation Weiter-Button ist enabled mit Auswahl","status":"passed","title":"Weiter-Button ist enabled mit Auswahl","duration":26.282208999999966,"failureMessages":[],"location":{"line":349,"column":5},"meta":{}},{"ancestorTitles":["SimplifiedVereinStep","Navigation"],"fullName":"SimplifiedVereinStep Navigation Weiter-Button ruft onNext mit Verein und ClubId","status":"passed","title":"Weiter-Button ruft onNext mit Verein und ClubId","duration":35.08375000000001,"failureMessages":[],"location":{"line":372,"column":5},"meta":{}},{"ancestorTitles":["SimplifiedVereinStep","Accessibility"],"fullName":"SimplifiedVereinStep Accessibility hat korrekte ARIA-Labels","status":"passed","title":"hat korrekte ARIA-Labels","duration":11.182915999999977,"failureMessages":[],"location":{"line":406,"column":5},"meta":{}}],"startTime":1761230931531,"endTime":1761230932054.1829,"status":"passed","message":"","name":"/Users/oliver-marcuseder/Documents/00-Privat/Basketball-Apps/basketball-app/tests/unit/domains/onboarding/SimplifiedVereinStep.test.tsx"},{"assertionResults":[{"ancestorTitles":["ClubDataLoader","loadAllClubs()"],"fullName":"ClubDataLoader loadAllClubs() lädt alle Clubs aus allen Chunks","status":"passed","title":"lädt alle Clubs aus allen Chunks","duration":307.0870829999999,"failureMessages":[],"location":{"line":19,"column":5},"meta":{}},{"ancestorTitles":["ClubDataLoader","loadAllClubs()"],"fullName":"ClubDataLoader loadAllClubs() sortiert Clubs alphabetisch nach Name","status":"passed","title":"sortiert Clubs alphabetisch nach Name","duration":41.99483299999997,"failureMessages":[],"location":{"line":28,"column":5},"meta":{}},{"ancestorTitles":["ClubDataLoader","loadAllClubs()"],"fullName":"ClubDataLoader loadAllClubs() cached Ergebnisse beim zweiten Aufruf","status":"passed","title":"cached Ergebnisse beim zweiten Aufruf","duration":9.849375000000009,"failureMessages":[],"location":{"line":42,"column":5},"meta":{}},{"ancestorTitles":["ClubDataLoader","loadAllClubs()"],"fullName":"ClubDataLoader loadAllClubs() setzt Verein-Daten korrekt","status":"passed","title":"setzt Verein-Daten korrekt","duration":11.303249999999935,"failureMessages":[],"location":{"line":50,"column":5},"meta":{}},{"ancestorTitles":["ClubDataLoader","searchClubs()"],"fullName":"ClubDataLoader searchClubs() findet Clubs nach Namen","status":"passed","title":"findet Clubs nach Namen","duration":10.05879200000004,"failureMessages":[],"location":{"line":65,"column":5},"meta":{}},{"ancestorTitles":["ClubDataLoader","searchClubs()"],"fullName":"ClubDataLoader searchClubs() ist case-insensitive","status":"passed","title":"ist case-insensitive","duration":9.255083000000013,"failureMessages":[],"location":{"line":77,"column":5},"meta":{}},{"ancestorTitles":["ClubDataLoader","searchClubs()"],"fullName":"ClubDataLoader searchClubs() gibt alle Clubs zurück bei leerem Query","status":"passed","title":"gibt alle Clubs zurück bei leerem Query","duration":14.870458000000099,"failureMessages":[],"location":{"line":89,"column":5},"meta":{}},{"ancestorTitles":["ClubDataLoader","searchClubs()"],"fullName":"ClubDataLoader searchClubs() gibt leeres Array bei nicht gefundenem Club","status":"passed","title":"gibt leeres Array bei nicht gefundenem Club","duration":9.566290999999865,"failureMessages":[],"location":{"line":96,"column":5},"meta":{}},{"ancestorTitles":["ClubDataLoader","searchClubs()"],"fullName":"ClubDataLoader searchClubs() findet Clubs mit Teilstring","status":"passed","title":"findet Clubs mit Teilstring","duration":9.713874999999916,"failureMessages":[],"location":{"line":102,"column":5},"meta":{}},{"ancestorTitles":["ClubDataLoader","filterByVerband()"],"fullName":"ClubDataLoader filterByVerband() filtert Clubs nach Verband-ID","status":"passed","title":"filtert Clubs nach Verband-ID","duration":10.914958999999953,"failureMessages":[],"location":{"line":114,"column":5},"meta":{}},{"ancestorTitles":["ClubDataLoader","filterByVerband()"],"fullName":"ClubDataLoader filterByVerband() gibt alle Clubs zurück bei null","status":"passed","title":"gibt alle Clubs zurück bei null","duration":11.070375000000013,"failureMessages":[],"location":{"line":124,"column":5},"meta":{}},{"ancestorTitles":["ClubDataLoader","filterByVerband()"],"fullName":"ClubDataLoader filterByVerband() gibt leeres Array bei Verband ohne Clubs","status":"passed","title":"gibt leeres Array bei Verband ohne Clubs","duration":11.421375000000126,"failureMessages":[],"location":{"line":131,"column":5},"meta":{}},{"ancestorTitles":["ClubDataLoader","searchAndFilter()"],"fullName":"ClubDataLoader searchAndFilter() kombiniert Suche und Verband-Filter","status":"passed","title":"kombiniert Suche und Verband-Filter","duration":9.34658400000012,"failureMessages":[],"location":{"line":139,"column":5},"meta":{}},{"ancestorTitles":["ClubDataLoader","searchAndFilter()"],"fullName":"ClubDataLoader searchAndFilter() findet nichts bei inkompatiblen Filtern","status":"passed","title":"findet nichts bei inkompatiblen Filtern","duration":7.32708300000013,"failureMessages":[],"location":{"line":159,"column":5},"meta":{}},{"ancestorTitles":["ClubDataLoader","searchAndFilter()"],"fullName":"ClubDataLoader searchAndFilter() funktioniert nur mit Suche","status":"passed","title":"funktioniert nur mit Suche","duration":8.415791000000127,"failureMessages":[],"location":{"line":165,"column":5},"meta":{}},{"ancestorTitles":["ClubDataLoader","searchAndFilter()"],"fullName":"ClubDataLoader searchAndFilter() funktioniert nur mit Filter","status":"passed","title":"funktioniert nur mit Filter","duration":7.476707999999917,"failureMessages":[],"location":{"line":174,"column":5},"meta":{}},{"ancestorTitles":["ClubDataLoader","loadTeamsForClub()"],"fullName":"ClubDataLoader loadTeamsForClub() lädt Teams für einen existierenden Club","status":"passed","title":"lädt Teams für einen existierenden Club","duration":9.826999999999998,"failureMessages":[],"location":{"line":185,"column":5},"meta":{}},{"ancestorTitles":["ClubDataLoader","loadTeamsForClub()"],"fullName":"ClubDataLoader loadTeamsForClub() gibt leeres Array für nicht-existierenden Club","status":"passed","title":"gibt leeres Array für nicht-existierenden Club","duration":0.55337499999996,"failureMessages":[],"location":{"line":195,"column":5},"meta":{}},{"ancestorTitles":["ClubDataLoader","loadTeamsForClub()"],"fullName":"ClubDataLoader loadTeamsForClub() setzt Team-Daten korrekt wenn Teams vorhanden","status":"passed","title":"setzt Team-Daten korrekt wenn Teams vorhanden","duration":8.675750000000107,"failureMessages":[],"location":{"line":201,"column":5},"meta":{}},{"ancestorTitles":["ClubDataLoader","getMetadata()"],"fullName":"ClubDataLoader getMetadata() gibt Metadaten zurück","status":"passed","title":"gibt Metadaten zurück","duration":0.11645900000007714,"failureMessages":[],"location":{"line":230,"column":5},"meta":{}},{"ancestorTitles":["ClubDataLoader","clearCache()"],"fullName":"ClubDataLoader clearCache() leert den Cache","status":"passed","title":"leert den Cache","duration":18.745124999999916,"failureMessages":[],"location":{"line":241,"column":5},"meta":{}},{"ancestorTitles":["ClubDataLoader","Performance & Edge Cases"],"fullName":"ClubDataLoader Performance & Edge Cases lädt mehrere Clubs gleichzeitig ohne Race Conditions","status":"passed","title":"lädt mehrere Clubs gleichzeitig ohne Race Conditions","duration":8.735709000000043,"failureMessages":[],"location":{"line":262,"column":5},"meta":{}},{"ancestorTitles":["ClubDataLoader","Performance & Edge Cases"],"fullName":"ClubDataLoader Performance & Edge Cases handled UTF-8 Sonderzeichen in Namen","status":"passed","title":"handled UTF-8 Sonderzeichen in Namen","duration":6.904874999999947,"failureMessages":[],"location":{"line":277,"column":5},"meta":{}},{"ancestorTitles":["ClubDataLoader","Performance & Edge Cases"],"fullName":"ClubDataLoader Performance & Edge Cases trimmed Whitespace in Suchanfragen","status":"passed","title":"trimmed Whitespace in Suchanfragen","duration":7.856083000000126,"failureMessages":[],"location":{"line":290,"column":5},"meta":{}},{"ancestorTitles":["ClubDataLoader","Data Integrity"],"fullName":"ClubDataLoader Data Integrity alle Clubs haben valide Datenstruktur","status":"passed","title":"alle Clubs haben valide Datenstruktur","duration":100.24829099999988,"failureMessages":[],"location":{"line":301,"column":5},"meta":{}},{"ancestorTitles":["ClubDataLoader","Data Integrity"],"fullName":"ClubDataLoader Data Integrity keine Duplikate in der Club-Liste","status":"passed","title":"keine Duplikate in der Club-Liste","duration":7.048916999999847,"failureMessages":[],"location":{"line":316,"column":5},"meta":{}},{"ancestorTitles":["ClubDataLoader","Data Integrity"],"fullName":"ClubDataLoader Data Integrity keine leeren Verband-Arrays","status":"passed","title":"keine leeren Verband-Arrays","duration":23.866917000000058,"failureMessages":[],"location":{"line":324,"column":5},"meta":{}}],"startTime":1761230931255,"endTime":1761230931937.867,"status":"passed","message":"","name":"/Users/oliver-marcuseder/Documents/00-Privat/Basketball-Apps/basketball-app/tests/unit/shared/services/ClubDataLoader.test.ts"},{"assertionResults":[{"ancestorTitles":["BBBApiService","fetchWithFallback"],"fullName":"BBBApiService fetchWithFallback sollte direkte Anfrage versuchen (DEV: verwendet Proxy)","status":"passed","title":"sollte direkte Anfrage versuchen (DEV: verwendet Proxy)","duration":4.3385000000000105,"failureMessages":[],"location":{"line":34,"column":5},"meta":{}},{"ancestorTitles":["BBBApiService","fetchWithFallback"],"fullName":"BBBApiService fetchWithFallback sollte CORS-Proxies als Fallback verwenden","status":"passed","title":"sollte CORS-Proxies als Fallback verwenden","duration":0.8097080000000005,"failureMessages":[],"location":{"line":51,"column":5},"meta":{}},{"ancestorTitles":["BBBApiService","fetchWithFallback"],"fullName":"BBBApiService fetchWithFallback sollte Fehler werfen wenn alle Proxies fehlschlagen","status":"passed","title":"sollte Fehler werfen wenn alle Proxies fehlschlagen","duration":8.686667,"failureMessages":[],"location":{"line":77,"column":5},"meta":{}},{"ancestorTitles":["BBBApiService","filterLigen"],"fullName":"BBBApiService filterLigen sollte vollständigen Filter mit Defaults erstellen","status":"passed","title":"sollte vollständigen Filter mit Defaults erstellen","duration":1.2431659999999738,"failureMessages":[],"location":{"line":94,"column":5},"meta":{}},{"ancestorTitles":["BBBApiService","getTabelle"],"fullName":"BBBApiService getTabelle sollte Tabellen-Daten abrufen","status":"passed","title":"sollte Tabellen-Daten abrufen","duration":1.0750410000000556,"failureMessages":[],"location":{"line":126,"column":5},"meta":{}},{"ancestorTitles":["BBBApiService","getSpielplan"],"fullName":"BBBApiService getSpielplan sollte Spielplan-Daten abrufen","status":"passed","title":"sollte Spielplan-Daten abrufen","duration":0.5577500000000555,"failureMessages":[],"location":{"line":170,"column":5},"meta":{}},{"ancestorTitles":["BBBApiService","getMatchInfo"],"fullName":"BBBApiService getMatchInfo sollte Match-Info-Daten abrufen","status":"passed","title":"sollte Match-Info-Daten abrufen","duration":0.44404099999997015,"failureMessages":[],"location":{"line":213,"column":5},"meta":{}},{"ancestorTitles":["BBBApiService","batchProcess"],"fullName":"BBBApiService batchProcess sollte Items in Batches verarbeiten","status":"passed","title":"sollte Items in Batches verarbeiten","duration":3.082791000000043,"failureMessages":[],"location":{"line":255,"column":5},"meta":{}},{"ancestorTitles":["BBBApiService","batchProcess"],"fullName":"BBBApiService batchProcess sollte Delay zwischen Batches einhalten","status":"passed","title":"sollte Delay zwischen Batches einhalten","duration":203.29554200000007,"failureMessages":[],"location":{"line":265,"column":5},"meta":{}},{"ancestorTitles":["BBBApiService","batchProcess"],"fullName":"BBBApiService batchProcess sollte Fehler in Batch-Items propagieren","status":"passed","title":"sollte Fehler in Batch-Items propagieren","duration":1.5262500000000045,"failureMessages":[],"location":{"line":278,"column":5},"meta":{}},{"ancestorTitles":["BBBApiService","batchProcess"],"fullName":"BBBApiService batchProcess sollte mit leerem Array umgehen können","status":"passed","title":"sollte mit leerem Array umgehen können","duration":0.4496670000000904,"failureMessages":[],"location":{"line":287,"column":5},"meta":{}},{"ancestorTitles":["BBBApiService","batchProcess"],"fullName":"BBBApiService batchProcess sollte mit großen Batch-Größen umgehen können","status":"passed","title":"sollte mit großen Batch-Größen umgehen können","duration":0.1414999999999509,"failureMessages":[],"location":{"line":295,"column":5},"meta":{}},{"ancestorTitles":["BBBApiService","CORS Proxy URLs"],"fullName":"BBBApiService CORS Proxy URLs sollte korrekte Proxy-URLs erstellen","status":"passed","title":"sollte korrekte Proxy-URLs erstellen","duration":0.3230829999999969,"failureMessages":[],"location":{"line":306,"column":5},"meta":{}},{"ancestorTitles":["BBBApiService","validateTabellenEintrag"],"fullName":"BBBApiService validateTabellenEintrag sollte gültigen Eintrag validieren","status":"passed","title":"sollte gültigen Eintrag validieren","duration":0.6197499999999536,"failureMessages":[],"location":{"line":321,"column":5},"meta":{}},{"ancestorTitles":["BBBApiService","validateTabellenEintrag"],"fullName":"BBBApiService validateTabellenEintrag sollte Einträge mit fehlenden Feldern ablehnen","status":"passed","title":"sollte Einträge mit fehlenden Feldern ablehnen","duration":0.24416600000006383,"failureMessages":[],"location":{"line":340,"column":5},"meta":{}},{"ancestorTitles":["BBBApiService","validateTabellenEintrag"],"fullName":"BBBApiService validateTabellenEintrag sollte Einträge mit falschen Typen ablehnen","status":"passed","title":"sollte Einträge mit falschen Typen ablehnen","duration":0.17879200000004403,"failureMessages":[],"location":{"line":350,"column":5},"meta":{}},{"ancestorTitles":["BBBApiService","validateTabellenEintrag"],"fullName":"BBBApiService validateTabellenEintrag sollte Plausibilitätsprüfungen durchführen","status":"passed","title":"sollte Plausibilitätsprüfungen durchführen","duration":0.21341700000004948,"failureMessages":[],"location":{"line":369,"column":5},"meta":{}},{"ancestorTitles":["BBBApiService","validateTabellenEintrag"],"fullName":"BBBApiService validateTabellenEintrag sollte falsche Punktedifferenz erkennen","status":"passed","title":"sollte falsche Punktedifferenz erkennen","duration":0.3592910000000984,"failureMessages":[],"location":{"line":388,"column":5},"meta":{}},{"ancestorTitles":["BBBApiService","validateTabellenEintrag"],"fullName":"BBBApiService validateTabellenEintrag sollte negative Werte ablehnen","status":"passed","title":"sollte negative Werte ablehnen","duration":0.14325000000008004,"failureMessages":[],"location":{"line":407,"col
[...]
cestorTitles":["BBBApiService","validateTabellenEintrag"],"fullName":"BBBApiService validateTabellenEintrag sollte null und undefined ablehnen","status":"passed","title":"sollte null und undefined ablehnen","duration":0.06612500000005639,"failureMessages":[],"location":{"line":445,"column":5},"meta":{}},{"ancestorTitles":["BBBApiService","validateTabellenEintrag"],"fullName":"BBBApiService validateTabellenEintrag sollte Unentschieden korrekt berücksichtigen","status":"passed","title":"sollte Unentschieden korrekt berücksichtigen","duration":0.06108300000005329,"failureMessages":[],"location":{"line":450,"column":5},"meta":{}},{"ancestorTitles":["BBBApiService","extractLigaId"],"fullName":"BBBApiService extractLigaId sollte Liga-ID aus Standard-Parameter extrahieren","status":"passed","title":"sollte Liga-ID aus Standard-Parameter extrahieren","duration":0.14204099999994924,"failureMessages":[],"location":{"line":472,"column":5},"meta":{}},{"ancestorTitles":["BBBApiService","extractLigaId"],"fullName":"BBBApiService extractLigaId sollte Liga-ID aus alternativer Schreibweise extrahieren","status":"passed","title":"sollte Liga-ID aus alternativer Schreibweise extrahieren","duration":0.0957500000000664,"failureMessages":[],"location":{"line":476,"column":5},"meta":{}},{"ancestorTitles":["BBBApiService","extractLigaId"],"fullName":"BBBApiService extractLigaId sollte Liga-ID aus REST API URL extrahieren","status":"passed","title":"sollte Liga-ID aus REST API URL extrahieren","duration":0.09275000000002365,"failureMessages":[],"location":{"line":480,"column":5},"meta":{}},{"ancestorTitles":["BBBApiService","extractLigaId"],"fullName":"BBBApiService extractLigaId sollte Liga-ID aus komplexer URL mit mehreren Parametern extrahieren","status":"passed","title":"sollte Liga-ID aus komplexer URL mit mehreren Parametern extrahieren","duration":0.05029100000001563,"failureMessages":[],"location":{"line":484,"column":5},"meta":{}},{"ancestorTitles":["BBBApiService","extractLigaId"],"fullName":"BBBApiService extractLigaId sollte null zurückgeben wenn keine Liga-ID gefunden","status":"passed","title":"sollte null zurückgeben wenn keine Liga-ID gefunden","duration":0.3913750000000391,"failureMessages":[],"location":{"line":488,"column":5},"meta":{}},{"ancestorTitles":["BBBApiService","extractLigaId"],"fullName":"BBBApiService extractLigaId sollte ungültige Liga-IDs ablehnen","status":"passed","title":"sollte ungültige Liga-IDs ablehnen","duration":0.09004200000003948,"failureMessages":[],"location":{"line":493,"column":5},"meta":{}},{"ancestorTitles":["BBBApiService","extractLigaId"],"fullName":"BBBApiService extractLigaId sollte mit ungültigen URLs umgehen können","status":"passed","title":"sollte mit ungültigen URLs umgehen können","duration":0.16375000000005002,"failureMessages":[],"location":{"line":498,"column":5},"meta":{}},{"ancestorTitles":["BBBApiService","getSpielerDetails"],"fullName":"BBBApiService getSpielerDetails sollte Spieler-Details abrufen","status":"passed","title":"sollte Spieler-Details abrufen","duration":0.3029589999999871,"failureMessages":[],"location":{"line":505,"column":5},"meta":{}},{"ancestorTitles":["BBBApiService","getSpielerDetails"],"fullName":"BBBApiService getSpielerDetails sollte mit fehlenden optionalen Feldern umgehen","status":"passed","title":"sollte mit fehlenden optionalen Feldern umgehen","duration":0.17404099999998834,"failureMessages":[],"location":{"line":526,"column":5},"meta":{}},{"ancestorTitles":["BBBApiService","getSpielerDetails"],"fullName":"BBBApiService getSpielerDetails sollte Fehler bei ungültiger Spieler-ID werfen","status":"passed","title":"sollte Fehler bei ungültiger Spieler-ID werfen","duration":0.2587909999999738,"failureMessages":[],"location":{"line":547,"column":5},"meta":{}},{"ancestorTitles":["BBBApiService","getSpielerDetails"],"fullName":"BBBApiService getSpielerDetails sollte Fehler bei nicht gefundenem Spieler behandeln","status":"passed","title":"sollte Fehler bei nicht gefundenem Spieler behandeln","duration":3.9434170000000677,"failureMessages":[],"location":{"line":553,"column":5},"meta":{}},{"ancestorTitles":["BBBApiService","Error Handling"],"fullName":"BBBApiService Error Handling sollte Netzwerkfehler behandeln","status":"passed","title":"sollte Netzwerkfehler behandeln","duration":3.7378330000000233,"failureMessages":[],"location":{"line":566,"column":5},"meta":{}},{"ancestorTitles":["BBBApiService","Error Handling"],"fullName":"BBBApiService Error Handling sollte Timeout behandeln","status":"passed","title":"sollte Timeout behandeln","duration":4.994666999999936,"failureMessages":[],"location":{"line":575,"column":5},"meta":{}},{"ancestorTitles":["BBBApiService","Error Handling"],"fullName":"BBBApiService Error Handling sollte ungültige JSON-Antworten behandeln","status":"passed","title":"sollte ungültige JSON-Antworten behandeln","duration":0.64712499999996,"failureMessages":[],"location":{"line":587,"column":5},"meta":{}}],"startTime":1761230933382,"endTime":1761230933625.6472,"status":"passed","message":"","name":"/Users/oliver-marcuseder/Documents/00-Privat/Basketball-Apps/basketball-app/src/domains/bbb-api/services/__tests__/BBBApiService.test.ts"},{"assertionResults":[{"ancestorTitles":["BBBSyncService Integration Tests","Real API Response Handling"],"fullName":"BBBSyncService Integration Tests Real API Response Handling sollte echte API-Antwortstrukturen korrekt verarbeiten","status":"passed","title":"sollte echte API-Antwortstrukturen korrekt verarbeiten","duration":22.112750000000005,"failureMessages":[],"location":{"line":41,"column":5},"meta":{}},{"ancestorTitles":["BBBSyncService Integration Tests","Real API Response Handling"],"fullName":"BBBSyncService Integration Tests Real API Response Handling sollte CORS-Proxy-Fallback verwenden","status":"passed","title":"sollte CORS-Proxy-Fallback verwenden","duration":4.523167000000001,"failureMessages":[],"location":{"line":136,"column":5},"meta":{}},{"ancestorTitles":["BBBSyncService Integration Tests","Real API Response Handling"],"fullName":"BBBSyncService Integration Tests Real API Response Handling sollte Rate-Limiting respektieren","status":"passed","title":"sollte Rate-Limiting respektieren","duration":205.99475,"failureMessages":[],"location":{"line":169,"column":5},"meta":{}},{"ancestorTitles":["BBBSyncService Integration Tests","Error Recovery"],"fullName":"BBBSyncService Integration Tests Error Recovery sollte partielle Fehler tolerieren","status":"passed","title":"sollte partielle Fehler tolerieren","duration":10.335333999999989,"failureMessages":[],"location":{"line":188,"column":5},"meta":{}},{"ancestorTitles":["BBBSyncService Integration Tests","Error Recovery"],"fullName":"BBBSyncService Integration Tests Error Recovery sollte bei Netzwerkfehlern alle Proxies durchprobieren","status":"passed","title":"sollte bei Netzwerkfehlern alle Proxies durchprobieren","duration":9.352958999999942,"failureMessages":[],"location":{"line":236,"column":5},"meta":{}},{"ancestorTitles":["BBBSyncService Integration Tests","Data Consistency"],"fullName":"BBBSyncService Integration Tests Data Consistency sollte Duplikate vermeiden","status":"passed","title":"sollte Duplikate vermeiden","duration":8.292915999999991,"failureMessages":[],"location":{"line":254,"column":5},"meta":{}},{"ancestorTitles":["BBBSyncService Integration Tests","Data Consistency"],"fullName":"BBBSyncService Integration Tests Data Consistency sollte Team-Typ korrekt setzen","status":"passed","title":"sollte Team-Typ korrekt setzen","duration":9.377124999999978,"failureMessages":[],"location":{"line":292,"column":5},"meta":{}},{"ancestorTitles":["BBBSyncService Integration Tests","WAM Filter Integration"],"fullName":"BBBSyncService Integration Tests WAM Filter Integration sollte Filter-Anfragen korrekt aufbauen","status":"passed","title":"sollte Filter-Anfragen korrekt aufbauen","duration":8.13474999999994,"failureMessages":[],"location":{"line":319,"column":5},"meta":{}}],"startTime":1761230932436,"endTime":1761230932714.1348,"status":"passed","message":"","name":"/Users/oliver-marcuseder/Documents/00-Privat/Basketball-Apps/basketball-app/src/domains/bbb-api/services/__tests__/BBBSyncService.integration.test.ts"},{"assertionResults":[{"ancestorTitles":["BBBSyncService PACT Tests v16","Liga Sync Contract"],"fullName":"BBBSyncService PACT Tests v16 Liga Sync Contract sollte Tabellen-Daten gemäß Contract abrufen","status":"passed","title":"sollte Tabellen-Daten gemäß Contract abrufen","duration":48.67791599999998,"failureMessages":[],"location":{"line":56,"column":5},"meta":{}},{"ancestorTitles":["BBBSyncService PACT Tests v16","Liga Sync Contract"],"fullName":"BBBSyncService PACT Tests v16 Liga Sync Contract sollte Spielplan-Daten gemäß Contract abrufen","status":"passed","title":"sollte Spielplan-Daten gemäß Contract abrufen","duration":30.452082999999902,"failureMessages":[],"location":{"line":113,"column":5},"meta":{}},{"ancestorTitles":["BBBSyncService PACT Tests v16","Liga Sync Contract"],"fullName":"BBBSyncService PACT Tests v16 Liga Sync Contract sollte Match-Info-Daten gemäß Contract abrufen","status":"passed","title":"sollte Match-Info-Daten gemäß Contract abrufen","duration":29.387750000000096,"failureMessages":[],"location":{"line":167,"column":5},"meta":{}},{"ancestorTitles":["BBBSyncService PACT Tests v16","Error Handling Contract"],"fullName":"BBBSyncService PACT Tests v16 Error Handling Contract sollte 404 Fehler korrekt behandeln","status":"passed","title":"sollte 404 Fehler korrekt behandeln","duration":18.270375000000058,"failureMessages":[],"location":{"line":225,"column":5},"meta":{}},{"ancestorTitles":["BBBSyncService PACT Tests v16","Error Handling Contract"],"fullName":"BBBSyncService PACT Tests v16 Error Handling Contract sollte Rate-Limiting respektieren","status":"passed","title":"sollte Rate-Limiting respektieren","duration":14.035375000000158,"failureMessages":[],"location":{"line":253,"column":5},"meta":{}},{"ancestorTitles":["BBBSyncService PACT Tests v16","WAM Filter Contract"],"fullName":"BBBSyncService PACT Tests v16 WAM Filter Contract sollte Liga-Filter gemäß Contract senden","status":"passed","title":"sollte Liga-Filter gemäß Contract senden","duration":40.116457999999966,"failureMessages":[],"location":{"line":284,"column":5},"meta":{}},{"ancestorTitles":["BBBSyncService PACT Tests v16","Full Sync Integration"],"fullName":"BBBSyncService PACT Tests v16 Full Sync Integration sollte komplette Liga synchronisieren","status":"skipped","title":"sollte komplette Liga synchronisieren","failureMessages":[],"location":{"line":365,"column":8},"meta":{}}],"startTime":1761230934532,"endTime":1761230934713.1165,"status":"passed","message":"","name":"/Users/oliver-marcuseder/Documents/00-Privat/Basketball-Apps/basketball-app/src/domains/bbb-api/services/__tests__/BBBSyncService.pact.test.ts"},{"assertionResults":[{"ancestorTitles":["BBBSyncService","syncLiga"],"fullName":"BBBSyncService syncLiga sollte eine komplette Liga synchronisieren","status":"passed","title":"sollte eine komplette Liga synchronisieren","duration":40.25508300000001,"failureMessages":[],"location":{"line":43,"column":5},"meta":{}},{"ancestorTitles":["BBBSyncService","syncLiga"],"fullName":"BBBSyncService syncLiga sollte Fehler abfangen und loggen","status":"passed","title":"sollte Fehler abfangen und loggen","duration":11.104166999999961,"failureMessages":[],"location":{"line":217,"column":5},"meta":{}},{"ancestorTitles":["BBBSyncService","markAsOwnTeam"],"fullName":"BBBSyncService markAsOwnTeam sollte ein Team als \"eigen\" markieren","status":"passed","title":"sollte ein Team als \"eigen\" markieren","duration":8.790707999999995,"failureMessages":[],"location":{"line":238,"column":5},"meta":{}},{"ancestorTitles":["BBBSyncService","markMultipleAsOwnTeams"],"fullName":"BBBSyncService markMultipleAsOwnTeams sollte mehrere Teams als \"eigen\" markieren","status":"passed","title":"sollte mehrere Teams als \"eigen\" markieren","duration":23.006875000000036,"failureMessages":[],"location":{"line":268,"column":5},"meta":{}},{"ancestorTitles":["BBBSyncService","syncTabelleAndTeams"],"fullName":"BBBSyncService syncTabelleAndTeams sollte Tabellendaten korrekt speichern","status":"passed","title":"sollte Tabellendaten korrekt speichern","duration":10.670832999999902,"failureMessages":[],"location":{"line":314,"column":5},"meta":{}},{"ancestorTitles":["BBBSyncService","getLigenForSync"],"fullName":"BBBSyncService getLigenForSync sollte mehrere Ligen nacheinander synchronisieren","status":"passed","title":"sollte mehrere Ligen nacheinander synchronisieren","duration":1514.3320419999998,"failureMessages":[],"location":{"line":362,"column":5},"meta":{}}],"startTime":1761230931454,"endTime":1761230933062.332,"status":"passed","message":"","name":"/Users/oliver-marcuseder/Documents/00-Privat/Basketball-Apps/basketball-app/src/domains/bbb-api/services/__tests__/BBBSyncService.test.ts"},{"assertionResults":[{"ancestorTitles":["VerbandStep","Rendering"],"fullName":"VerbandStep Rendering sollte Überschrift und Beschreibung anzeigen","status":"passed","title":"sollte Überschrift und Beschreibung anzeigen","duration":37.53679199999988,"failureMessages":[],"location":{"line":26,"column":5},"meta":{}},{"ancestorTitles":["VerbandStep","Rendering"],"fullName":"VerbandStep Rendering sollte alle 16 Landesverbände anzeigen","status":"passed","title":"sollte alle 16 Landesverbände anzeigen","duration":26.70091699999989,"failureMessages":[],"location":{"line":38,"column":5},"meta":{}},{"ancestorTitles":["VerbandStep","Rendering"],"fullName":"VerbandStep Rendering sollte Info-Box für Mini-Basketball anzeigen","status":"passed","title":"sollte Info-Box für Mini-Basketball anzeigen","duration":14.695625000000064,"failureMessages":[],"location":{"line":52,"column":5},"meta":{}},{"ancestorTitles":["VerbandStep","Rendering"],"fullName":"VerbandStep Rendering sollte Zurück- und Weiter-Buttons anzeigen","status":"passed","title":"sollte Zurück- und Weiter-Buttons anzeigen","duration":14.645582999999988,"failureMessages":[],"location":{"line":64,"column":5},"meta":{}},{"ancestorTitles":["VerbandStep","Interaktion"],"fullName":"VerbandStep Interaktion sollte KEINE Vorauswahl haben (DEFAULT_VERBAND_ID = null)","status":"passed","title":"sollte KEINE Vorauswahl haben (DEFAULT_VERBAND_ID = null)","duration":23.515916999999945,"failureMessages":[],"location":{"line":78,"column":5},"meta":{}},{"ancestorTitles":["VerbandStep","Interaktion"],"fullName":"VerbandStep Interaktion sollte Weiter-Button initial disabled sein","status":"passed","title":"sollte Weiter-Button initial disabled sein","duration":12.31820800000014,"failureMessages":[],"location":{"line":93,"column":5},"meta":{}},{"ancestorTitles":["VerbandStep","Interaktion"],"fullName":"VerbandStep Interaktion sollte Verband auswählen können","status":"passed","title":"sollte Verband auswählen können","duration":44.81454099999996,"failureMessages":[],"location":{"line":105,"column":5},"meta":{}},{"ancestorTitles":["VerbandStep","Interaktion"],"fullName":"VerbandStep Interaktion sollte Weiter-Button nach Auswahl aktivieren","status":"passed","title":"sollte Weiter-Button nach Auswahl aktivieren","duration":24.38587500000017,"failureMessages":[],"location":{"line":122,"column":5},"meta":{}},{"ancestorTitles":["VerbandStep","Interaktion"],"fullName":"VerbandStep Interaktion sollte onNext mit ausgewählter Verbands-ID aufrufen","status":"passed","title":"sollte onNext mit ausgewählter Verbands-ID aufrufen","duration":38.59920799999986,"failureMessages":[],"location":{"line":142,"column":5},"meta":{}},{"ancestorTitles":["VerbandStep","Interaktion"],"fullName":"VerbandStep Interaktion sollte onBack beim Zurück-Button aufrufen","status":"passed","title":"sollte onBack beim Zurück-Button aufrufen","duration":18.373959000000013,"failureMessages":[],"location":{"line":163,"column":5},"meta":{}},{"ancestorTitles":["VerbandStep","Interaktion"],"fullName":"VerbandStep Interaktion sollte initialSelection vorauswählen","status":"passed","title":"sollte initialSelection vorauswählen","duration":14.33987500000012,"failureMessages":[],"location":{"line":179,"column":5},"meta":{}},{"ancestorTitles":["VerbandStep","Interaktion"],"fullName":"VerbandStep Interaktion sollte nur einen Verband gleichzeitig auswählen können","status":"passed","title":"sollte nur einen Verband gleichzeitig auswählen können","duration":33.94395799999984,"failureMessages":[],"location":{"line":196,"column":5},"meta":{}},{"ancestorTitles":["VerbandStep","Überregionale Verbände"],"fullName":"VerbandStep Überregionale Verbände sollte Details-Element für überregionale Verbände haben","status":"passed","title":"sollte Details-Element für überregionale Verbände haben","duration":8.152666999999838,"failureMessages":[],"location":{"line":222,"column":5},"meta":{}},{"ancestorTitles":["VerbandStep","Überregionale Verbände"],"fullName":"VerbandStep Überregionale Verbände sollte überregionale Verbände beim Aufklappen zeigen","status":"passed","title":"sollte überregionale Verbände beim Aufklappen zeigen","duration":22.781375000000025,"failureMessages":[],"location":{"line":233,"column":5},"meta":{}},{"ancestorTitles":["VerbandStep","Accessibility (WCAG 2.0 AA)"],"fullName":"VerbandStep Accessibility (WCAG 2.0 AA) sollte keine axe-core Violations haben","status":"passed","title":"sollte keine axe-core Violations haben","duration":78.3293329999999,"failureMessages":[],"location":{"line":260,"column":5},"meta":{}},{"ancestorTitles":["VerbandStep","Accessibility (WCAG 2.0 AA)"],"fullName":"VerbandStep Accessibility (WCAG 2.0 AA) sollte accessible Labels für alle Radio-Buttons haben","status":"passed","title":"sollte accessible Labels für alle Radio-Buttons haben","duration":18.86483300000009,"failureMessages":[],"location":{"line":272,"column":5},"meta":{}},{"ancestorTitles":["VerbandStep","Accessibility (WCAG 2.0 AA)"],"fullName":"VerbandStep Accessibility (WCAG 2.0 AA) sollte disabled Button korrekt kennzeichnen","status":"passed","title":"sollte disabled Button korrekt kennzeichnen","duration":12.114250000000084,"failureMessages":[],"location":{"line":287,"column":5},"meta":{}},{"ancestorTitles":["VerbandStep","Accessibility (WCAG 2.0 AA)"],"fullName":"VerbandStep Accessibility (WCAG 2.0 AA) sollte Keyboard-Navigation unterstützen","status":"passed","title":"sollte Keyboard-Navigation unterstützen","duration":26.601333000000068,"failureMessages":[],"location":{"line":300,"column":5},"meta":{}},{"ancestorTitles":["VerbandStep","Accessibility (WCAG 2.0 AA)"],"fullName":"VerbandStep Accessibility (WCAG 2.0 AA) sollte Focus-Styles haben","status":"passed","title":"sollte Focus-Styles haben","duration":9.08987500000012,"failureMessages":[],"location":{"line":321,"column":5},"meta":{}},{"ancestorTitles":["VerbandStep","Edge Cases"],"fullName":"VerbandStep Edge Cases sollte mit undefined initialSelection umgehen","status":"passed","title":"sollte mit undefined initialSelection umgehen","duration":21.06420899999989,"failureMessages":[],"location":{"line":336,"column":5},"meta":{}},{"ancestorTitles":["VerbandStep","Edge Cases"],"fullName":"VerbandStep Edge Cases sollte mit null initialSelection umgehen","status":"passed","title":"sollte mit null initialSelection umgehen","duration":14.725625000000036,"failureMessages":[],"location":{"line":351,"column":5},"meta":{}},{"ancestorTitles":["VerbandStep","Edge Cases"],"fullName":"VerbandStep Edge Cases sollte Form-Submit verhindern (preventDefault)","status":"passed","title":"sollte Form-Submit verhindern (preventDefault)","duration":22.51995799999986,"failureMessages":[],"location":{"line":366,"column":5},"meta":{}}],"startTime":1761230931544,"endTime":1761230932082.52,"status":"passed","message":"","name":"/Users/oliver-marcuseder/Documents/00-Privat/Basketball-Apps/basketball-app/src/domains/onboarding/components/v2/__tests__/VerbandStep.test.tsx"}]}