{"numTotalTestSuites":165,"numPassedTestSuites":154,"numFailedTestSuites":11,"numPendingTestSuites":0,"numTotalTests":322,"numPassedTests":313,"numFailedTests":8,"numPendingTests":1,"numTodoTests":0,"snapshot":{"added":0,"failure":false,"filesAdded":0,"filesRemoved":0,"filesRemovedList":[],"filesUnmatched":0,"filesUpdated":0,"matched":0,"total":0,"unchecked":0,"uncheckedKeysByFile":[],"unmatched":0,"updated":0,"didUpdate":false},"startTime":1761555146235,"success":false,"testResults":[{"assertionResults":[{"ancestorTitles":["extractLigaIdFromUrl","Query Parameter Extraktion"],"fullName":"extractLigaIdFromUrl Query Parameter Extraktion sollte liga_id aus Query-Parametern extrahieren","status":"passed","title":"sollte liga_id aus Query-Parametern extrahieren","duration":1.06495799999999,"failureMessages":[],"meta":{}},{"ancestorTitles":["extractLigaIdFromUrl","Query Parameter Extraktion"],"fullName":"extractLigaIdFromUrl Query Parameter Extraktion sollte verschiedene Parameter-Namen unterstützen","status":"passed","title":"sollte verschiedene Parameter-Namen unterstützen","duration":0.34137500000002774,"failureMessages":[],"meta":{}},{"ancestorTitles":["extractLigaIdFromUrl","Path-basierte Extraktion"],"fullName":"extractLigaIdFromUrl Path-basierte Extraktion sollte Liga-ID aus URL-Pfad extrahieren","status":"passed","title":"sollte Liga-ID aus URL-Pfad extrahieren","duration":0.49758400000001757,"failureMessages":[],"meta":{}},{"ancestorTitles":["extractLigaIdFromUrl","Fehlerbehandlung"],"fullName":"extractLigaIdFromUrl Fehlerbehandlung sollte null bei ungültigen Eingaben zurückgeben","status":"passed","title":"sollte null bei ungültigen Eingaben zurückgeben","duration":0.24349999999998317,"failureMessages":[],"meta":{}},{"ancestorTitles":["extractLigaIdFromUrl","Komplexe URLs"],"fullName":"extractLigaIdFromUrl Komplexe URLs sollte Liga-ID aus komplexen BBB URLs extrahieren","status":"passed","title":"sollte Liga-ID aus komplexen BBB URLs extrahieren","duration":0.0729170000000181,"failureMessages":[],"meta":{}},{"ancestorTitles":["extractLigaIdFromUrl","Komplexe URLs"],"fullName":"extractLigaIdFromUrl Komplexe URLs sollte Liga-ID aus Team-Statistik URLs extrahieren","status":"passed","title":"sollte Liga-ID aus Team-Statistik URLs extrahieren","duration":0.10687500000000227,"failureMessages":[],"meta":{}},{"ancestorTitles":["normalizeBBBUrl"],"fullName":"normalizeBBBUrl sollte Protocol hinzufügen wenn fehlt","status":"passed","title":"sollte Protocol hinzufügen wenn fehlt","duration":0.15841599999998834,"failureMessages":[],"meta":{}},{"ancestorTitles":["normalizeBBBUrl"],"fullName":"normalizeBBBUrl sollte print Parameter entfernen","status":"passed","title":"sollte print Parameter entfernen","duration":0.13283400000000256,"failureMessages":[],"meta":{}},{"ancestorTitles":["normalizeBBBUrl"],"fullName":"normalizeBBBUrl sollte trailing slash entfernen","status":"passed","title":"sollte trailing slash entfernen","duration":0.059292000000027656,"failureMessages":[],"meta":{}},{"ancestorTitles":["normalizeBBBUrl"],"fullName":"normalizeBBBUrl sollte leere Strings handhaben","status":"passed","title":"sollte leere Strings handhaben","duration":0.05691699999999855,"failureMessages":[],"meta":{}},{"ancestorTitles":["BBBUrls"],"fullName":"BBBUrls sollte korrekte REST API URLs generieren","status":"passed","title":"sollte korrekte REST API URLs generieren","duration":0.102374999999995,"failureMessages":[],"meta":{}},{"ancestorTitles":["isBBBUrl"],"fullName":"isBBBUrl sollte BBB URLs erkennen","status":"passed","title":"sollte BBB URLs erkennen","duration":0.07908300000002555,"failureMessages":[],"meta":{}},{"ancestorTitles":["isBBBUrl"],"fullName":"isBBBUrl sollte nicht-BBB URLs ablehnen","status":"passed","title":"sollte nicht-BBB URLs ablehnen","duration":0.06974999999999909,"failureMessages":[],"meta":{}}],"startTime":1761555150297,"endTime":1761555150300.1023,"status":"passed","message":"","name":"/Users/oliver-marcuseder/Documents/00-Privat/Basketball-Apps/basketball-app/src/shared/utils/urlUtils.test.ts"},{"assertionResults":[{"ancestorTitles":["Onboarding V3: Lokale Club-Daten Integration","ClubDataService"],"fullName":"Onboarding V3: Lokale Club-Daten Integration ClubDataService sollte Metadaten korrekt laden","status":"passed","title":"sollte Metadaten korrekt laden","duration":1.0902090000000726,"failureMessages":[],"meta":{}},{"ancestorTitles":["Onboarding V3: Lokale Club-Daten Integration","ClubDataService"],"fullName":"Onboarding V3: Lokale Club-Daten Integration ClubDataService sollte Clubs nach Namen suchen","status":"passed","title":"sollte Clubs nach Namen suchen","duration":0.41250000000002274,"failureMessages":[],"meta":{}},{"ancestorTitles":["Onboarding V3: Lokale Club-Daten Integration","ClubDataService"],"fullName":"Onboarding V3: Lokale Club-Daten Integration ClubDataService sollte Clubs nach Verband filtern","status":"passed","title":"sollte Clubs nach Verband filtern","duration":7.530583000000092,"failureMessages":[],"meta":{}},{"ancestorTitles":["Onboarding V3: Lokale Club-Daten Integration","ClubDataService"],"fullName":"Onboarding V3: Lokale Club-Daten Integration ClubDataService sollte leere Suche alle Clubs zurückgeben","status":"passed","title":"sollte leere Suche alle Clubs zurückgeben","duration":0.22483299999998962,"failureMessages":[],"meta":{}},{"ancestorTitles":["Onboarding V3: Lokale Club-Daten Integration","Club Details (Lazy Loading)"],"fullName":"Onboarding V3: Lokale Club-Daten Integration Club Details (Lazy Loading) sollte Club-Details aus Chunk laden","status":"passed","title":"sollte Club-Details aus Chunk laden","duration":5.567750000000046,"failureMessages":[],"meta":{}},{"ancestorTitles":["Onboarding V3: Lokale Club-Daten Integration","Club Details (Lazy Loading)"],"fullName":"Onboarding V3: Lokale Club-Daten Integration Club Details (Lazy Loading) sollte null für nicht existierenden Club zurückgeben","status":"passed","title":"sollte null für nicht existierenden Club zurückgeben","duration":0.8120000000000118,"failureMessages":[],"meta":{}},{"ancestorTitles":["Onboarding V3: Lokale Club-Daten Integration","Club Details (Lazy Loading)"],"fullName":"Onboarding V3: Lokale Club-Daten Integration Club Details (Lazy Loading) sollte Chunks cachen","status":"passed","title":"sollte Chunks cachen","duration":1.0270829999999478,"failureMessages":[],"meta":{}},{"ancestorTitles":["Onboarding V3: Lokale Club-Daten Integration","Verband-Filter"],"fullName":"Onboarding V3: Lokale Club-Daten Integration Verband-Filter sollte nur Clubs aus gewählten Verbänden zurückgeben","status":"passed","title":"sollte nur Clubs aus gewählten Verbänden zurückgeben","duration":0.38912500000003547,"failureMessages":[],"meta":{}},{"ancestorTitles":["Onboarding V3: Lokale Club-Daten Integration","Verband-Filter"],"fullName":"Onboarding V3: Lokale Club-Daten Integration Verband-Filter sollte Clubs in mehreren Verbänden finden","status":"passed","title":"sollte Clubs in mehreren Verbänden finden","duration":3.369250000000079,"failureMessages":[],"meta":{}},{"ancestorTitles":["Onboarding V3: Lokale Club-Daten Integration","Performance"],"fullName":"Onboarding V3: Lokale Club-Daten Integration Performance sollte Suche schnell sein (<100ms)","status":"passed","title":"sollte Suche schnell sein (<100ms)","duration":0.4113329999998996,"failureMessages":[],"meta":{}},{"ancestorTitles":["Onboarding V3: Lokale Club-Daten Integration","Performance"],"fullName":"Onboarding V3: Lokale Club-Daten Integration Performance sollte Metadaten-Zugriff sehr schnell sein (<10ms)","status":"passed","title":"sollte Metadaten-Zugriff sehr schnell sein (<10ms)","duration":0.3775829999999587,"failureMessages":[],"meta":{}},{"ancestorTitles":["Onboarding V3: Lokale Club-Daten Integration","Daten-Validierung"],"fullName":"Onboarding V3: Lokale Club-Daten Integration Daten-Validierung sollte valide Club-Struktur haben","status":"passed","title":"sollte valide Club-Struktur haben","duration":1.7328330000000278,"failureMessages":[],"meta":{}},{"ancestorTitles":["Onboarding V3: Lokale Club-Daten Integration","Daten-Validierung"],"fullName":"Onboarding V3: Lokale Club-Daten Integration Daten-Validierung sollte Teams mit korrekten Daten haben","status":"passed","title":"sollte Teams mit korrekten Daten haben","duration":0.2567500000000109,"failureMessages":[],"meta":{}},{"ancestorTitles":["Onboarding V3: Lokale Club-Daten Integration","Edge Cases"],"fullName":"Onboarding V3: Lokale Club-Daten Integration Edge Cases sollte leere Ergebnisse für unbekannten Suchbegriff zurückgeben","status":"passed","title":"sollte leere Ergebnisse für unbekannten Suchbegriff zurückgeben","duration":0.3923330000000078,"failureMessages":[],"meta":{}},{"ancestorTitles":["Onboarding V3: Lokale Club-Daten Integration","Edge Cases"],"fullName":"Onboarding V3: Lokale Club-Daten Integration Edge Cases sollte Sonderzeichen in Suche handhaben","status":"passed","title":"sollte Sonderzeichen in Suche handhaben","duration":0.23624999999992724,"failureMessages":[],"meta":{}},{"ancestorTitles":["Onboarding V3: Lokale Club-Daten Integration","Edge Cases"],"fullName":"Onboarding V3: Lokale Club-Daten Integration Edge Cases sollte Case-Insensitive Suche durchführen","status":"passed","title":"sollte Case-Insensitive Suche durchführen","duration":1.8573330000000396,"failureMessages":[],"meta":{}}],"startTime":1761555149825,"endTime":1761555149851.8574,"status":"passed","message":"","name":"/Users/oliver-marcuseder/Documents/00-Privat/Basketball-Apps/basketball-app/tests/integration/onboarding-local-data.test.ts"},{"assertionResults":[{"ancestorTitles":["CSVImportService","generateSpielerTemplate"],"fullName":"CSVImportService generateSpielerTemplate should generate valid CSV template","status":"passed","title":"should generate valid CSV template","duration":10.708834000000024,"failureMessages":[],"meta":{}},{"ancestorTitles":["CSVImportService","generateSpielerTemplate"],"fullName":"CSVImportService generateSpielerTemplate should include erziehungsberechtigte fields","status":"passed","title":"should include erziehungsberechtigte fields","duration":5.1157499999999345,"failureMessages":[],"meta":{}},{"ancestorTitles":["CSVImportService","generateSpielerTemplate"],"fullName":"CSVImportService generateSpielerTemplate should include example row","status":"passed","title":"should include example row","duration":4.092791000000034,"failureMessages":[],"meta":{}},{"ancestorTitles":["CSVImportService","generateTrikotTemplate"],"fullName":"CSVImportService generateTrikotTemplate should generate valid CSV template","status":"passed","title":"should generate valid CSV template","duration":10.347499999999854,"failureMessages":[],"meta":{}},{"ancestorTitles":["CSVImportService","generateTrikotTemplate"],"fullName":"CSVImportService generateTrikotTemplate should include example rows","status":"passed","title":"should include example rows","duration":8.717583000000104,"failureMessages":[],"meta":{}},{"ancestorTitles":["CSVImportService","generateTrikotTemplate"],"fullName":"CSVImportService generateTrikotTemplate should show Wendejersey and Hose examples","status":"passed","title":"should show Wendejersey and Hose examples","duration":7.186749999999847,"failureMessages":[],"meta":{}},{"ancestorTitles":["CSVImportService","importSpieler"],"fullName":"CSVImportService importSpieler should import spieler from valid CSV","status":"passed","title":"should import spieler from valid CSV","duration":15.280958000000055,"failureMessages":[],"meta":{}},{"ancestorTitles":["CSVImportService","importSpieler"],"fullName":"CSVImportService importSpieler should validate required fields","status":"passed","title":"should validate required fields","duration":12.332791000000043,"failureMessages":[],"meta":{}},{"ancestorTitles":["CSVImportService","importSpieler"],"fullName":"CSVImportService importSpieler should parse geburtsdatum correctly","status":"passed","title":"should parse geburtsdatum correctly","duration":14.497707999999875,"failureMessages":[],"meta":{}},{"ancestorTitles":["CSVImportService","importSpieler"],"fullName":"CSVImportService importSpieler should warn on invalid geburtsdatum","status":"passed","title":"should warn on invalid geburtsdatum","duration":16.32637499999987,"failureMessages":[],"meta":{}},{"ancestorTitles":["CSVImportService","importSpieler"],"fullName":"CSVImportService importSpieler should parse konfektionsgroessen as numbers","status":"passed","title":"should parse konfektionsgroessen as numbers","duration":32.96029199999998,"failureMessages":[],"meta":{}},{"ancestorTitles":["CSVImportService","importSpieler"],"fullName":"CSVImportService importSpieler should set spieler_typ to eigenes_team","status":"passed","title":"should set spieler_typ to eigenes_team","duration":24.367375000000038,"failureMessages":[],"meta":{}},{"ancestorTitles":["CSVImportService","importSpieler"],"fullName":"CSVImportService importSpieler should set aktiv to true by default","status":"passed","title":"should set aktiv to true by default","duration":23.10587499999997,"failureMessages":[],"meta":{}},{"ancestorTitles":["CSVImportService","importSpieler"],"fullName":"CSVImportService importSpieler should assign correct team_id","status":"passed","title":"should assign correct team_id","duration":20.66362499999991,"failureMessages":[],"meta":{}},{"ancestorTitles":["CSVImportService","importSpieler"],"fullName":"CSVImportService importSpieler should trim whitespace from names","status":"passed","title":"should trim whitespace from names","duration":15.45533300000011,"failureMessages":[],"meta":{}},{"ancestorTitles":["CSVImportService","importSpieler"],"fullName":"CSVImportService importSpieler should handle empty optional fields","status":"passed","title":"should handle empty optional fields","duration":16.094500000000153,"failureMessages":[],"meta":{}},{"ancestorTitles":["CSVImportService","importSpieler - Erziehungsberechtigte"],"fullName":"CSVImportService importSpieler - Erziehungsberechtigte should create erziehungsberechtigte when email provided","status":"passed","title":"should create erziehungsberechtigte when email provided","duration":33.63474999999994,"failureMessages":[],"meta":{}},{"ancestorTitles":["CSVImportService","importSpieler - Erziehungsberechtigte"],"fullName":"CSVImportService importSpieler - Erziehungsberechtigte should warn when erziehungsberechtigte has no phone","status":"passed","title":"should warn when erziehungsberechtigte has no phone","duration":12.00587500000006,"failureMessages":[],"meta":{}},{"ancestorTitles":["CSVImportService","importSpieler - Erziehungsberechtigte"],"fullName":"CSVImportService importSpieler - Erziehungsberechtigte should reuse erziehungsberechtigte with same email","status":"passed","title":"should reuse erziehungsberechtigte with same email","duration":39.47954099999993,"failureMessages":[],"meta":{}},{"ancestorTitles":["CSVImportService","importSpieler - Erziehungsberechtigte"],"fullName":"CSVImportService importSpieler - Erziehungsberechtigte should create spieler_erziehungsberechtigte relationship","status":"passed","title":"should create spieler_erziehungsberechtigte relationship","duration":17.56283399999984,"failureMessages":[],"meta":{}},{"ancestorTitles":["CSVImportService","importTrikots"],"fullName":"CSVImportService importTrikots should import trikots from valid CSV","status":"passed","title":"should import trikots from valid CSV","duration":28.673541999999998,"failureMessages":[],"meta":{}},{"ancestorTitles":["CSVImportService","importTrikots"],"fullName":"CSVImportService importTrikots should validate required art field","status":"passed","title":"should validate required art field","duration":20.821292000000085,"failureMessages":[],"meta":{}},{"ancestorTitles":["CSVImportService","importTrikots"],"fullName":"CSVImportService importTrikots should validate art values","status":"passed","title":"should validate art values","duration":22.560375000000022,"failureMessages":[],"meta":{}},{"ancestorTitles":["CSVImportService","importTrikots"],"fullName":"CSVImportService importTrikots should validate groesse field","status":"passed","title":"should validate groesse field","duration":11.83683300000007,"failureMessages":[],"meta":{}},{"ancestorTitles":["CSVImportService","importTrikots"],"fullName":"CSVImportService importTrikots should validate eu_groesse range","status":"passed","title":"should validate eu_groesse range","duration":12.069915999999921,"failureMessages":[],"meta":{}},{"ancestorTitles":["CSVImportService","importTrikots"],"fullName":"CSVImportService importTrikots should parse eu_groesse as number","status":"passed","title":"should parse eu_groesse as number","duration":14.88412500000004,"failureMessages":[],"meta":{}},{"ancestorTitles":["CSVImportService","importTrikots"],"fullName":"CSVImportService importTrikots should set status to verfügbar","status":"passed","title":"should set status to verfügbar","duration":26.83595799999989,"failureMessages":[],"meta":{}},{"ancestorTitles":["CSVImportService","importTrikots"],"fullName":"CSVImportService importTrikots should handle optional nummer field","status":"passed","title":"should handle optional nummer field","duration":16.005499999999984,"failureMessages":[],"meta":{}},{"ancestorTitles":["CSVImportService","importTrikots"],"fullName":"CSVImportService importTrikots should handle optional farbe fields","status":"passed","title":"should handle optional farbe fields","duration":24.012249999999995,"failureMessages":[],"meta":{}},{"ancestorTitles":["CSVImportService","importTrikots"],"fullName":"CSVImportService importTrikots should trim whitespace","status":"passed","title":"should trim whitespace","duration":41.257499999999936,"failureMessages":[],"meta":{}},{"ancestorTitles":["CSVImportService","Error Handling"],"fullName":"CSVImportService Error Handling should handle malformed CSV gracefully","status":"passed","title":"should handle malformed CSV gracefully","duration":38.04820900000004,"failureMessages":[],"meta":{}},{"ancestorTitles":["CSVImportService","Error Handling"],"fullName":"CSVImportService Error Handling should handle empty CSV file","status":"passed","title":"should handle empty CSV file","duration":17.20012500000007,"failureMessages":[],"meta":{}},{"ancestorTitles":["CSVImportService","Error Handling"],"fullName":"CSVImportService Error Handling should handle CSV with only headers","status":"passed","title":"should handle CSV with only headers","duration":9.866582999999991,"failureMessages":[],"meta":{}}],"startTime":1761555147520,"endTime":1761555148144.8667,"status":"passed","message":"","name":"/Users/oliver-marcuseder/Documents/00-Privat/Basketball-Apps/basketball-app/src/domains/onboarding/services/CSVImportService.test.ts"},{"assertionResults":[{"ancestorTitles":["TeamService","createTeam"],"fullName":"TeamService createTeam should create a new team with valid input","status":"passed","title":"should create a new team with valid input","duration":23.30054199999995,"failureMessages":[],"meta":{}},{"ancestorTitles":["TeamService","createTeam"],"fullName":"TeamService createTeam should create team with optional leistungsorientiert flag","status":"passed","title":"should create team with optional leistungsorientiert flag","duration":18.928334000000063,"failureMessages":[],"meta":{}},{"ancestorTitles":["TeamService","createTeam"],"fullName":"TeamService createTeam should persist team to database","status":"passed","title":"should persist team to database","duration":18.707875000000058,"failureMessages":[],"meta":{}},{"ancestorTitles":["TeamService","getTeamById"],"fullName":"TeamService getTeamById should return team when it exists","status":"passed","title":"should return team when it exists","duration":12.201459,"failureMessages":[],"meta":{}},{"ancestorTitles":["TeamService","getTeamById"],"fullName":"TeamService getTeamById should return undefined when team does not exist","status":"passed","title":"should return undefined when team does not exist","duration":9.225291999999968,"failureMessages":[],"meta":{}},{"ancestorTitles":["TeamService","getTeamsByVerein"],"fullName":"TeamService getTeamsByVerein should return all teams of a verein","status":"passed","title":"should return all teams of a verein","duration":12.292374999999993,"failureMessages":[],"meta":{}},{"ancestorTitles":["TeamService","getTeamsByVerein"],"fullName":"TeamService getTeamsByVerein should return empty array when verein has no teams","status":"passed","title":"should return empty array when verein has no teams","duration":10.410083999999983,"failureMessages":[],"meta":{}},{"ancestorTitles":["TeamService","getTeamsBySaison"],"fullName":"TeamService getTeamsBySaison should return all teams of a specific saison","status":"passed","title":"should return all teams of a specific saison","duration":15.533791999999949,"failureMessages":[],"meta":{}},{"ancestorTitles":["TeamService","updateTeam"],"fullName":"TeamService updateTeam should update team properties","status":"passed","title":"should update team properties","duration":18.897000000000048,"failureMessages":[],"meta":{}},{"ancestorTitles":["TeamService","deleteTeam"],"fullName":"TeamService deleteTeam should delete team from database","status":"passed","title":"should delete team from database","duration":14.569124999999985,"failureMessages":[],"meta":{}},{"ancestorTitles":["TeamService","deleteTeam"],"fullName":"TeamService deleteTeam should cascade delete related data","status":"passed","title":"should cascade delete related data","duration":15.074666999999977,"failureMessages":[],"meta":{}},{"ancestorTitles":["TeamService","isTeamNameTaken"],"fullName":"TeamService isTeamNameTaken should return true if team name exists in same verein and saison","status":"passed","title":"should return true if team name exists in same verein and saison","duration":14.373833999999988,"failureMessages":[],"meta":{}},{"ancestorTitles":["TeamService","isTeamNameTaken"],"fullName":"TeamService isTeamNameTaken should return false if team name does not exist","status":"passed","title":"should return false if team name does not exist","duration":8.53145799999993,"failureMessages":[],"meta":{}},{"ancestorTitles":["TeamService","isTeamNameTaken"],"fullName":"TeamService isTeamNameTaken should allow same name in different saison","status":"passed","title":"should allow same name in different saison","duration":31.369000000000028,"failureMessages":[],"meta":{}},{"ancestorTitles":["TeamService","countPlayers"],"fullName":"TeamService countPlayers should return correct player count","status":"passed","title":"should return correct player count","duration":45.218583999999964,"failureMessages":[],"meta":{}},{"ancestorTitles":["TeamService","countGames"],"fullName":"TeamService countGames should return correct game count","status":"passed","title":"should return correct game count","duration":27.663167000000044,"failureMessages":[],"meta":{}}],"startTime":1761555149670,"endTime":1761555149967.663,"status":"passed","message":"","name":"/Users/oliver-marcuseder/Documents/00-Privat/Basketball-Apps/basketball-app/src/domains/team/services/TeamService.test.ts"},{"assertionResults":[{"ancestorTitles":["SpielerService Integration Tests","Contract: createSpieler → Database"],"fullName":"SpielerService Integration Tests Contract: createSpieler → Database sollte Contract für vollständigen Spieler erfüllen","status":"passed","title":"sollte Contract für vollständigen Spieler erfüllen","duration":24.325874999999996,"failureMessages":[],"meta":{}},{"ancestorTitles":["SpielerService Integration Tests","Contract: createSpieler → Database"],"fullName":"SpielerService Integration Tests Contract: createSpieler → Database sollte Contract für minimalen Spieler erfüllen","status":"passed","title":"sollte Contract für minimalen Spieler erfüllen","duration":11.489292000000091,"failureMessages":[],"meta":{}},{"ancestorTitles":["SpielerService Integration Tests","Contract: getSpielerByTeam → Database"],"fullName":"SpielerService Integration Tests Contract: getSpielerByTeam → Database sollte alle Spieler eines Teams zurückgeben","status":"passed","title":"sollte alle Spieler eines Teams zurückgeben","duration":11.264499999999998,"failureMessages":[],"meta":{}},{"ancestorTitles":["SpielerService Integration Tests","Contract: getSpielerByTeam → Database"],"fullName":"SpielerService Integration Tests Contract: getSpielerByTeam → Database sollte Filter korrekt an Database weitergeben","status":"passed","title":"sollte Filter korrekt an Database weitergeben","duration":12.368125000000077,"failureMessages":[],"meta":{}},{"ancestorTitles":["SpielerService Integration Tests","Contract: updateSpieler → Database"],"fullName":"SpielerService Integration Tests Contract: updateSpieler → Database sollte partielle Updates korrekt durchführen","status":"passed","title":"sollte partielle Updates korrekt durchführen","duration":18.98991699999999,"failureMessages":[],"meta":{}},{"ancestorTitles":["SpielerService Integration Tests","Contract: updateSpieler → Database"],"fullName":"SpielerService Integration Tests Contract: updateSpieler → Database sollte Fehler bei nicht existierendem Spieler werfen","status":"passed","title":"sollte Fehler bei nicht existierendem Spieler werfen","duration":16.752666999999974,"failureMessages":[],"meta":{}},{"ancestorTitles":["SpielerService Integration Tests","Contract: deleteSpieler → Database"],"fullName":"SpielerService Integration Tests Contract: deleteSpieler → Database sollte Spieler aus Database entfernen","status":"passed","title":"sollte Spieler aus Database entfernen","duration":13.578875000000039,"failureMessages":[],"meta":{}},{"ancestorTitles":["SpielerService Integration Tests","Contract: Concurrent Operations"],"fullName":"SpielerService Integration Tests Contract: Concurrent Operations sollte gleichzeitige Operationen korrekt verarbeiten","status":"passed","title":"sollte gleichzeitige Operationen korrekt verarbeiten","duration":15.722875000000045,"failureMessages":[],"meta":{}},{"ancestorTitles":["SpielerService Integration Tests","Contract: Data Integrity"],"fullName":"SpielerService Integration Tests Contract: Data Integrity sollte Datenintegrität bei komplexen Szenarien wahren","status":"passed","title":"sollte Datenintegrität bei komplexen Szenarien wahren","duration":18.09579199999996,"failureMessages":[],"meta":{}},{"ancestorTitles":["SpielerService Integration Tests","Contract: Error Handling"],"fullName":"SpielerService Integration Tests Contract: Error Handling sollte Validierungsfehler korrekt propagieren","status":"passed","title":"sollte Validierungsfehler korrekt propagieren","duration":19.975624999999923,"failureMessages":[],"meta":{}},{"ancestorTitles":["SpielerService Integration Tests","Contract: Error Handling"],"fullName":"SpielerService Integration Tests Contract: Error Handling sollte Database-Fehler korrekt behandeln","status":"passed","title":"sollte Database-Fehler korrekt behandeln","duration":32.35220800000002,"failureMessages":[],"meta":{}}],"startTime":1761555149712,"endTime":1761555149907.3523,"status":"passed","message":"","name":"/Users/oliver-marcuseder/Documents/00-Privat/Basketball-Apps/basketball-app/src/domains/spieler/services/SpielerService.integration.test.ts"},{"assertionResults":[{"ancestorTitles":["SpielerService","createSpieler"],"fullName":"SpielerService createSpieler sollte einen Spieler erfolgreich erstellen","status":"passed","title":"sollte einen Spieler erfolgreich erstellen","duration":24.596665999999914,"failureMessages":[],"meta":{}},{"ancestorTitles":["SpielerService","createSpieler"],"fullName":"SpielerService createSpieler sollte einen Gegenspieler ohne Team erstellen können","status":"passed","title":"sollte einen Gegenspieler ohne Team erstellen können","duration":11.321709000000055,"failureMessages":[],"meta":{}},{"ancestorTitles":["SpielerService","createSpieler"],"fullName":"SpielerService createSpieler sollte Validierungsfehler bei fehlenden Pflichtfeldern werfen","status":"passed","title":"sollte Validierungsfehler bei fehlenden Pflichtfeldern werfen","duration":9.168542000000002,"failureMessages":[],"meta":{}},{"ancestorTitles":["SpielerService","getSpielerById"],"fullName":"SpielerService getSpielerById sollte einen Spieler anhand der ID finden","status":"passed","title":"sollte einen Spieler anhand der ID finden","duration":9.921124999999961,"failureMessages":[],"meta":{}},{"ancestorTitles":["SpielerService","getSpielerById"],"fullName":"SpielerService getSpielerById sollte null zurückgeben bei nicht existierender ID","status":"passed","title":"sollte null zurückgeben bei nicht existierender ID","duration":10.299082999999996,"failureMessages":[],"meta":{}},{"ancestorTitles":["SpielerService","getSpielerByTeam"],"fullName":"SpielerService getSpielerByTeam sollte alle Spieler eines Teams zurückgeben","status":"passed","title":"sollte alle Spieler eines Teams zurückgeben","duration":17.462167000000022,"failureMessages":[],"meta":{}},{"ancestorTitles":["SpielerService","getSpielerByTeam"],"fullName":"SpielerService getSpielerByTeam sollte nur aktive Spieler zurückgeben wenn Filter gesetzt","status":"passed","title":"sollte nur aktive Spieler zurückgeben wenn Filter gesetzt","duration":15.652124999999955,"failureMessages":[],"meta":{}},{"ancestorTitles":["SpielerService","updateSpieler"],"fullName":"SpielerService updateSpieler sollte einen Spieler aktualisieren","status":"passed","title":"sollte einen Spieler aktualisieren","duration":14.744834000000083,"failureMessages":[],"meta":{}},{"ancestorTitles":["SpielerService","updateSpieler"],"fullName":"SpielerService updateSpieler sollte Fehler werfen bei nicht existierender ID","status":"passed","title":"sollte Fehler werfen bei nicht existierender ID","duration":11.588957999999934,"failureMessages":[],"meta":{}},{"ancestorTitles":["SpielerService","deleteSpieler"],"fullName":"SpielerService deleteSpieler sollte einen Spieler löschen","status":"passed","title":"sollte einen Spieler löschen","duration":6.671707999999967,"failureMessages":[],"meta":{}},{"ancestorTitles":["SpielerService","deleteSpieler"],"fullName":"SpielerService deleteSpieler sollte Fehler werfen bei nicht existierender ID","status":"passed","title":"sollte Fehler werfen bei nicht existierender ID","duration":4.3885420000000295,"failureMessages":[],"meta":{}},{"ancestorTitles":["SpielerService","countAktiveSpieler"],"fullName":"SpielerService countAktiveSpieler sollte die Anzahl aktiver Spieler zurückgeben","status":"passed","title":"sollte die Anzahl aktiver Spieler zurückgeben","duration":9.395250000000033,"failureMessages":[],"meta":{}},{"ancestorTitles":["SpielerService","getSpielerByMitgliedsnummer"],"fullName":"SpielerService getSpielerByMitgliedsnummer sollte Spieler anhand der Mitgliedsnummer finden","status":"passed","title":"sollte Spieler anhand der Mitgliedsnummer finden","duration":6.183457999999973,"failureMessages":[],"meta":{}},{"ancestorTitles":["SpielerService","getSpielerByMitgliedsnummer"],"fullName":"SpielerService getSpielerByMitgliedsnummer sollte null zurückgeben wenn nicht gefunden","status":"passed","title":"sollte null zurückgeben wenn nicht gefunden","duration":6.582583,"failureMessages":[],"meta":{}},{"ancestorTitles":["SpielerService","searchSpieler"],"fullName":"SpielerService searchSpieler sollte Spieler nach Vorname suchen","status":"passed","title":"sollte Spieler nach Vorname suchen","duration":6.893167000000062,"failureMessages":[],"meta":{}},{"ancestorTitles":["SpielerService","searchSpieler"],"fullName":"SpielerService searchSpieler sollte Spieler nach Nachname suchen","status":"passed","title":"sollte Spieler nach Nachname suchen","duration":9.361708000000021,"failureMessages":[],"meta":{}},{"ancestorTitles":["SpielerService","searchSpieler"],"fullName":"SpielerService searchSpieler sollte case-insensitive suchen","status":"passed","title":"sollte case-insensitive suchen","duration":5.808874999999944,"failureMessages":[],"meta":{}},{"ancestorTitles":["SpielerService","searchSpieler"],"fullName":"SpielerService searchSpieler sollte leere Liste bei keinem Treffer zurückgeben","status":"passed","title":"sollte leere Liste bei keinem Treffer zurückgeben","duration":5.5877499999999145,"failureMessages":[],"meta":{}}],"startTime":1761555148710,"endTime":1761555148896.5876,"status":"passed","message":"","name":"/Users/oliver-marcuseder/Documents/00-Privat/Basketball-Apps/basketball-app/src/domains/spieler/services/SpielerService.test.ts"},{"assertionResults":[{"ancestorTitles":["VereinService","createVerein"],"fullName":"VereinService createVerein should create a new verein with required fields","status":"passed","title":"should create a new verein with required fields","duration":45.058625000000006,"failureMessages":[],"meta":{}},{"ancestorTitles":["VereinService","createVerein"],"fullName":"VereinService createVerein should create verein with optional fields","status":"passed","title":"should create verein with optional fields","duration":16.527958000000012,"failureMessages":[],"meta":{}},{"ancestorTitles":["VereinService","createVerein"],"fullName":"VereinService createVerein should persist verein to database","status":"passed","title":"should persist verein to database","duration":15.011417000000051,"failureMessages":[],"meta":{}},{"ancestorTitles":["VereinService","createVerein"],"fullName":"VereinService createVerein should generate unique verein_id","status":"passed","title":"should generate unique verein_id","duration":14.285291999999913,"failureMessages":[],"meta":{}},{"ancestorTitles":["VereinService","createVerein"],"fullName":"VereinService createVerein should set ist_eigener_verein to true by default","status":"passed","title":"should set ist_eigener_verein to true by default","duration":12.982375000000047,"failureMessages":[],"meta":{}},{"ancestorTitles":["VereinService","getVereinById"],"fullName":"VereinService getVereinById should find verein by ID","status":"passed","title":"should find verein by ID","duration":12.60166700000002,"failureMessages":[],"meta":{}},{"ancestorTitles":["VereinService","getVereinById"],"fullName":"VereinService getVereinById should return undefined for non-existent ID","status":"passed","title":"should return undefined for non-existent ID","duration":13.329375000000027,"failureMessages":[],"meta":{}},{"ancestorTitles":["VereinService","getAllVereine"],"fullName":"VereinService getAllVereine should return empty array when no vereine exist","status":"passed","title":"should return empty array when no vereine exist","duration":14.058541999999989,"failureMessages":[],"meta":{}},{"ancestorTitles":["VereinService","getAllVereine"],"fullName":"VereinService getAllVereine should return all vereine","status":"passed","title":"should return all vereine","duration":33.58520899999996,"failureMessages":[],"meta":{}},{"ancestorTitles":["VereinService","getAllVereine"],"fullName":"VereinService getAllVereine should return both eigene and gegner vereine","status":"passed","title":"should return both eigene and gegner vereine","duration":16.566417,"failureMessages":[],"meta":{}},{"ancestorTitles":["VereinService","getEigeneVereine"],"fullName":"VereinService getEigeneVereine should return only eigene vereine","status":"passed","title":"should return only eigene vereine","duration":19.381917000000044,"failureMessages":[],"meta":{}},{"ancestorTitles":["VereinService","getEigeneVereine"],"fullName":"VereinService getEigeneVereine should return empty array when no eigene vereine exist","status":"passed","title":"should return empty array when no eigene vereine exist","duration":12.705791999999974,"failureMessages":[],"meta":{}},{"ancestorTitles":["VereinService","getGegnerVereine"],"fullName":"VereinService getGegnerVereine should return only gegner vereine","status":"passed","title":"should return only gegner vereine","duration":12.725916999999981,"failureMessages":[],"meta":{}},{"ancestorTitles":["VereinService","searchVereine"],"fullName":"VereinService searchVereine should find vereine by name","status":"passed","title":"should find vereine by name","duration":8.766165999999998,"failureMessages":[],"meta":{}},{"ancestorTitles":["VereinService","searchVereine"],"fullName":"VereinService searchVereine should find vereine by ort","status":"passed","title":"should find vereine by ort","duration":10.983665999999971,"failureMessages":[],"meta":{}},{"ancestorTitles":["VereinService","searchVereine"],"fullName":"VereinService searchVereine should find vereine by kurzname","status":"passed","title":"should find vereine by kurzname","duration":19.912874999999985,"failureMessages":[],"meta":{}},{"ancestorTitles":["VereinService","searchVereine"],"fullName":"VereinService searchVereine should be case-insensitive","status":"passed","title":"should be case-insensitive","duration":17.552874999999972,"failureMessages":[],"meta":{}},{"ancestorTitles":["VereinService","searchVereine"],"fullName":"VereinService searchVereine should find partial matches","status":"passed","title":"should find partial matches","duration":12.587125000000015,"failureMessages":[],"meta":{}},{"ancestorTitles":["VereinService","searchVereine"],"fullName":"VereinService searchVereine should return empty array for no matches","status":"passed","title":"should return empty array for no matches","duration":8.762749999999983,"failureMessages":[],"meta":{}},{"ancestorTitles":["VereinService","searchVereine"],"fullName":"VereinService searchVereine should find multiple matches","status":"passed","title":"should find multiple matches","duration":10.469667000000072,"failureMessages":[],"meta":{}},{"ancestorTitles":["VereinService","updateVerein"],"fullName":"VereinService updateVerein should update verein fields","status":"passed","title":"should update verein fields","duration":10.404084000000012,"failureMessages":[],"meta":{}},{"ancestorTitles":["VereinService","updateVerein"],"fullName":"VereinService updateVerein should update only provided fields","status":"passed","title":"should update only provided fields","duration":7.263417000000004,"failureMessages":[],"meta":{}},{"ancestorTitles":["VereinService","updateVerein"],"fullName":"VereinService updateVerein should update ist_eigener_verein flag","status":"passed","title":"should update ist_eigener_verein flag","duration":7.538667000000032,"failureMessages":[],"meta":{}},{"ancestorTitles":["VereinService","deleteVerein"],"fullName":"VereinService deleteVerein should delete verein without teams","status":"passed","title":"should delete verein without teams","duration":11.42170800000008,"failureMessages":[],"meta":{}},{"ancestorTitles":["VereinService","deleteVerein"],"fullName":"VereinService deleteVerein should throw error when verein has teams","status":"passed","title":"should throw error when verein has teams","duration":10.406583999999953,"failureMessages":[],"meta":{}},{"ancestorTitles":["VereinService","isVereinNameTaken"],"fullName":"VereinService isVereinNameTaken should return true if name and ort combination exists","status":"passed","title":"should return true if name and ort combination exists","duration":7.6115420000000995,"failureMessages":[],"meta":{}},{"ancestorTitles":["VereinService","isVereinNameTaken"],"fullName":"VereinService isVereinNameTaken should return false if name and ort combination does not exist","status":"passed","title":"should return false if name and ort combination does not exist","duration":12.023250000000075,"failureMessages":[],"meta":{}},{"ancestorTitles":["VereinService","isVereinNameTaken"],"fullName":"VereinService isVereinNameTaken should allow same name in different ort","status":"passed","title":"should allow same name in different ort","duration":7.461708000000044,"failureMessages":[],"meta":{}},{"ancestorTitles":["VereinService","isVereinNameTaken"],"fullName":"VereinService isVereinNameTaken should return false for empty database","status":"passed","title":"should return false for empty database","duration":11.489708000000064,"failureMessages":[],"meta":{}},{"ancestorTitles":["VereinService","countTeams"],"fullName":"VereinService countTeams should return 0 for verein without teams","status":"passed","title":"should return 0 for verein without teams","duration":8.75587500000006,"failureMessages":[],"meta":{}},{"ancestorTitles":["VereinService","countTeams"],"fullName":"VereinService countTeams should return correct team count","status":"passed","title":"should return correct team count","duration":7.135125000000016,"failureMessages":[],"meta":{}},{"ancestorTitles":["VereinService","countTeams"],"fullName":"VereinService countTeams should only count teams for specific verein","status":"passed","title":"should only count teams for specific verein","duration":6.079958000000033,"failureMessages":[],"meta":{}},{"ancestorTitles":["VereinService","Edge Cases"],"fullName":"VereinService Edge Cases should handle empty name gracefully","status":"passed","title":"should handle empty name gracefully","duration":5.399291999999832,"failureMessages":[],"meta":{}},{"ancestorTitles":["VereinService","Edge Cases"],"fullName":"VereinService Edge Cases should handle special characters in name","status":"passed","title":"should handle special characters in name","duration":8.290291000000025,"failureMessages":[],"meta":{}},{"ancestorTitles":["VereinService","Edge Cases"],"fullName":"VereinService Edge Cases should handle German umlauts","status":"passed","title":"should handle German umlauts","duration":4.394667000000027,"failureMessages":[],"meta":{}},{"ancestorTitles":["VereinService","Edge Cases"],"fullName":"VereinService Edge Cases should handle long names","status":"passed","title":"should handle long names","duration":4.667750000000069,"failureMessages":[],"meta":{}}],"startTime":1761555148409,"endTime":1761555148868.6677,"status":"passed","message":"","name":"/Users/oliver-marcuseder/Documents/00-Privat/Basketball-Apps/basketball-app/src/domains/verein/services/VereinService.test.ts"},{"assertionResults":[{"ancestorTitles":["Onboarding Team-Merge Integration"],"fullName":"Onboarding Team-Merge Integration should merge User-Team with Sync-Team and update Spiele references","status":"passed","title":"should merge User-Team with Sync-Team and update Spiele references","duration":40.69862499999999,"failureMessages":[],"meta":{}},{"ancestorTitles":["Onboarding Team-Merge Integration"],"fullName":"Onboarding Team-Merge Integration should find Spiele by team_id after merge","status":"passed","title":"should find Spiele by team_id after merge","duration":9.772041999999942,"failureMessages":[],"meta":{}}],"startTime":1761555149799,"endTime":1761555149849.772,"status":"passed","message":"","name":"/Users/oliver-marcuseder/Documents/00-Privat/Basketball-Apps/basketball-app/tests/integration/onboarding/team-merge.test.ts"},{"assertionResults":[{"ancestorTitles":["BBBApiService","fetchWithFallback"],"fullName":"BBBApiService fetchWithFallback sollte direkte Anfrage versuchen (DEV: verwendet Proxy)","status":"passed","title":"sollte direkte Anfrage versuchen (DEV: verwendet Proxy)","duration":4.589707999999973,"failureMessages":[],"meta":{}},{"ancestorTitles":["BBBApiService","fetchWithFallback"],"fullName":"BBBApiService fetchWithFallback sollte CORS-Proxies als Fallback verwenden","status":"passed","title":"sollte CORS-Proxies als Fallback verwenden","duration":0.6691660000000184,"failureMessages":[],"meta":{}},{"ancestorTitles":["BBBApiService","fetchWithFallback"],"fullName":"BBBApiService fetchWithFallback sollte Fehler werfen wenn alle Proxies fehlschlagen","status":"passed","title":"sollte Fehler werfen wenn alle Proxies fehlschlagen","duration":7.396874999999909,"failureMessages":[],"meta":{}},{"ancestorTitles":["BBBApiService","filterLigen"],"fullName":"BBBApiService filterLigen sollte vollständigen Filter mit Defaults erstellen","status":"passed","title":"sollte vollständigen Filter mit Defaults erstellen","duration":0.6502499999999145,"failureMessages":[],"meta":{}},{"ancestorTitles":["BBBApiService","getTabelle"],"fullName":"BBBApiService getTabelle sollte Tabellen-Daten abrufen","status":"passed","title":"sollte Tabellen-Daten abrufen","duration":1.1711669999999685,"failureMessages":[],"meta":{}},{"ancestorTitles":["BBBApiService","getSpielplan"],"fullName":"BBBApiService getSpielplan sollte Spielplan-Daten abrufen","status":"passed","title":"sollte Spielplan-Daten abrufen","duration":0.97199999999998,"failureMessages":[],"meta":{}},{"ancestorTitles":["BBBApiService","getMatchInfo"],"fullName":"BBBApiService getMatchInfo sollte Match-Info-Daten abrufen","status":"passed","title":"sollte Match-Info-Daten abrufen","duration":0.46050000000002456,"failureMessages":[],"meta":{}},{"ancestorTitles":["BBBApiService","batchProcess"],"fullName":"BBBApiService batchProcess sollte Items in Batches verarbeiten","status":"passed","title":"sollte Items in Batches verarbeiten","duration":3.3324159999999665,"failureMessages":[],"meta":{}},{"ancestorTitles":["BBBApiService","batchProcess"],"fullName":"BBBApiService batchProcess sollte Delay zwischen Batches einhalten","status":"passed","title":"sollte Delay zwischen Batches einhalten","duration":203.62008300000002,"failureMessages":[],"meta":{}},{"ancestorTitles":["BBBApiService","batchProcess"],"fullName":"BBBApiService batchProcess sollte Fehler in Batch-Items propagieren","status":"passed","title":"sollte Fehler in Batch-Items propagieren","duration":0.8109590000000253,"failureMessages":[],"meta":{}},{"ancestorTitles":["BBBApiService","batchProcess"],"fullName":"BBBApiService batchProcess sollte mit leerem Array umgehen können","status":"passed","title":"sollte mit leerem Array umgehen können","duration":0.2799159999999574,"failureMessages":[],"meta":{}},{"ancestorTitles":["BBBApiService","batchProcess"],"fullName":"BBBApiService batchProcess sollte mit großen Batch-Größen umgehen können","status":"passed","title":"sollte mit großen Batch-Größen umgehen können","duration":0.12549999999998818,"failureMessages":[],"meta":{}},{"ancestorTitles":["BBBApiService","CORS Proxy URLs"],"fullName":"BBBApiService CORS Proxy URLs sollte korrekte Proxy-URLs erstellen","status":"passed","title":"sollte korrekte Proxy-URLs erstellen","duration":0.3005829999999605,"failureMessages":[],"meta":{}},{"ancestorTitles":["BBBApiService","validateTabellenEintrag"],"fullName":"BBBApiService validateTabellenEintrag sollte gültigen Eintrag validieren","status":"passed","title":"sollte gültigen Eintrag validieren","duration":0.3612079999999196,"failureMessages":[],"meta":{}},{"ancestorTitles":["BBBApiService","validateTabellenEintrag"],"fullName":"BBBApiService validateTabellenEintrag sollte Einträge mit fehlenden Feldern ablehnen","status":"passed","title":"sollte Einträge mit fehlenden Feldern ablehnen","duration":0.7792080000000396,"failureMessages":[],"meta":{}},{"ancestorTitles":["BBBApiService","validateTabellenEintrag"],"fullName":"BBBApiService validateTabellenEintrag sollte Einträge mit falschen Typen ablehnen","status":"passed","title":"sollte Einträge mit falschen Typen ablehnen","duration":0.21854100000007293,"failureMessages":[],"meta":{}},{"ancestorTitles":["BBBApiService","validateTabellenEintrag"],"fullName":"BBBApiService validateTabellenEintrag sollte Plausibilitätsprüfungen durchführen","status":"passed","title":"sollte Plausibilitätsprüfungen durchführen","duration":0.559708999999998,"failureMessages":[],"meta":{}},{"ancestorTitles":["BBBApiService","validateTabellenEintrag"],"fullName":"BBBApiService validateTabellenEintrag sollte falsche Punktedifferenz erkennen","status":"passed","title":"sollte falsche Punktedifferenz erkennen","duration":0.5736670000000004,"failureMessages":[],"meta":{}},{"ancestorTitles":["BBBApiService","validateTabellenEintrag"],"fullName":"BBBApiService validateTabellenEintrag sollte negative Werte ablehnen","status":"passed","title":"sollte negative Werte ablehnen","duration":0.17050000000006094,"failureMessages":[],"meta":{}},{"ancestorTitles":["BBBApiService","validateTabellenEintrag"],"fullName":"BBBApiService validateTabellenEintrag sollte leere Team-Namen ablehnen","status":"passed","title":"sollte leere Team-Namen ablehnen","duration":0.1084170000000313,"failureMessages":[],"meta":{}},{"ancestorTitles":["BBBApiService","validateTabellenEintrag"],"fullName":"BBBApiService validateTabellenEintrag sollte null und undefined ablehnen","status":"passed","title":"sollte null und undefined ablehnen","duration":0.07054099999993468,"failureMessages":[],"meta":{}},{"ancestorTitles":["BBBApiService","validateTabellenEintrag"],"fullName":"BBBApiService validateTabellenEintrag sollte Unentschieden korrekt berücksichtigen","status":"passed","title":"sollte Unentschieden korrekt berücksichtigen","duration":0.144333999999958,"failureMessages":[],"meta":{}},{"ancestorTitles":["BBBApiService","extractLigaId"],"fullName":"BBBApiService extractLigaId sollte Liga-ID aus Standard-Parameter extrahieren","status":"passed","title":"sollte Liga-ID aus Standard-Parameter extrahieren","duration":0.16716700000006313,"failureMessages":[],"meta":{}},{"ancestorTitles":["BBBApiService","extractLigaId"],"fullName":"BBBApiService extractLigaId sollte Liga-ID aus alternativer Schreibweise extrahieren","status":"passed","title":"sollte Liga-ID aus alternativer Schreibweise extrahieren","duration":0.12512500000002547,"failureMessages":[],"meta":{}},{"ancestorTitles":["BBBApiService","extractLigaId"],"fullName":"BBBApiService extractLigaId sollte Liga-ID aus REST API URL extrahieren","status":"passed","title":"sollte Liga-ID aus REST API URL extrahieren","duration":0.17629099999999198,"failureMessages":[],"meta":{}},{"ancestorTitles":["BBBApiService","extractLigaId"],"fullName":"BBBApiService extractLigaId sollte Liga-ID aus komplexer URL mit mehreren Parametern extrahieren","status":"passed","title":"sollte Liga-ID aus komplexer URL mit mehreren Parametern extrahieren","duration":0.08804099999997561,"failureMessages":[],"meta":{}},{"ancestorTitles":["BBBApiService","extractLigaId"],"fullName":"BBBApiService extractLigaId sollte null zurückgeben wenn keine Liga-ID gefunden","status":"passed","title":"sollte null zurückgeben wenn keine Liga-ID gefunden","duration":0.4950420000000122,"failureMessages":[],"meta":{}},{"ancestorTitles":["BBBApiService","extractLigaId"],"fullName":"BBBApiService extractLigaId sollte ungültige Liga-IDs ablehnen","status":"passed","title":"sollte ungültige Liga-IDs ablehnen","duration":0.16845899999998437,"failureMessages":[],"meta":{}},{"ancestorTitles":["BBBApiService","extractLigaId"],"fullName":"BBBApiService extractLigaId sollte mit ungültigen URLs umgehen können","status":"passed","title":"sollte mit ungültigen URLs umgehen können","duration":0.13279199999999491,"failureMessages":[],"meta":{}},{"ancestorTitles":["BBBApiService","getSpielerDetails"],"fullName":"BBBApiService getSpielerDetails sollte Spieler-Details abrufen","status":"passed","title":"sollte Spieler-Details abrufen","duration":0.4047920000000431,"failureMessages":[],"meta":{}},{"ancestorTitles":["BBBApiService","getSpielerDetails"],"fullName":"BBBApiService getSpielerDetails sollte mit fehlenden optionalen Feldern umgehen","status":"passed","title":"sollte mit fehlenden optionalen Feldern umgehen","duration":0.19262500000002092,"failureMessages":[],"meta":{}},{"ancestorTitles":["BBBApiService","getSpielerDetails"],"fullName":"BBBApiService getSpielerDetails sollte Fehler bei ungültiger Spieler-ID werfen","status":"passed","title":"sollte Fehler bei ungültiger Spieler-ID werfen","duration":0.31308400000000347,"failureMessages":[],"meta":{}},{"ancestorTitles":["BBBApiService","getSpielerDetails"],"fullName":"BBBApiService getSpielerDetails sollte Fehler bei nicht gefundenem Spieler behandeln","status":"passed","title":"sollte Fehler bei nicht gefundenem Spieler behandeln","duration":3.1621249999999463,"failureMessages":[],"meta":{}},{"ancestorTitles":["BBBApiService","Error Handling"],"fullName":"BBBApiService Error Handling sollte Netzwerkfehler behandeln","status":"passed","title":"sollte Netzwerkfehler behandeln","duration":3.584541999999942,"failureMessages":[],"meta":{}},{"ancestorTitles":["BBBApiService","Error Handling"],"fullName":"BBBApiService Error Handling sollte Timeout behandeln","status":"passed","title":"sollte Timeout behandeln","duration":1.9330420000000004,"failureMessages":[],"meta":{}},{"ancestorTitles":["BBBApiService","Error Handling"],"fullName":"BBBApiService Error Handling sollte ungültige JSON-Antworten behandeln","status":"passed","title":"sollte ungültige JSON-Antworten behandeln","duration":0.44279199999994034,"failureMessages":[],"meta":{}}],"startTime":1761555148797,"endTime":1761555149036.4429,"status":"passed","message":"","name":"/Users/oliver-marcuseder/Documents/00-Privat/Basketball-Apps/basketball-app/src/domains/bbb-api/services/__tests__/BBBApiService.test.ts"},{"assertionResults":[{"ancestorTitles":["BBBSyncService Integration Tests","Real API Response Handling"],"fullName":"BBBSyncService Integration Tests Real API Response Handling sollte echte API-Antwortstrukturen korrekt verarbeiten","status":"failed","title":"sollte echte API-Antwortstrukturen korrekt verarbeiten","duration":64.53862500000014,"failureMessages":["AssertionError: expected [] to have a length of 1 but got +0\n    at Proxy.<anonymous> (file:///Users/oliver-marcuseder/Documents/00-Privat/Basketball-Apps/basketball-app/node_modules/@vitest/expect/dist/index.js:1257:20)\n    at Proxy.<anonymous> (file:///Users/oliver-marcuseder/Documents/00-Privat/Basketball-Apps/basketball-app/node_modules/@vitest/expect/dist/index.js:1029:14)\n    at Proxy.methodWrapper (file:///Users/oliver-marcuseder/Documents/00-Privat/Basketball-Apps/basketball-app/node_modules/chai/index.js:1686:25)\n    at /Users/oliver-marcuseder/Documents/00-Privat/Basketball-Apps/basketball-app/src/domains/bbb-api/services/__tests__/BBBSyncService.integration.test.ts:130:22\n    at runNextTicks (node:internal/process/task_queues:60:5)\n    at processImmediate (node:internal/timers:454:9)\n    at file:///Users/oliver-marcuseder/Documents/00-Privat/Basketball-Apps/basketball-app/node_modules/@vitest/runner/dist/chunk-hooks.js:752:20"],"meta":{}},{"ancestorTitles":["BBBSyncService Integration Tests","Real API Response Handling"],"fullName":"BBBSyncService Integration Tests Real API Response Handling sollte CORS-Proxy-Fallback verwenden","status":"passed","title":"sollte CORS-Proxy-Fallback verwenden","duration":13.206707999999935,"failureMessages":[],"meta":{}},{"ancestorTitles":["BBBSyncService Integration Tests","Real API Response Handling"],"fullName":"BBBSyncService Integration Tests Real API Response Handling sollte Rate-Limiting respektieren","status":"passed","title":"sollte Rate-Limiting respektieren","duration":208.1640829999999,"failureMessages":[],"meta":{}},{"ancestorTitles":["BBBSyncService Integration Tests","Error Recovery"],"fullName":"BBBSyncService Integration Tests Error Recovery sollte partielle Fehler tolerieren","status":"passed","title":"sollte partielle Fehler tolerieren","duration":35.36395799999991,"failureMessages":[],"meta":{}},{"ancestorTitles":["BBBSyncService Integration Tests","Error Recovery"],"fullName":"BBBSyncService Integration Tests Error Recovery sollte bei Netzwerkfehlern alle Proxies durchprobieren","status":"passed","title":"sollte bei Netzwerkfehlern alle Proxies durchprobieren","duration":23.345167000000174,"failureMessages":[],"meta":{}},{"ancestorTitles":["BBBSyncService Integration Tests","Data Consistency"],"fullName":"BBBSyncService Integration Tests Data Consistency sollte Duplikate vermeiden","status":"passed","title":"sollte Duplikate vermeiden","duration":41.76070800000002,"failureMessages":[],"meta":{}},{"ancestorTitles":["BBBSyncService Integration Tests","Data Consistency"],"fullName":"BBBSyncService Integration Tests Data Consistency sollte Team-Typ korrekt setzen","status":"passed","title":"sollte Team-Typ korrekt setzen","duration":21.71908399999984,"failureMessages":[],"meta":{}},{"ancestorTitles":["BBBSyncService Integration Tests","WAM Filter Integration"],"fullName":"BBBSyncService Integration Tests WAM Filter Integration sollte Filter-Anfragen korrekt aufbauen","status":"passed","title":"sollte Filter-Anfragen korrekt aufbauen","duration":9.983457999999928,"failureMessages":[],"meta":{}}],"startTime":1761555147325,"endTime":1761555147743.9834,"status":"failed","message":"","name":"/Users/oliver-marcuseder/Documents/00-Privat/Basketball-Apps/basketball-app/src/domains/bbb-api/services/__tests__/BBBSyncService.integration.test.ts"},{"assertionResults":[{"ancestorTitles":["BBBSyncService PACT Tests v16","Liga Sync Contract"],"fullName":"BBBSyncService PACT Tests v16 Liga Sync Contract sollte Tabellen-Daten gemäß Contract abrufen","status":"failed","title":"sollte Tabellen-Daten gemäß Contract abrufen","duration":5014.943459,"failureMessages":["Error: STACK_TRACE_ERROR\n    at task (file:///Users/oliver-marcuseder/Documents/00-Privat/Basketball-Apps/basketball-app/node_modules/@vitest/runner/dist/chunk-hooks.js:638:27)\n    at Object.<anonymous> (file:///Users/oliver-marcuseder/Documents/00-Privat/Basketball-Apps/basketball-app/node_modules/@vitest/runner/dist/chunk-hooks.js:662:16)\n    at Object.<anonymous> (file:///Users/oliver-marcuseder/Documents/00-Privat/Basketball-Apps/basketball-app/node_modules/@vitest/runner/dist/chunk-hooks.js:458:28)\n    at chain (file:///Users/oliver-marcuseder/Documents/00-Privat/Basketball-Apps/basketball-app/node_modules/@vitest/runner/dist/chunk-hooks.js:369:14)\n    at /Users/oliver-marcuseder/Documents/00-Privat/Basketball-Apps/basketball-app/src/domains/bbb-api/services/__tests__/BBBSyncService.pact.test.ts:63:5\n    at file:///Users/oliver-marcuseder/Documents/00-Privat/Basketball-Apps/basketball-app/node_modules/@vitest/runner/dist/chunk-hooks.js:734:40\n    at runWithSuite (file:///Users/oliver-marcuseder/Documents/00-Privat/Basketball-Apps/basketball-app/node_modules/@vitest/runner/dist/chunk-hooks.js:1849:8)\n    at Object.collect (file:///Users/oliver-marcuseder/Documents/00-Privat/Basketball-Apps/basketball-app/node_modules/@vitest/runner/dist/chunk-hooks.js:734:10)\n    at Object.collect (file:///Users/oliver-marcuseder/Documents/00-Privat/Basketball-Apps/basketball-app/node_modules/@vitest/runner/dist/chunk-hooks.js:738:54)\n    at processTicksAndRejections (node:internal/process/task_queues:95:5)\n    at Object.collect (file:///Users/oliver-marcuseder/Documents/00-Privat/Basketball-Apps/basketball-app/node_modules/@vitest/runner/dist/chunk-hooks.js:738:46)\n    at collectTests (file:///Users/oliver-marcuseder/Documents/00-Privat/Basketball-Apps/basketball-app/node_modules/@vitest/runner/dist/chunk-hooks.js:1179:25)\n    at startTests (file:///Users/oliver-marcuseder/Documents/00-Privat/Basketball-Apps/basketball-app/node_modules/@vitest/runner/dist/chunk-hooks.js:1817:17)\n    at file:///Users/oliver-marcuseder/Documents/00-Privat/Basketball-Apps/basketball-app/node_modules/vitest/dist/chunks/runBaseTests.9Ij9_de-.js:117:26\n    at withEnv (file:///Users/oliver-marcuseder/Documents/00-Privat/Basketball-Apps/basketball-app/node_modules/vitest/dist/chunks/runBaseTests.9Ij9_de-.js:84:3)"],"meta":{}},{"ancestorTitles":["BBBSyncService PACT Tests v16","Liga Sync Contract"],"fullName":"BBBSyncService PACT Tests v16 Liga Sync Contract sollte Spielplan-Daten gemäß Contract abrufen","status":"failed","title":"sollte Spielplan-Daten gemäß Contract abrufen","duration":5012.83875,"failureMessages":["Error: STACK_TRACE_ERROR\n    at task (file:///Users/oliver-marcuseder/Documents/00-Privat/Basketball-Apps/basketball-app/node_modules/@vitest/runner/dist/chunk-hooks.js:638:27)\n    at Object.<anonymous> (file:///Users/oliver-marcuseder/Documents/00-Privat/Basketball-Apps/basketball-app/node_modules/@vitest/runner/dist/chunk-hooks.js:662:16)\n    at Object.<anonymous> (file:///Users/oliver-marcuseder/Documents/00-Privat/Basketball-Apps/basketball-app/node_modules/@vitest/runner/dist/chunk-hooks.js:458:28)\n    at chain (file:///Users/oliver-marcuseder/Documents/00-Privat/Basketball-Apps/basketball-app/node_modules/@vitest/runner/dist/chunk-hooks.js:369:14)\n    at /Users/oliver-marcuseder/Documents/00-Privat/Basketball-Apps/basketball-app/src/domains/bbb-api/services/__tests__/BBBSyncService.pact.test.ts:120:5\n    at file:///Users/oliver-marcuseder/Documents/00-Privat/Basketball-Apps/basketball-app/node_modules/@vitest/runner/dist/chunk-hooks.js:734:40\n    at runWithSuite (file:///Users/oliver-marcuseder/Documents/00-Privat/Basketball-Apps/basketball-app/node_modules/@vitest/runner/dist/chunk-hooks.js:1849:8)\n    at Object.collect (file:///Users/oliver-marcuseder/Documents/00-Privat/Basketball-Apps/basketball-app/node_modules/@vitest/runner/dist/chunk-hooks.js:734:10)\n    at Object.collect (file:///Users/oliver-marcuseder/Documents/00-Privat/Basketball-Apps/basketball-app/node_modules/@vitest/runner/dist/chunk-hooks.js:738:54)\n    at processTicksAndRejections (node:internal/process/task_queues:95:5)\n    at Object.collect (file:///Users/oliver-marcuseder/Documents/00-Privat/Basketball-Apps/basketball-app/node_modules/@vitest/runner/dist/chunk-hooks.js:738:46)\n    at collectTests (file:///Users/oliver-marcuseder/Documents/00-Privat/Basketball-Apps/basketball-app/node_modules/@vitest/runner/dist/chunk-hooks.js:1179:25)\n    at startTests (file:///Users/oliver-marcuseder/Documents/00-Privat/Basketball-Apps/basketball-app/node_modules/@vitest/runner/dist/chunk-hooks.js:1817:17)\n    at file:///Users/oliver-marcuseder/Documents/00-Privat/Basketball-Apps/basketball-app/node_modules/vitest/dist/chunks/runBaseTests.9Ij9_de-.js:117:26\n    at withEnv (file:///Users/oliver-marcuseder/Documents/00-Privat/Basketball-Apps/basketball-app/node_modules/vitest/dist/chunks/runBaseTests.9Ij9_de-.js:84:3)"],"meta":{}},{"ancestorTitles":["BBBSyncService PACT Tests v16","Liga Sync Contract"],"fullName":"BBBSyncService PACT Tests v16 Liga Sync Contract sollte Match-Info-Daten gemäß Contract abrufen","status":"failed","title":"sollte Match-Info-Daten gemäß Contract abrufen","duration":5014.364582999999,"failureMessages":["Error: STACK_TRACE_ERROR\n    at task (file:///Users/oliver-marcuseder/Documents/00-Privat/Basketball-Apps/basketball-app/node_modules/@vitest/runner/dist/chunk-hooks.js:638:27)\n    at Object.<anonymous> (file:///Users/oliver-marcuseder/Documents/00-Privat/Basketball-Apps/basketball-app/node_modules/@vitest/runner/dist/chunk-hooks.js:662:16)\n    at Object.<anonymous> (file:///Users/oliver-marcuseder/Documents/00-Privat/Basketball-Apps/basketball-app/node_modules/@vitest/runner/dist/chunk-hooks.js:458:28)\n    at chain (file:///Users/oliver-marcuseder/Documents/00-Privat/Basketball-Apps/basketball-app/node_modules/@vitest/runner/dist/chunk-hooks.js:369:14)\n    at /Users/oliver-marcuseder/Documents/00-Privat/Basketball-Apps/basketball-app/src/domains/bbb-api/services/__tests__/BBBSyncService.pact.test.ts:174:5\n    at file:///Users/oliver-marcuseder/Documents/00-Privat/Basketball-Apps/basketball-app/node_modules/@vitest/runner/dist/chunk-hooks.js:734:40\n    at runWithSuite (file:///Users/oliver-marcuseder/Documents/00-Privat/Basketball-Apps/basketball-app/node_modules/@vitest/runner/dist/chunk-hooks.js:1849:8)\n    at Object.collect (file:///Users/oliver-marcuseder/Documents/00-Privat/Basketball-Apps/basketball-app/node_modules/@vitest/runner/dist/chunk-hooks.js:734:10)\n    at Object.collect (file:///Users/oliver-marcuseder/Documents/00-Privat/Basketball-Apps/basketball-app/node_modules/@vitest/runner/dist/chunk-hooks.js:738:54)\n    at processTicksAndRejections (node:internal/process/task_queues:95:5)\n    at Object.collect (file:///Users/oliver-marcuseder/Documents/00-Privat/Basketball-Apps/basketball-app/node_modules/@vitest/runner/dist/chunk-hooks.js:738:46)\n    at collectTests (file:///Users/oliver-marcuseder/Documents/00-Privat/Basketball-Apps/basketball-app/node_modules/@vitest/runner/dist/chunk-hooks.js:1179:25)\n    at startTests (file:///Users/oliver-marcuseder/Documents/00-Privat/Basketball-Apps/basketball-app/node_modules/@vitest/runner/dist/chunk-hooks.js:1817:17)\n    at file:///Users/oliver-marcuseder/Documents/00-Privat/Basketball-Apps/basketball-app/node_modules/vitest/dist/chunks/runBaseTests.9Ij9_de-.js:117:26\n    at withEnv (file:///Users/oliver-marcuseder/Documents/00-Privat/Basketball-Apps/basketball-app/node_modules/vitest/dist/chunks/runBaseTests.9Ij9_de-.js:84:3)"],"meta":{}},{"ancestorTitles":["BBBSyncService PACT Tests v16","Error Handling Contract"],"fullName":"BBBSyncService PACT Tests v16 Error Handling Contract sollte 404 Fehler korrekt behandeln","status":"failed","title":"sollte 404 Fehler korrekt behandeln","duration":5010.566625000003,"failureMessages":["Error: STACK_TRACE_ERROR\n    at task (file:///Users/oliver-marcuseder/Documents/00-Privat/Basketball-Apps/basketball-app/node_modules/@vitest/runner/dist/chunk-hooks.js:638:27)\n    at Object.<anonymous> (file:///Users/oliver-marcuseder/Documents/00-Privat/Basketball-Apps/basketball-app/node_modules/@vitest/runner/dist/chunk-hooks.js:662:16)\n    at Object.<anonymous> (file:///Users/oliver-marcuseder/Documents/00-Privat/Basketball-Apps/basketball-app/node_modules/@vitest/runner/dist/chunk-hooks.js:458:28)\n    at chain (file:///Users/oliver-marcuseder/Documents/00-Privat/Basketball-Apps/basketball-app/node_modules/@vitest/runner/dist/chunk-hooks.js:369:14)\n    at /Users/oliver-marcuseder/Documents/00-Privat/Basketball-Apps/basketball-app/src/domains/bbb-api/services/__tests__/BBBSyncService.pact.test.ts:232:5\n    at file:///Users/oliver-marcuseder/Documents/00-Privat/Basketball-Apps/basketball-app/node_modules/@vitest/runner/dist/chunk-hooks.js:734:40\n    at runWithSuite (file:///Users/oliver-marcuseder/Documents/00-Privat/Basketball-Apps/basketball-app/node_modules/@vitest/runner/dist/chunk-hooks.js:1849:8)\n    at Object.collect (file:///Users/oliver-marcuseder/Documents/00-Privat/Basketball-Apps/basketball-app/node_modules/@vitest/runner/dist/chunk-hooks.js:734:10)\n    at Object.collect (file:///Users/oliver-marcuseder/Documents/00-Privat/Basketball-Apps/basketball-app/node_modules/@vitest/runner/dist/chunk-hooks.js:738:54)\n    at processTicksAndRejections (node:internal/process/task_queues:95:5)\n    at Object.collect (file:///Users/oliver-marcuseder/Documents/00-Privat/Basketball-Apps/basketball-app/node_modules/@vitest/runner/dist/chunk-hooks.js:738:46)\n    at collectTests (file:///Users/oliver-marcuseder/Documents/00-Privat/Basketball-Apps/basketball-app/node_modules/@vitest/runner/dist/chunk-hooks.js:1179:25)\n    at startTests (file:///Users/oliver-marcuseder/Documents/00-Privat/Basketball-Apps/basketball-app/node_modules/@vitest/runner/dist/chunk-hooks.js:1817:17)\n    at file:///Users/oliver-marcuseder/Documents/00-Privat/Basketball-Apps/basketball-app/node_modules/vitest/dist/chunks/runBaseTests.9Ij9_de-.js:117:26\n    at withEnv (file:///Users/oliver-marcuseder/Documents/00-Privat/Basketball-Apps/basketball-app/node_modules/vitest/dist/chunks/runBaseTests.9Ij9_de-.js:84:3)"],"meta":{}},{"ancestorTitles":["BBBSyncService PACT Tests v16","Error Handling Contract"],"fullName":"BBBSyncService PACT Tests v16 Error Handling Contract sollte Rate-Limiting respektieren","status":"failed","title":"sollte Rate-Limiting respektieren","duration":2275.2426669999986,"failureMessages":["Error: Test failed for the following reasons:\n\n  Mock server failed with the following mismatches:\n\n\t0) The following request was expected but not received: \n\t    Method: GET\n\t    Path: /rest/competition/table/id/12345\n    at PactV3.<anonymous> (/Users/oliver-marcuseder/Documents/00-Privat/Basketball-Apps/basketball-app/node_modules/@pact-foundation/src/v3/pact.ts:224:29)\n    at step (/Users/oliver-marcuseder/Documents/00-Privat/Basketball-Apps/basketball-app/node_modules/@pact-foundation/pact/src/v3/pact.js:33:23)\n    at Object.next (/Users/oliver-marcuseder/Documents/00-Privat/Basketball-Apps/basketball-app/node_modules/@pact-foundation/pact/src/v3/pact.js:14:53)\n    at fulfilled (/Users/oliver-marcuseder/Documents/00-Privat/Basketball-Apps/basketball-app/node_modules/@pact-foundation/pact/src/v3/pact.js:5:58)\n    at processTicksAndRejections (node:internal/process/task_queues:95:5)"],"meta":{}},{"ancestorTitles":["BBBSyncService PACT Tests v16","WAM Filter Contract"],"fullName":"BBBSyncService PACT Tests v16 WAM Filter Contract sollte Liga-Filter gemäß Contract senden","status":"failed","title":"sollte Liga-Filter gemäß Contract senden","duration":2197.415667000001,"failureMessages":["Error: All CORS proxies failed. Last error: [{\"proxy\":\"https://corsproxy.io/?\",\"error\":\"Status 403\"},{\"proxy\":\"https://proxy.cors.sh/\",\"error\":{\"name\":\"NetworkError\"}},{\"proxy\":\"https://cors.bridged.cc/\",\"error\":{\"name\":\"NetworkError\"}},{\"proxy\":\"https://cors-anywhere.herokuapp.com/\",\"error\":\"Status 403\"},{\"proxy\":\"https://thingproxy.freeboard.io/fetch/\",\"error\":{\"name\":\"NetworkError\"}},{\"proxy\":\"https://api.allorigins.win/raw?url=\",\"error\":\"Status 400\"}]\n    at BBBApiService.fetchWithFallback (/Users/oliver-marcuseder/Documents/00-Privat/Basketball-Apps/basketball-app/src/domains/bbb-api/services/BBBApiService.ts:187:11)\n    at processTicksAndRejections (node:internal/process/task_queues:95:5)\n    at BBBApiService.getWamData (/Users/oliver-marcuseder/Documents/00-Privat/Basketball-Apps/basketball-app/src/domains/bbb-api/services/BBBApiService.ts:213:22)\n    at /Users/oliver-marcuseder/Documents/00-Privat/Basketball-Apps/basketball-app/src/domains/bbb-api/services/__tests__/BBBSyncService.pact.test.ts:360:26"],"meta":{}},{"ancestorTitles":["BBBSyncService PACT Tests v16","Full Sync Integration"],"fullName":"BBBSyncService PACT Tests v16 Full Sync Integration sollte komplette Liga synchronisieren","status":"skipped","title":"sollte komplette Liga synchronisieren","failureMessages":[],"meta":{}}],"startTime":1761555147735,"endTime":1761555172260.4158,"status":"failed","message":"","name":"/Users/oliver-marcuseder/Documents/00-Privat/Basketball-Apps/basketball-app/src/domains/bbb-api/services/__tests__/BBBSyncService.pact.test.ts"},{"assertionResults":[{"ancestorTitles":["BBBSyncService","syncLiga"],"fullName":"BBBSyncService syncLiga sollte eine komplette Liga synchronisieren","status":"passed","title":"sollte eine komplette Liga synchronisieren","duration":37.13816700000007,"failureMessages":[],"meta":{}},{"ancestorTitles":["BBBSyncService","syncLiga"],"fullName":"BBBSyncService syncLiga sollte Fehler abfangen und loggen","status":"passed","title":"sollte Fehler abfangen und loggen","duration":14.091333000000077,"failureMessages":[],"meta":{}},{"ancestorTitles":["BBBSyncService","markAsOwnTeam"],"fullName":"BBBSyncService markAsOwnTeam sollte ein Team als \"eigen\" markieren","status":"passed","title":"sollte ein Team als \"eigen\" markieren","duration":12.85570800000005,"failureMessages":[],"meta":{}},{"ancestorTitles":["BBBSyncService","markMultipleAsOwnTeams"],"fullName":"BBBSyncService markMultipleAsOwnTeams sollte mehrere Teams als \"eigen\" markieren","status":"passed","title":"sollte mehrere Teams als \"eigen\" markieren","duration":17.601875000000064,"failureMessages":[],"meta":{}},{"ancestorTitles":["BBBSyncService","syncTabelleAndTeams"],"fullName":"BBBSyncService syncTabelleAndTeams sollte Tabellendaten korrekt speichern","status":"passed","title":"sollte Tabellendaten korrekt speichern","duration":7.80987499999992,"failureMessages":[],"meta":{}},{"ancestorTitles":["BBBSyncService","getLigenForSync"],"fullName":"BBBSyncService getLigenForSync sollte mehrere Ligen nacheinander synchronisieren","status":"passed","title":"sollte mehrere Ligen nacheinander synchronisieren","duration":1521.1136669999999,"failureMessages":[],"meta":{}}],"startTime":1761555147321,"endTime":1761555148932.1138,"status":"passed","message":"","name":"/Users/oliver-marcuseder/Documents/00-Privat/Basketball-Apps/basketball-app/src/domains/bbb-api/services/__tests__/BBBSyncService.test.ts"},{"assertionResults":[{"ancestorTitles":["SpielService Integration Tests","Contract: createSpiel → Database"],"fullName":"SpielService Integration Tests Contract: createSpiel → Database sollte Contract für vollständiges Spiel erfüllen","status":"passed","title":"sollte Contract für vollständiges Spiel erfüllen","duration":37.03483399999993,"failureMessages":[],"meta":{}},{"ancestorTitles":["SpielService Integration Tests","Contract: createSpiel → Database"],"fullName":"SpielService Integration Tests Contract: createSpiel → Database sollte Contract für minimales Spiel erfüllen","status":"passed","title":"sollte Contract für minimales Spiel erfüllen","duration":19.599208999999973,"failureMessages":[],"meta":{}},{"ancestorTitles":["SpielService Integration Tests","Contract: getSpieleByTeam → Database"],"fullName":"SpielService Integration Tests Contract: getSpieleByTeam → Database sollte alle Spiele eines Teams chronologisch sortiert zurückgeben","status":"passed","title":"sollte alle Spiele eines Teams chronologisch sortiert zurückgeben","duration":15.093500000000063,"failureMessages":[],"meta":{}},{"ancestorTitles":["SpielService Integration Tests","Contract: getSpieleByTeam → Database"],"fullName":"SpielService Integration Tests Contract: getSpieleByTeam → Database sollte Filter korrekt an Database weitergeben","status":"passed","title":"sollte Filter korrekt an Database weitergeben","duration":32.81795899999997,"failureMessages":[],"meta":{}},{"ancestorTitles":["SpielService Integration Tests","Contract: getNextSpiel → Database"],"fullName":"SpielService Integration Tests Contract: getNextSpiel → Database sollte das nächste zukünftige Spiel finden","status":"passed","title":"sollte das nächste zukünftige Spiel finden","duration":13.195959000000016,"failureMessages":[],"meta":{}},{"ancestorTitles":["SpielService Integration Tests","Contract: BBB-Integration"],"fullName":"SpielService Integration Tests Contract: BBB-Integration sollte Spiel anhand BBB-Spielnummer finden","status":"passed","title":"sollte Spiel anhand BBB-Spielnummer finden","duration":10.377291000000014,"failureMessages":[],"meta":{}},{"ancestorTitles":["SpielService Integration Tests","Contract: Team-Statistiken"],"fullName":"SpielService Integration Tests Contract: Team-Statistiken sollte Statistiken korrekt berechnen","status":"passed","title":"sollte Statistiken korrekt berechnen","duration":13.976332999999954,"failureMessages":[],"meta":{}},{"ancestorTitles":["SpielService Integration Tests","Contract: Concurrent Operations"],"fullName":"SpielService Integration Tests Contract: Concurrent Operations sollte gleichzeitige Operationen korrekt verarbeiten","status":"passed","title":"sollte gleichzeitige Operationen korrekt verarbeiten","duration":21.997083999999973,"failureMessages":[],"meta":{}},{"ancestorTitles":["SpielService Integration Tests","Contract: Data Integrity"],"fullName":"SpielService Integration Tests Contract: Data Integrity sollte Datenintegrität bei komplexen Workflows wahren","status":"passed","title":"sollte Datenintegrität bei komplexen Workflows wahren","duration":21.442790999999943,"failureMessages":[],"meta":{}}],"startTime":1761555149628,"endTime":1761555149813.4429,"status":"passed","message":"","name":"/Users/oliver-marcuseder/Documents/00-Privat/Basketball-Apps/basketball-app/src/domains/spielplan/services/SpielService.integration.test.ts"},{"assertionResults":[{"ancestorTitles":["SpielService","createSpiel"],"fullName":"SpielService createSpiel sollte ein Heimspiel erfolgreich erstellen","status":"passed","title":"sollte ein Heimspiel erfolgreich erstellen","duration":28.104041999999936,"failureMessages":[],"meta":{}},{"ancestorTitles":["SpielService","createSpiel"],"fullName":"SpielService createSpiel sollte ein Auswärtsspiel erstellen können","status":"passed","title":"sollte ein Auswärtsspiel erstellen können","duration":12.717708000000016,"failureMessages":[],"meta":{}},{"ancestorTitles":["SpielService","createSpiel"],"fullName":"SpielService createSpiel sollte Validierungsfehler bei fehlenden Pflichtfeldern werfen","status":"passed","title":"sollte Validierungsfehler bei fehlenden Pflichtfeldern werfen","duration":13.715791999999965,"failureMessages":[],"meta":{}},{"ancestorTitles":["SpielService","getSpielById"],"fullName":"SpielService getSpielById sollte ein Spiel anhand der ID finden","status":"passed","title":"sollte ein Spiel anhand der ID finden","duration":13.881708000000003,"failureMessages":[],"meta":{}},{"ancestorTitles":["SpielService","getSpielById"],"fullName":"SpielService getSpielById sollte null zurückgeben bei nicht existierender ID","status":"passed","title":"sollte null zurückgeben bei nicht existierender ID","duration":12.494209000000069,"failureMessages":[],"meta":{}},{"ancestorTitles":["SpielService","getSpieleByTeam"],"fullName":"SpielService getSpieleByTeam sollte alle Spiele eines Teams zurückgeben","status":"passed","title":"sollte alle Spiele eines Teams zurückgeben","duration":25.72758399999998,"failureMessages":[],"meta":{}},{"ancestorTitles":["SpielService","getSpieleByTeam"],"fullName":"SpielService getSpieleByTeam sollte nur Heimspiele zurückgeben wenn Filter gesetzt","status":"passed","title":"sollte nur Heimspiele zurückgeben wenn Filter gesetzt","duration":37.64729199999999,"failureMessages":[],"meta":{}},{"ancestorTitles":["SpielService","getSpieleByTeam"],"fullName":"SpielService getSpieleByTeam sollte nach Status filtern","status":"passed","title":"sollte nach Status filtern","duration":52.44041600000003,"failureMessages":[],"meta":{}},{"ancestorTitles":["SpielService","getNextSpiel"],"fullName":"SpielService getNextSpiel sollte das nächste anstehende Spiel zurückgeben","status":"passed","title":"sollte das nächste anstehende Spiel zurückgeben","duration":42.80383299999994,"failureMessages":[],"meta":{}},{"ancestorTitles":["SpielService","getNextSpiel"],"fullName":"SpielService getNextSpiel sollte null zurückgeben wenn keine zukünftigen Spiele","status":"passed","title":"sollte null zurückgeben wenn keine zukünftigen Spiele","duration":10.11262499999998,"failureMessages":[],"meta":{}},{"ancestorTitles":["SpielService","updateSpiel"],"fullName":"SpielService updateSpiel sollte ein Spiel aktualisieren","status":"passed","title":"sollte ein Spiel aktualisieren","duration":14.329458000000045,"failureMessages":[],"meta":{}},{"ancestorTitles":["SpielService","updateSpiel"],"fullName":"SpielService updateSpiel sollte Fehler werfen bei nicht existierender ID","status":"passed","title":"sollte Fehler werfen bei nicht existierender ID","duration":11.385041999999999,"failureMessages":[],"meta":{}},{"ancestorTitles":["SpielService","deleteSpiel"],"fullName":"SpielService deleteSpiel sollte ein Spiel löschen","status":"passed","title":"sollte ein Spiel löschen","duration":16.876375000000053,"failureMessages":[],"meta":{}},{"ancestorTitles":["SpielService","getSpielBySpielNummer"],"fullName":"SpielService getSpielBySpielNummer sollte Spiel anhand der BBB-Spielnummer finden","status":"passed","title":"sollte Spiel anhand der BBB-Spielnummer finden","duration":13.983624999999961,"failureMessages":[],"meta":{}},{"ancestorTitles":["SpielService","getSpielBySpielNummer"],"fullName":"SpielService getSpielBySpielNummer sollte null zurückgeben wenn nicht gefunden","status":"passed","title":"sollte null zurückgeben wenn nicht gefunden","duration":11.016917000000035,"failureMessages":[],"meta":{}},{"ancestorTitles":["SpielService","countSpieleByStatus"],"fullName":"SpielService countSpieleByStatus sollte Spiele nach Status zählen","status":"passe
[...]
s":[],"meta":{}},{"ancestorTitles":["SimplifiedTeamStep","Selection Summary"],"fullName":"SimplifiedTeamStep Selection Summary zeigt Auswahl-Zusammenfassung","status":"passed","title":"zeigt Auswahl-Zusammenfassung","duration":39.68150000000003,"failureMessages":[],"meta":{}},{"ancestorTitles":["SimplifiedTeamStep","Navigation"],"fullName":"SimplifiedTeamStep Navigation Zurück-Button ruft onBack auf","status":"passed","title":"Zurück-Button ruft onBack auf","duration":27.602250000000026,"failureMessages":[],"meta":{}},{"ancestorTitles":["SimplifiedTeamStep","Navigation"],"fullName":"SimplifiedTeamStep Navigation Weiter-Button ist disabled ohne Auswahl","status":"passed","title":"Weiter-Button ist disabled ohne Auswahl","duration":19.14575000000002,"failureMessages":[],"meta":{}},{"ancestorTitles":["SimplifiedTeamStep","Navigation"],"fullName":"SimplifiedTeamStep Navigation Weiter-Button ist enabled mit Auswahl","status":"passed","title":"Weiter-Button ist enabled mit Auswahl","duration":32.84624999999994,"failureMessages":[],"meta":{}},{"ancestorTitles":["SimplifiedTeamStep","Navigation"],"fullName":"SimplifiedTeamStep Navigation Weiter-Button ruft onNext mit ausgewählten Teams","status":"passed","title":"Weiter-Button ruft onNext mit ausgewählten Teams","duration":51.48833300000001,"failureMessages":[],"meta":{}},{"ancestorTitles":["SimplifiedTeamStep","Data Loading"],"fullName":"SimplifiedTeamStep Data Loading lädt Teams mit korrekter clubId","status":"passed","title":"lädt Teams mit korrekter clubId","duration":2.4925419999999576,"failureMessages":[],"meta":{}},{"ancestorTitles":["SimplifiedTeamStep","Accessibility"],"fullName":"SimplifiedTeamStep Accessibility hat korrekte ARIA-Labels","status":"passed","title":"hat korrekte ARIA-Labels","duration":10.45916699999998,"failureMessages":[],"meta":{}}],"startTime":1761555148837,"endTime":1761555149187.4592,"status":"passed","message":"","name":"/Users/oliver-marcuseder/Documents/00-Privat/Basketball-Apps/basketball-app/tests/unit/domains/onboarding/SimplifiedTeamStep.test.tsx"},{"assertionResults":[{"ancestorTitles":["SimplifiedVereinStep","Rendering & Loading States"],"fullName":"SimplifiedVereinStep Rendering & Loading States zeigt Loading-State beim initialen Laden","status":"passed","title":"zeigt Loading-State beim initialen Laden","duration":17.602457999999956,"failureMessages":[],"meta":{}},{"ancestorTitles":["SimplifiedVereinStep","Rendering & Loading States"],"fullName":"SimplifiedVereinStep Rendering & Loading States zeigt Vereinsliste nach erfolgreichem Laden","status":"passed","title":"zeigt Vereinsliste nach erfolgreichem Laden","duration":46.02683400000001,"failureMessages":[],"meta":{}},{"ancestorTitles":["SimplifiedVereinStep","Rendering & Loading States"],"fullName":"SimplifiedVereinStep Rendering & Loading States zeigt Error-State bei Lade-Fehler","status":"passed","title":"zeigt Error-State bei Lade-Fehler","duration":16.618708999999967,"failureMessages":[],"meta":{}},{"ancestorTitles":["SimplifiedVereinStep","Verband-Filter"],"fullName":"SimplifiedVereinStep Verband-Filter zeigt Verband-Dropdown","status":"passed","title":"zeigt Verband-Dropdown","duration":27.428416999999968,"failureMessages":[],"meta":{}},{"ancestorTitles":["SimplifiedVereinStep","Verband-Filter"],"fullName":"SimplifiedVereinStep Verband-Filter filtert Vereine nach Verband","status":"passed","title":"filtert Vereine nach Verband","duration":63.99116700000002,"failureMessages":[],"meta":{}},{"ancestorTitles":["SimplifiedVereinStep","Suche"],"fullName":"SimplifiedVereinStep Suche zeigt Suchfeld","status":"passed","title":"zeigt Suchfeld","duration":7.27800000000002,"failureMessages":[],"meta":{}},{"ancestorTitles":["SimplifiedVereinStep","Suche"],"fullName":"SimplifiedVereinStep Suche filtert Vereine nach Suchbegriff","status":"passed","title":"filtert Vereine nach Suchbegriff","duration":40.86175000000003,"failureMessages":[],"meta":{}},{"ancestorTitles":["SimplifiedVereinStep","Suche"],"fullName":"SimplifiedVereinStep Suche ist case-insensitive","status":"passed","title":"ist case-insensitive","duration":49.49537500000008,"failureMessages":[],"meta":{}},{"ancestorTitles":["SimplifiedVereinStep","Suche"],"fullName":"SimplifiedVereinStep Suche zeigt \"Keine Vereine gefunden\" bei leerem Ergebnis","status":"passed","title":"zeigt \"Keine Vereine gefunden\" bei leerem Ergebnis","duration":150.19383300000004,"failureMessages":[],"meta":{}},{"ancestorTitles":["SimplifiedVereinStep","Vereinsauswahl"],"fullName":"SimplifiedVereinStep Vereinsauswahl erlaubt Auswahl eines Vereins","status":"passed","title":"erlaubt Auswahl eines Vereins","duration":32.4716669999998,"failureMessages":[],"meta":{}},{"ancestorTitles":["SimplifiedVereinStep","Vereinsauswahl"],"fullName":"SimplifiedVereinStep Vereinsauswahl hebt ausgewählten Verein visuell hervor","status":"passed","title":"hebt ausgewählten Verein visuell hervor","duration":15.285249999999905,"failureMessages":[],"meta":{}},{"ancestorTitles":["SimplifiedVereinStep","Navigation"],"fullName":"SimplifiedVereinStep Navigation Zurück-Button ruft onBack auf","status":"passed","title":"Zurück-Button ruft onBack auf","duration":17.243083999999953,"failureMessages":[],"meta":{}},{"ancestorTitles":["SimplifiedVereinStep","Navigation"],"fullName":"SimplifiedVereinStep Navigation Weiter-Button ist disabled ohne Auswahl","status":"passed","title":"Weiter-Button ist disabled ohne Auswahl","duration":7.992707999999993,"failureMessages":[],"meta":{}},{"ancestorTitles":["SimplifiedVereinStep","Navigation"],"fullName":"SimplifiedVereinStep Navigation Weiter-Button ist enabled mit Auswahl","status":"passed","title":"Weiter-Button ist enabled mit Auswahl","duration":22.37587499999995,"failureMessages":[],"meta":{}},{"ancestorTitles":["SimplifiedVereinStep","Navigation"],"fullName":"SimplifiedVereinStep Navigation Weiter-Button ruft onNext mit Verein und ClubId","status":"passed","title":"Weiter-Button ruft onNext mit Verein und ClubId","duration":25.283165999999937,"failureMessages":[],"meta":{}},{"ancestorTitles":["SimplifiedVereinStep","Accessibility"],"fullName":"SimplifiedVereinStep Accessibility hat korrekte ARIA-Labels","status":"passed","title":"hat korrekte ARIA-Labels","duration":11.926832999999988,"failureMessages":[],"meta":{}}],"startTime":1761555148270,"endTime":1761555148822.9268,"status":"passed","message":"","name":"/Users/oliver-marcuseder/Documents/00-Privat/Basketball-Apps/basketball-app/tests/unit/domains/onboarding/SimplifiedVereinStep.test.tsx"},{"assertionResults":[{"ancestorTitles":["ClubDataLoader","loadAllClubs()"],"fullName":"ClubDataLoader loadAllClubs() lädt alle Clubs aus allen Chunks","status":"passed","title":"lädt alle Clubs aus allen Chunks","duration":303.26491699999997,"failureMessages":[],"meta":{}},{"ancestorTitles":["ClubDataLoader","loadAllClubs()"],"fullName":"ClubDataLoader loadAllClubs() sortiert Clubs alphabetisch nach Name","status":"passed","title":"sortiert Clubs alphabetisch nach Name","duration":65.92050000000017,"failureMessages":[],"meta":{}},{"ancestorTitles":["ClubDataLoader","loadAllClubs()"],"fullName":"ClubDataLoader loadAllClubs() cached Ergebnisse beim zweiten Aufruf","status":"passed","title":"cached Ergebnisse beim zweiten Aufruf","duration":7.119459000000006,"failureMessages":[],"meta":{}},{"ancestorTitles":["ClubDataLoader","loadAllClubs()"],"fullName":"ClubDataLoader loadAllClubs() setzt Verein-Daten korrekt","status":"passed","title":"setzt Verein-Daten korrekt","duration":14.498707999999851,"failureMessages":[],"meta":{}},{"ancestorTitles":["ClubDataLoader","searchClubs()"],"fullName":"ClubDataLoader searchClubs() findet Clubs nach Namen","status":"passed","title":"findet Clubs nach Namen","duration":9.244457999999895,"failureMessages":[],"meta":{}},{"ancestorTitles":["ClubDataLoader","searchClubs()"],"fullName":"ClubDataLoader searchClubs() ist case-insensitive","status":"passed","title":"ist case-insensitive","duration":11.506708000000117,"failureMessages":[],"meta":{}},{"ancestorTitles":["ClubDataLoader","searchClubs()"],"fullName":"ClubDataLoader searchClubs() gibt alle Clubs zurück bei leerem Query","status":"passed","title":"gibt alle Clubs zurück bei leerem Query","duration":12.595291000000088,"failureMessages":[],"meta":{}},{"ancestorTitles":["ClubDataLoader","searchClubs()"],"fullName":"ClubDataLoader searchClubs() gibt leeres Array bei nicht gefundenem Club","status":"passed","title":"gibt leeres Array bei nicht gefundenem Club","duration":9.68708300000003,"failureMessages":[],"meta":{}},{"ancestorTitles":["ClubDataLoader","searchClubs()"],"fullName":"ClubDataLoader searchClubs() findet Clubs mit Teilstring","status":"passed","title":"findet Clubs mit Teilstring","duration":6.995416999999861,"failureMessages":[],"meta":{}},{"ancestorTitles":["ClubDataLoader","filterByVerband()"],"fullName":"ClubDataLoader filterByVerband() filtert Clubs nach Verband-ID","status":"passed","title":"filtert Clubs nach Verband-ID","duration":7.926124999999956,"failureMessages":[],"meta":{}},{"ancestorTitles":["ClubDataLoader","filterByVerband()"],"fullName":"ClubDataLoader filterByVerband() gibt alle Clubs zurück bei null","status":"passed","title":"gibt alle Clubs zurück bei null","duration":7.247500000000173,"failureMessages":[],"meta":{}},{"ancestorTitles":["ClubDataLoader","filterByVerband()"],"fullName":"ClubDataLoader filterByVerband() gibt leeres Array bei Verband ohne Clubs","status":"passed","title":"gibt leeres Array bei Verband ohne Clubs","duration":7.4067079999999805,"failureMessages":[],"meta":{}},{"ancestorTitles":["ClubDataLoader","searchAndFilter()"],"fullName":"ClubDataLoader searchAndFilter() kombiniert Suche und Verband-Filter","status":"passed","title":"kombiniert Suche und Verband-Filter","duration":9.416541999999936,"failureMessages":[],"meta":{}},{"ancestorTitles":["ClubDataLoader","searchAndFilter()"],"fullName":"ClubDataLoader searchAndFilter() findet nichts bei inkompatiblen Filtern","status":"passed","title":"findet nichts bei inkompatiblen Filtern","duration":10.383207999999968,"failureMessages":[],"meta":{}},{"ancestorTitles":["ClubDataLoader","searchAndFilter()"],"fullName":"ClubDataLoader searchAndFilter() funktioniert nur mit Suche","status":"passed","title":"funktioniert nur mit Suche","duration":15.24629200000004,"failureMessages":[],"meta":{}},{"ancestorTitles":["ClubDataLoader","searchAndFilter()"],"fullName":"ClubDataLoader searchAndFilter() funktioniert nur mit Filter","status":"passed","title":"funktioniert nur mit Filter","duration":7.7057089999998425,"failureMessages":[],"meta":{}},{"ancestorTitles":["ClubDataLoader","loadTeamsForClub()"],"fullName":"ClubDataLoader loadTeamsForClub() lädt Teams für einen existierenden Club","status":"passed","title":"lädt Teams für einen existierenden Club","duration":8.685249999999996,"failureMessages":[],"meta":{}},{"ancestorTitles":["ClubDataLoader","loadTeamsForClub()"],"fullName":"ClubDataLoader loadTeamsForClub() gibt leeres Array für nicht-existierenden Club","status":"passed","title":"gibt leeres Array für nicht-existierenden Club","duration":0.4763749999999618,"failureMessages":[],"meta":{}},{"ancestorTitles":["ClubDataLoader","loadTeamsForClub()"],"fullName":"ClubDataLoader loadTeamsForClub() setzt Team-Daten korrekt wenn Teams vorhanden","status":"passed","title":"setzt Team-Daten korrekt wenn Teams vorhanden","duration":8.911417000000029,"failureMessages":[],"meta":{}},{"ancestorTitles":["ClubDataLoader","getMetadata()"],"fullName":"ClubDataLoader getMetadata() gibt Metadaten zurück","status":"passed","title":"gibt Metadaten zurück","duration":0.11670800000001691,"failureMessages":[],"meta":{}},{"ancestorTitles":["ClubDataLoader","clearCache()"],"fullName":"ClubDataLoader clearCache() leert den Cache","status":"passed","title":"leert den Cache","duration":19.759250000000065,"failureMessages":[],"meta":{}},{"ancestorTitles":["ClubDataLoader","Performance & Edge Cases"],"fullName":"ClubDataLoader Performance & Edge Cases lädt mehrere Clubs gleichzeitig ohne Race Conditions","status":"passed","title":"lädt mehrere Clubs gleichzeitig ohne Race Conditions","duration":7.843375000000151,"failureMessages":[],"meta":{}},{"ancestorTitles":["ClubDataLoader","Performance & Edge Cases"],"fullName":"ClubDataLoader Performance & Edge Cases handled UTF-8 Sonderzeichen in Namen","status":"passed","title":"handled UTF-8 Sonderzeichen in Namen","duration":7.570957999999791,"failureMessages":[],"meta":{}},{"ancestorTitles":["ClubDataLoader","Performance & Edge Cases"],"fullName":"ClubDataLoader Performance & Edge Cases trimmed Whitespace in Suchanfragen","status":"passed","title":"trimmed Whitespace in Suchanfragen","duration":7.480332999999973,"failureMessages":[],"meta":{}},{"ancestorTitles":["ClubDataLoader","Data Integrity"],"fullName":"ClubDataLoader Data Integrity alle Clubs haben valide Datenstruktur","status":"passed","title":"alle Clubs haben valide Datenstruktur","duration":114.435833,"failureMessages":[],"meta":{}},{"ancestorTitles":["ClubDataLoader","Data Integrity"],"fullName":"ClubDataLoader Data Integrity keine Duplikate in der Club-Liste","status":"passed","title":"keine Duplikate in der Club-Liste","duration":6.416874999999891,"failureMessages":[],"meta":{}},{"ancestorTitles":["ClubDataLoader","Data Integrity"],"fullName":"ClubDataLoader Data Integrity keine leeren Verband-Arrays","status":"passed","title":"keine leeren Verband-Arrays","duration":21.522624999999834,"failureMessages":[],"meta":{}}],"startTime":1761555147352,"endTime":1761555148062.5227,"status":"passed","message":"","name":"/Users/oliver-marcuseder/Documents/00-Privat/Basketball-Apps/basketball-app/tests/unit/shared/services/ClubDataLoader.test.ts"},{"assertionResults":[{"ancestorTitles":["VerbandStep","Rendering"],"fullName":"VerbandStep Rendering sollte Überschrift und Beschreibung anzeigen","status":"passed","title":"sollte Überschrift und Beschreibung anzeigen","duration":41.80216699999983,"failureMessages":[],"meta":{}},{"ancestorTitles":["VerbandStep","Rendering"],"fullName":"VerbandStep Rendering sollte alle 16 Landesverbände anzeigen","status":"passed","title":"sollte alle 16 Landesverbände anzeigen","duration":35.761708,"failureMessages":[],"meta":{}},{"ancestorTitles":["VerbandStep","Rendering"],"fullName":"VerbandStep Rendering sollte Info-Box für Mini-Basketball anzeigen","status":"passed","title":"sollte Info-Box für Mini-Basketball anzeigen","duration":33.63099999999986,"failureMessages":[],"meta":{}},{"ancestorTitles":["VerbandStep","Rendering"],"fullName":"VerbandStep Rendering sollte Zurück- und Weiter-Buttons anzeigen","status":"passed","title":"sollte Zurück- und Weiter-Buttons anzeigen","duration":33.89337499999988,"failureMessages":[],"meta":{}},{"ancestorTitles":["VerbandStep","Interaktion"],"fullName":"VerbandStep Interaktion sollte KEINE Vorauswahl haben (DEFAULT_VERBAND_ID = null)","status":"passed","title":"sollte KEINE Vorauswahl haben (DEFAULT_VERBAND_ID = null)","duration":38.982708,"failureMessages":[],"meta":{}},{"ancestorTitles":["VerbandStep","Interaktion"],"fullName":"VerbandStep Interaktion sollte Weiter-Button initial disabled sein","status":"passed","title":"sollte Weiter-Button initial disabled sein","duration":14.58416699999998,"failureMessages":[],"meta":{}},{"ancestorTitles":["VerbandStep","Interaktion"],"fullName":"VerbandStep Interaktion sollte Verband auswählen können","status":"passed","title":"sollte Verband auswählen können","duration":40.173542,"failureMessages":[],"meta":{}},{"ancestorTitles":["VerbandStep","Interaktion"],"fullName":"VerbandStep Interaktion sollte Weiter-Button nach Auswahl aktivieren","status":"passed","title":"sollte Weiter-Button nach Auswahl aktivieren","duration":30.76883299999986,"failureMessages":[],"meta":{}},{"ancestorTitles":["VerbandStep","Interaktion"],"fullName":"VerbandStep Interaktion sollte onNext mit ausgewählter Verbands-ID aufrufen","status":"passed","title":"sollte onNext mit ausgewählter Verbands-ID aufrufen","duration":50.96354199999996,"failureMessages":[],"meta":{}},{"ancestorTitles":["VerbandStep","Interaktion"],"fullName":"VerbandStep Interaktion sollte onBack beim Zurück-Button aufrufen","status":"passed","title":"sollte onBack beim Zurück-Button aufrufen","duration":29.163667000000032,"failureMessages":[],"meta":{}},{"ancestorTitles":["VerbandStep","Interaktion"],"fullName":"VerbandStep Interaktion sollte initialSelection vorauswählen","status":"passed","title":"sollte initialSelection vorauswählen","duration":17.43012500000009,"failureMessages":[],"meta":{}},{"ancestorTitles":["VerbandStep","Interaktion"],"fullName":"VerbandStep Interaktion sollte nur einen Verband gleichzeitig auswählen können","status":"passed","title":"sollte nur einen Verband gleichzeitig auswählen können","duration":36.996667000000116,"failureMessages":[],"meta":{}},{"ancestorTitles":["VerbandStep","Überregionale Verbände"],"fullName":"VerbandStep Überregionale Verbände sollte Details-Element für überregionale Verbände haben","status":"passed","title":"sollte Details-Element für überregionale Verbände haben","duration":11.950207999999975,"failureMessages":[],"meta":{}},{"ancestorTitles":["VerbandStep","Überregionale Verbände"],"fullName":"VerbandStep Überregionale Verbände sollte überregionale Verbände beim Aufklappen zeigen","status":"passed","title":"sollte überregionale Verbände beim Aufklappen zeigen","duration":30.17266699999982,"failureMessages":[],"meta":{}},{"ancestorTitles":["VerbandStep","Accessibility (WCAG 2.0 AA)"],"fullName":"VerbandStep Accessibility (WCAG 2.0 AA) sollte keine axe-core Violations haben","status":"passed","title":"sollte keine axe-core Violations haben","duration":85.81166699999994,"failureMessages":[],"meta":{}},{"ancestorTitles":["VerbandStep","Accessibility (WCAG 2.0 AA)"],"fullName":"VerbandStep Accessibility (WCAG 2.0 AA) sollte accessible Labels für alle Radio-Buttons haben","status":"passed","title":"sollte accessible Labels für alle Radio-Buttons haben","duration":18.585416000000123,"failureMessages":[],"meta":{}},{"ancestorTitles":["VerbandStep","Accessibility (WCAG 2.0 AA)"],"fullName":"VerbandStep Accessibility (WCAG 2.0 AA) sollte disabled Button korrekt kennzeichnen","status":"passed","title":"sollte disabled Button korrekt kennzeichnen","duration":21.746458000000075,"failureMessages":[],"meta":{}},{"ancestorTitles":["VerbandStep","Accessibility (WCAG 2.0 AA)"],"fullName":"VerbandStep Accessibility (WCAG 2.0 AA) sollte Keyboard-Navigation unterstützen","status":"passed","title":"sollte Keyboard-Navigation unterstützen","duration":32.96575000000007,"failureMessages":[],"meta":{}},{"ancestorTitles":["VerbandStep","Accessibility (WCAG 2.0 AA)"],"fullName":"VerbandStep Accessibility (WCAG 2.0 AA) sollte Focus-Styles haben","status":"passed","title":"sollte Focus-Styles haben","duration":11.714874999999893,"failureMessages":[],"meta":{}},{"ancestorTitles":["VerbandStep","Edge Cases"],"fullName":"VerbandStep Edge Cases sollte mit undefined initialSelection umgehen","status":"passed","title":"sollte mit undefined initialSelection umgehen","duration":16.080249999999978,"failureMessages":[],"meta":{}},{"ancestorTitles":["VerbandStep","Edge Cases"],"fullName":"VerbandStep Edge Cases sollte mit null initialSelection umgehen","status":"passed","title":"sollte mit null initialSelection umgehen","duration":11.85716699999989,"failureMessages":[],"meta":{}},{"ancestorTitles":["VerbandStep","Edge Cases"],"fullName":"VerbandStep Edge Cases sollte Form-Submit verhindern (preventDefault)","status":"passed","title":"sollte Form-Submit verhindern (preventDefault)","duration":40.268417,"failureMessages":[],"meta":{}}],"startTime":1761555147555,"endTime":1761555148242.2683,"status":"passed","message":"","name":"/Users/oliver-marcuseder/Documents/00-Privat/Basketball-Apps/basketball-app/src/domains/onboarding/archive/2025-10-23-cleanup/v2/__tests__/VerbandStep.test.tsx"}]}